<?xml version="1.0" encoding="UTF-8"?>
<!-- Generated by org.testng.reporters.JUnitXMLReporter -->
<testsuite ignored="11" hostname="MBP-Kamil" failures="0" tests="9" name="JavaCore" time="0.065" errors="0" timestamp="2021-09-05T17:15:49 EDT">
  <testcase classname="lesson9_10_Selenium_PageObjectTests2_BaseTest.BaseTest" name="@BeforeMethod startUp" time="-1.630876549668E9">
    <failure type="org.testng.TestNGException" message="
Parameter &amp;apos;email&amp;apos; is required by BeforeMethod on method startUp but has not been marked @Optional or defined
in /Users/kamilmaratovic/Library/Caches/JetBrains/IdeaIC2021.2/temp-testng-customsuite.xml">
      <![CDATA[org.testng.TestNGException: 
Parameter 'email' is required by BeforeMethod on method startUp but has not been marked @Optional or defined
in /Users/kamilmaratovic/Library/Caches/JetBrains/IdeaIC2021.2/temp-testng-customsuite.xml
at java.base/java.util.ArrayList.forEach(ArrayList.java:1511)
at com.intellij.rt.testng.IDEARemoteTestNG.run(IDEARemoteTestNG.java:66)
at com.intellij.rt.testng.RemoteTestNGStarter.main(RemoteTestNGStarter.java:109)
... Removed 25 stack frames]]>
    </failure>
  </testcase> <!-- @BeforeMethod startUp -->
  <testcase classname="lesson9_10_Selenium_PageObjectTests2_BaseTest.BaseTest" name="@AfterMethod tearDown" time="-1.630876549686E9">
    <skipped/>
  </testcase> <!-- @AfterMethod tearDown -->
  <testcase classname="lesson9_10_Selenium_PageObjectTests2_BaseTest.BaseTest" name="@BeforeMethod startUp" time="-1.630876549687E9">
    <skipped/>
  </testcase> <!-- @BeforeMethod startUp -->
  <testcase classname="lesson9_10_Selenium_PageObjectTests2_BaseTest.BaseTest" name="@AfterMethod tearDown" time="-1.630876549688E9">
    <skipped/>
  </testcase> <!-- @AfterMethod tearDown -->
  <testcase classname="lesson9_10_Selenium_PageObjectTests2_BaseTest.BaseTest" name="@BeforeMethod startUp" time="-1.630876549689E9">
    <skipped/>
  </testcase> <!-- @BeforeMethod startUp -->
  <testcase classname="lesson9_10_Selenium_PageObjectTests2_BaseTest.BaseTest" name="@AfterMethod tearDown" time="-1.63087654969E9">
    <skipped/>
  </testcase> <!-- @AfterMethod tearDown -->
  <testcase classname="lesson9_10_Selenium_PageObjectTests2_BaseTest.BaseTest" name="@BeforeMethod startUp" time="-1.630876549693E9">
    <failure type="org.testng.TestNGException" message="
Parameter &amp;apos;email&amp;apos; is required by BeforeMethod on method startUp but has not been marked @Optional or defined
in /Users/kamilmaratovic/Library/Caches/JetBrains/IdeaIC2021.2/temp-testng-customsuite.xml">
      <![CDATA[org.testng.TestNGException: 
Parameter 'email' is required by BeforeMethod on method startUp but has not been marked @Optional or defined
in /Users/kamilmaratovic/Library/Caches/JetBrains/IdeaIC2021.2/temp-testng-customsuite.xml
at java.base/java.util.ArrayList.forEach(ArrayList.java:1511)
at com.intellij.rt.testng.IDEARemoteTestNG.run(IDEARemoteTestNG.java:66)
at com.intellij.rt.testng.RemoteTestNGStarter.main(RemoteTestNGStarter.java:109)
... Removed 25 stack frames]]>
    </failure>
  </testcase> <!-- @BeforeMethod startUp -->
  <testcase classname="lesson9_10_Selenium_PageObjectTests2_BaseTest.BaseTest" name="@AfterMethod tearDown" time="-1.630876549696E9">
    <skipped/>
  </testcase> <!-- @AfterMethod tearDown -->
  <testcase classname="lesson9_10_Selenium_PageObjectTests2_BaseTest.BaseTest" name="@BeforeMethod startUp" time="-1.630876549697E9">
    <skipped/>
  </testcase> <!-- @BeforeMethod startUp -->
  <testcase classname="lesson9_10_Selenium_PageObjectTests2_BaseTest.BaseTest" name="@AfterMethod tearDown" time="-1.630876549697E9">
    <skipped/>
  </testcase> <!-- @AfterMethod tearDown -->
  <testcase classname="lesson9_10_Selenium_PageObjectTests2_BaseTest.BaseTest" name="@BeforeMethod startUp" time="-1.630876549698E9">
    <skipped/>
  </testcase> <!-- @BeforeMethod startUp -->
  <testcase classname="lesson9_10_Selenium_PageObjectTests2_BaseTest.BaseTest" name="@AfterMethod tearDown" time="-1.630876549699E9">
    <skipped/>
  </testcase> <!-- @AfterMethod tearDown -->
  <testcase classname="lesson9_10_Selenium_PageObjectTests2_BaseTest.BaseTest" name="@BeforeMethod startUp" time="-1.630876549701E9">
    <failure type="org.testng.TestNGException" message="
Parameter &amp;apos;email&amp;apos; is required by BeforeMethod on method startUp but has not been marked @Optional or defined
in /Users/kamilmaratovic/Library/Caches/JetBrains/IdeaIC2021.2/temp-testng-customsuite.xml">
      <![CDATA[org.testng.TestNGException: 
Parameter 'email' is required by BeforeMethod on method startUp but has not been marked @Optional or defined
in /Users/kamilmaratovic/Library/Caches/JetBrains/IdeaIC2021.2/temp-testng-customsuite.xml
at java.base/java.util.ArrayList.forEach(ArrayList.java:1511)
at com.intellij.rt.testng.IDEARemoteTestNG.run(IDEARemoteTestNG.java:66)
at com.intellij.rt.testng.RemoteTestNGStarter.main(RemoteTestNGStarter.java:109)
... Removed 25 stack frames]]>
    </failure>
  </testcase> <!-- @BeforeMethod startUp -->
  <testcase classname="lesson9_10_Selenium_PageObjectTests2_BaseTest.BaseTest" name="@AfterMethod tearDown" time="-1.630876549703E9">
    <skipped/>
  </testcase> <!-- @AfterMethod tearDown -->
  <testcase classname="lesson9_10_Selenium_PageObjectTests2_BaseTest.BaseTest" name="@BeforeMethod startUp" time="-1.630876549704E9">
    <skipped/>
  </testcase> <!-- @BeforeMethod startUp -->
  <testcase classname="lesson9_10_Selenium_PageObjectTests2_BaseTest.BaseTest" name="@AfterMethod tearDown" time="-1.630876549706E9">
    <skipped/>
  </testcase> <!-- @AfterMethod tearDown -->
  <testcase classname="lesson9_10_Selenium_PageObjectTests2_BaseTest.BaseTest" name="@BeforeMethod startUp" time="-1.630876549708E9">
    <skipped/>
  </testcase> <!-- @BeforeMethod startUp -->
  <testcase classname="lesson9_10_Selenium_PageObjectTests2_BaseTest.BaseTest" name="@AfterMethod tearDown" time="-1.630876549708E9">
    <skipped/>
  </testcase> <!-- @AfterMethod tearDown -->
  <testcase classname="lesson9_10_Selenium_PageObjectTests2_BaseTest.LoginTest" name="loginTest_wrongCridentials1" time="0.0">
    <skipped/>
  </testcase> <!-- loginTest_wrongCridentials1 -->
  <testcase classname="lesson9_10_Selenium_PageObjectTests2_BaseTest.LoginTest" name="loginTest_correctCredentials2" time="0.0">
    <skipped/>
  </testcase> <!-- loginTest_correctCredentials2 -->
  <testcase classname="lesson9_10_Selenium_PageObjectTests2_BaseTest.LoginTest" name="loginTest_wrongCridentials2" time="0.0">
    <skipped/>
  </testcase> <!-- loginTest_wrongCridentials2 -->
  <testcase classname="lesson9_10_Selenium_PageObjectTests2_BaseTest.LoginTest_A" name="loginTest_correctCredentialsA" time="0.0">
    <skipped/>
  </testcase> <!-- loginTest_correctCredentialsA -->
  <testcase classname="lesson9_10_Selenium_PageObjectTests2_BaseTest.LoginTest_A" name="loginTest_wrongCridentialsA" time="0.0">
    <skipped/>
  </testcase> <!-- loginTest_wrongCridentialsA -->
  <testcase classname="lesson9_10_Selenium_PageObjectTests2_BaseTest.LoginTest_A" name="loginTest_wrongCridentials1A" time="0.0">
    <skipped/>
  </testcase> <!-- loginTest_wrongCridentials1A -->
  <testcase classname="lesson9_10_Selenium_PageObjectTests2_BaseTest.PlaylistTest" name="playlistTest_createPlayList_playlistCreated" time="0.0">
    <skipped/>
  </testcase> <!-- playlistTest_createPlayList_playlistCreated -->
  <testcase classname="lesson9_10_Selenium_PageObjectTests2_BaseTest.PlaylistTest" name="playlistTest_renamePlaylist_playlistRenamed" time="0.0">
    <skipped/>
  </testcase> <!-- playlistTest_renamePlaylist_playlistRenamed -->
  <testcase classname="lesson9_10_Selenium_PageObjectTests2_BaseTest.PlaylistTest" name="playlistTest_deletePlaylists_playlistDeleted" time="0.0">
    <skipped/>
  </testcase> <!-- playlistTest_deletePlaylists_playlistDeleted -->
  <testcase classname="lesson9_10_Selenium_PageObjectTests2_BaseTest.PlaylistTest" name="songTest_addSongToFavorites_songAdded1" time="0.0">
    <ignored/>
  </testcase> <!-- songTest_addSongToFavorites_songAdded1 -->
  <testcase classname="lesson9_10_Selenium_PageObjectTests2_BaseTest.PlaylistTest" name="songTest_addSongToFavorites_songAdded" time="0.0">
    <ignored/>
  </testcase> <!-- songTest_addSongToFavorites_songAdded -->
  <testcase classname="lesson9_10_Selenium_PageObjectTests2_BaseTest.PlaylistTest" name="playlistTest_deletePlaylists_playlistDeleted1" time="0.0">
    <ignored/>
  </testcase> <!-- playlistTest_deletePlaylists_playlistDeleted1 -->
  <testcase classname="lesson9_10_Selenium_PageObjectTests2_BaseTest.LoginTest_A" name="loginTest_correctCredentials2A" time="0.0">
    <ignored/>
  </testcase> <!-- loginTest_correctCredentials2A -->
  <testcase classname="lesson9_10_Selenium_PageObjectTests2_BaseTest.PlaylistTest" name="playlistTest_renamePlaylist_playlistRenamed1" time="0.0">
    <ignored/>
  </testcase> <!-- playlistTest_renamePlaylist_playlistRenamed1 -->
  <testcase classname="lesson9_10_Selenium_PageObjectTests2_BaseTest.LoginTest_A" name="loginTest_correctCredentials1A" time="0.0">
    <ignored/>
  </testcase> <!-- loginTest_correctCredentials1A -->
  <testcase classname="lesson9_10_Selenium_PageObjectTests2_BaseTest.LoginTest_A" name="loginTest_wrongCridentials2A" time="0.0">
    <ignored/>
  </testcase> <!-- loginTest_wrongCridentials2A -->
  <testcase classname="lesson9_10_Selenium_PageObjectTests2_BaseTest.PlaylistTest" name="playlistTest_createPlayList_playlistCreated1" time="0.0">
    <ignored/>
  </testcase> <!-- playlistTest_createPlayList_playlistCreated1 -->
  <testcase classname="lesson9_10_Selenium_PageObjectTests2_BaseTest.LoginTest" name="loginTest_wrongCridentials" time="0.0">
    <ignored/>
  </testcase> <!-- loginTest_wrongCridentials -->
  <testcase classname="lesson9_10_Selenium_PageObjectTests2_BaseTest.LoginTest" name="loginTest_correctCredentials" time="0.0">
    <ignored/>
  </testcase> <!-- loginTest_correctCredentials -->
  <testcase classname="lesson9_10_Selenium_PageObjectTests2_BaseTest.LoginTest" name="loginTest_correctCredentials1" time="0.0">
    <ignored/>
  </testcase> <!-- loginTest_correctCredentials1 -->
</testsuite> <!-- JavaCore -->
