<html>
<head>
<title>TestNG:  JavaCore</title>
<link href="../testng.css" rel="stylesheet" type="text/css" />
<link href="../my-testng.css" rel="stylesheet" type="text/css" />

<style type="text/css">
.log { display: none;} 
.stack-trace { display: none;} 
</style>
<script type="text/javascript">
<!--
function flip(e) {
  current = e.style.display;
  if (current == 'block') {
    e.style.display = 'none';
    return 0;
  }
  else {
    e.style.display = 'block';
    return 1;
  }
}

function toggleBox(szDivId, elem, msg1, msg2)
{
  var res = -1;  if (document.getElementById) {
    res = flip(document.getElementById(szDivId));
  }
  else if (document.all) {
    // this is the way old msie versions work
    res = flip(document.all[szDivId]);
  }
  if(elem) {
    if(res == 0) elem.innerHTML = msg1; else elem.innerHTML = msg2;
  }

}

function toggleAllBoxes() {
  if (document.getElementsByTagName) {
    d = document.getElementsByTagName('div');
    for (i = 0; i < d.length; i++) {
      if (d[i].className == 'log') {
        flip(d[i]);
      }
    }
  }
}

// -->
</script>

</head>
<body>
<h2 align='center'>JavaCore</h2><table border='1' align="center">
<tr>
<td>Tests passed/Failed/Skipped:</td><td>0/0/9</td>
</tr><tr>
<td>Started on:</td><td>Sun Sep 05 17:15:49 EDT 2021</td>
</tr>
<tr><td>Total time:</td><td>0 seconds (65 ms)</td>
</tr><tr>
<td>Included groups:</td><td></td>
</tr><tr>
<td>Excluded groups:</td><td></td>
</tr>
</table><p/>
<small><i>(Hover the method name to see the test class name)</i></small><p/>
<table width='100%' border='1' class='invocation-failed'>
<tr><td colspan='4' align='center'><b>FAILED CONFIGURATIONS</b></td></tr>
<tr><td><b>Test method</b></td>
<td width="30%"><b>Exception</b></td>
<td width="10%"><b>Time (seconds)</b></td>
<td><b>Instance</b></td>
</tr>
<tr>
<td title='lesson9_10_Selenium_PageObjectTests2_BaseTest.LoginTest.startUp()'><b>startUp</b><br>Test class: lesson9_10_Selenium_PageObjectTests2_BaseTest.LoginTest</td>
<td><div><pre>org.testng.TestNGException: 
Parameter &apos;email&apos; is required by BeforeMethod on method startUp but has not been marked @Optional or defined
in /Users/kamilmaratovic/Library/Caches/JetBrains/IdeaIC2021.2/temp-testng-customsuite.xml
	at java.base/java.util.ArrayList.forEach(ArrayList.java:1511)
	at com.intellij.rt.testng.IDEARemoteTestNG.run(IDEARemoteTestNG.java:66)
	at com.intellij.rt.testng.RemoteTestNGStarter.main(RemoteTestNGStarter.java:109)
... Removed 25 stack frames</pre></div><a href='#' onClick='toggleBox("stack-trace502800944", this, "Click to show all stack frames", "Click to hide stack frames")'>Click to show all stack frames</a>
<div class='stack-trace' id='stack-trace502800944'><pre>org.testng.TestNGException: 
Parameter &apos;email&apos; is required by BeforeMethod on method startUp but has not been marked @Optional or defined
in /Users/kamilmaratovic/Library/Caches/JetBrains/IdeaIC2021.2/temp-testng-customsuite.xml
	at org.testng.internal.Parameters.createParams(Parameters.java:270)
	at org.testng.internal.Parameters.createParametersForMethod(Parameters.java:358)
	at org.testng.internal.Parameters.createParameters(Parameters.java:700)
	at org.testng.internal.Parameters.createConfigurationParameters(Parameters.java:168)
	at org.testng.internal.ConfigInvoker.invokeConfigurations(ConfigInvoker.java:302)
	at org.testng.internal.TestInvoker.runConfigMethods(TestInvoker.java:700)
	at org.testng.internal.TestInvoker.invokeMethod(TestInvoker.java:527)
	at org.testng.internal.TestInvoker.invokeTestMethod(TestInvoker.java:173)
	at org.testng.internal.MethodRunner.runInSequence(MethodRunner.java:46)
	at org.testng.internal.TestInvoker$MethodInvocationAgent.invoke(TestInvoker.java:824)
	at org.testng.internal.TestInvoker.invokeTestMethods(TestInvoker.java:146)
	at org.testng.internal.TestMethodWorker.invokeTestMethods(TestMethodWorker.java:146)
	at org.testng.internal.TestMethodWorker.run(TestMethodWorker.java:128)
	at java.base/java.util.ArrayList.forEach(ArrayList.java:1511)
	at org.testng.TestRunner.privateRun(TestRunner.java:794)
	at org.testng.TestRunner.run(TestRunner.java:596)
	at org.testng.SuiteRunner.runTest(SuiteRunner.java:377)
	at org.testng.SuiteRunner.runSequentially(SuiteRunner.java:371)
	at org.testng.SuiteRunner.privateRun(SuiteRunner.java:332)
	at org.testng.SuiteRunner.run(SuiteRunner.java:276)
	at org.testng.SuiteRunnerWorker.runSuite(SuiteRunnerWorker.java:53)
	at org.testng.SuiteRunnerWorker.run(SuiteRunnerWorker.java:96)
	at org.testng.TestNG.runSuitesSequentially(TestNG.java:1212)
	at org.testng.TestNG.runSuitesLocally(TestNG.java:1134)
	at org.testng.TestNG.runSuites(TestNG.java:1063)
	at org.testng.TestNG.run(TestNG.java:1031)
	at com.intellij.rt.testng.IDEARemoteTestNG.run(IDEARemoteTestNG.java:66)
	at com.intellij.rt.testng.RemoteTestNGStarter.main(RemoteTestNGStarter.java:109)
</pre></div></td>
<td>-1630876549</td>
<td>lesson9_10_Selenium_PageObjectTests2_BaseTest.LoginTest@d6da883</td></tr>
<tr>
<td title='lesson9_10_Selenium_PageObjectTests2_BaseTest.LoginTest_A.startUp()'><b>startUp</b><br>Test class: lesson9_10_Selenium_PageObjectTests2_BaseTest.LoginTest_A</td>
<td><div><pre>org.testng.TestNGException: 
Parameter &apos;email&apos; is required by BeforeMethod on method startUp but has not been marked @Optional or defined
in /Users/kamilmaratovic/Library/Caches/JetBrains/IdeaIC2021.2/temp-testng-customsuite.xml
	at java.base/java.util.ArrayList.forEach(ArrayList.java:1511)
	at com.intellij.rt.testng.IDEARemoteTestNG.run(IDEARemoteTestNG.java:66)
	at com.intellij.rt.testng.RemoteTestNGStarter.main(RemoteTestNGStarter.java:109)
... Removed 25 stack frames</pre></div><a href='#' onClick='toggleBox("stack-trace534906248", this, "Click to show all stack frames", "Click to hide stack frames")'>Click to show all stack frames</a>
<div class='stack-trace' id='stack-trace534906248'><pre>org.testng.TestNGException: 
Parameter &apos;email&apos; is required by BeforeMethod on method startUp but has not been marked @Optional or defined
in /Users/kamilmaratovic/Library/Caches/JetBrains/IdeaIC2021.2/temp-testng-customsuite.xml
	at org.testng.internal.Parameters.createParams(Parameters.java:270)
	at org.testng.internal.Parameters.createParametersForMethod(Parameters.java:358)
	at org.testng.internal.Parameters.createParameters(Parameters.java:700)
	at org.testng.internal.Parameters.createConfigurationParameters(Parameters.java:168)
	at org.testng.internal.ConfigInvoker.invokeConfigurations(ConfigInvoker.java:302)
	at org.testng.internal.TestInvoker.runConfigMethods(TestInvoker.java:700)
	at org.testng.internal.TestInvoker.invokeMethod(TestInvoker.java:527)
	at org.testng.internal.TestInvoker.invokeTestMethod(TestInvoker.java:173)
	at org.testng.internal.MethodRunner.runInSequence(MethodRunner.java:46)
	at org.testng.internal.TestInvoker$MethodInvocationAgent.invoke(TestInvoker.java:824)
	at org.testng.internal.TestInvoker.invokeTestMethods(TestInvoker.java:146)
	at org.testng.internal.TestMethodWorker.invokeTestMethods(TestMethodWorker.java:146)
	at org.testng.internal.TestMethodWorker.run(TestMethodWorker.java:128)
	at java.base/java.util.ArrayList.forEach(ArrayList.java:1511)
	at org.testng.TestRunner.privateRun(TestRunner.java:794)
	at org.testng.TestRunner.run(TestRunner.java:596)
	at org.testng.SuiteRunner.runTest(SuiteRunner.java:377)
	at org.testng.SuiteRunner.runSequentially(SuiteRunner.java:371)
	at org.testng.SuiteRunner.privateRun(SuiteRunner.java:332)
	at org.testng.SuiteRunner.run(SuiteRunner.java:276)
	at org.testng.SuiteRunnerWorker.runSuite(SuiteRunnerWorker.java:53)
	at org.testng.SuiteRunnerWorker.run(SuiteRunnerWorker.java:96)
	at org.testng.TestNG.runSuitesSequentially(TestNG.java:1212)
	at org.testng.TestNG.runSuitesLocally(TestNG.java:1134)
	at org.testng.TestNG.runSuites(TestNG.java:1063)
	at org.testng.TestNG.run(TestNG.java:1031)
	at com.intellij.rt.testng.IDEARemoteTestNG.run(IDEARemoteTestNG.java:66)
	at com.intellij.rt.testng.RemoteTestNGStarter.main(RemoteTestNGStarter.java:109)
</pre></div></td>
<td>-1630876549</td>
<td>lesson9_10_Selenium_PageObjectTests2_BaseTest.LoginTest_A@59717824</td></tr>
<tr>
<td title='lesson9_10_Selenium_PageObjectTests2_BaseTest.PlaylistTest.startUp()'><b>startUp</b><br>Test class: lesson9_10_Selenium_PageObjectTests2_BaseTest.PlaylistTest</td>
<td><div><pre>org.testng.TestNGException: 
Parameter &apos;email&apos; is required by BeforeMethod on method startUp but has not been marked @Optional or defined
in /Users/kamilmaratovic/Library/Caches/JetBrains/IdeaIC2021.2/temp-testng-customsuite.xml
	at java.base/java.util.ArrayList.forEach(ArrayList.java:1511)
	at com.intellij.rt.testng.IDEARemoteTestNG.run(IDEARemoteTestNG.java:66)
	at com.intellij.rt.testng.RemoteTestNGStarter.main(RemoteTestNGStarter.java:109)
... Removed 25 stack frames</pre></div><a href='#' onClick='toggleBox("stack-trace71587369", this, "Click to show all stack frames", "Click to hide stack frames")'>Click to show all stack frames</a>
<div class='stack-trace' id='stack-trace71587369'><pre>org.testng.TestNGException: 
Parameter &apos;email&apos; is required by BeforeMethod on method startUp but has not been marked @Optional or defined
in /Users/kamilmaratovic/Library/Caches/JetBrains/IdeaIC2021.2/temp-testng-customsuite.xml
	at org.testng.internal.Parameters.createParams(Parameters.java:270)
	at org.testng.internal.Parameters.createParametersForMethod(Parameters.java:358)
	at org.testng.internal.Parameters.createParameters(Parameters.java:700)
	at org.testng.internal.Parameters.createConfigurationParameters(Parameters.java:168)
	at org.testng.internal.ConfigInvoker.invokeConfigurations(ConfigInvoker.java:302)
	at org.testng.internal.TestInvoker.runConfigMethods(TestInvoker.java:700)
	at org.testng.internal.TestInvoker.invokeMethod(TestInvoker.java:527)
	at org.testng.internal.TestInvoker.invokeTestMethod(TestInvoker.java:173)
	at org.testng.internal.MethodRunner.runInSequence(MethodRunner.java:46)
	at org.testng.internal.TestInvoker$MethodInvocationAgent.invoke(TestInvoker.java:824)
	at org.testng.internal.TestInvoker.invokeTestMethods(TestInvoker.java:146)
	at org.testng.internal.TestMethodWorker.invokeTestMethods(TestMethodWorker.java:146)
	at org.testng.internal.TestMethodWorker.run(TestMethodWorker.java:128)
	at java.base/java.util.ArrayList.forEach(ArrayList.java:1511)
	at org.testng.TestRunner.privateRun(TestRunner.java:794)
	at org.testng.TestRunner.run(TestRunner.java:596)
	at org.testng.SuiteRunner.runTest(SuiteRunner.java:377)
	at org.testng.SuiteRunner.runSequentially(SuiteRunner.java:371)
	at org.testng.SuiteRunner.privateRun(SuiteRunner.java:332)
	at org.testng.SuiteRunner.run(SuiteRunner.java:276)
	at org.testng.SuiteRunnerWorker.runSuite(SuiteRunnerWorker.java:53)
	at org.testng.SuiteRunnerWorker.run(SuiteRunnerWorker.java:96)
	at org.testng.TestNG.runSuitesSequentially(TestNG.java:1212)
	at org.testng.TestNG.runSuitesLocally(TestNG.java:1134)
	at org.testng.TestNG.runSuites(TestNG.java:1063)
	at org.testng.TestNG.run(TestNG.java:1031)
	at com.intellij.rt.testng.IDEARemoteTestNG.run(IDEARemoteTestNG.java:66)
	at com.intellij.rt.testng.RemoteTestNGStarter.main(RemoteTestNGStarter.java:109)
</pre></div></td>
<td>-1630876549</td>
<td>lesson9_10_Selenium_PageObjectTests2_BaseTest.PlaylistTest@146044d7</td></tr>
</table><p>
<table width='100%' border='1' class='invocation-skipped'>
<tr><td colspan='4' align='center'><b>SKIPPED CONFIGURATIONS</b></td></tr>
<tr><td><b>Test method</b></td>
<td width="30%"><b>Exception</b></td>
<td width="10%"><b>Time (seconds)</b></td>
<td><b>Instance</b></td>
</tr>
<tr>
<td title='lesson9_10_Selenium_PageObjectTests2_BaseTest.LoginTest_A.startUp()'><b>startUp</b><br>Test class: lesson9_10_Selenium_PageObjectTests2_BaseTest.LoginTest_A</td>
<td></td>
<td>-1630876549</td>
<td>lesson9_10_Selenium_PageObjectTests2_BaseTest.LoginTest_A@59717824</td></tr>
<tr>
<td title='lesson9_10_Selenium_PageObjectTests2_BaseTest.LoginTest_A.tearDown()'><b>tearDown</b><br>Test class: lesson9_10_Selenium_PageObjectTests2_BaseTest.LoginTest_A</td>
<td></td>
<td>-1630876549</td>
<td>lesson9_10_Selenium_PageObjectTests2_BaseTest.LoginTest_A@59717824</td></tr>
<tr>
<td title='lesson9_10_Selenium_PageObjectTests2_BaseTest.PlaylistTest.tearDown()'><b>tearDown</b><br>Test class: lesson9_10_Selenium_PageObjectTests2_BaseTest.PlaylistTest</td>
<td></td>
<td>-1630876549</td>
<td>lesson9_10_Selenium_PageObjectTests2_BaseTest.PlaylistTest@146044d7</td></tr>
<tr>
<td title='lesson9_10_Selenium_PageObjectTests2_BaseTest.LoginTest.tearDown()'><b>tearDown</b><br>Test class: lesson9_10_Selenium_PageObjectTests2_BaseTest.LoginTest</td>
<td></td>
<td>-1630876549</td>
<td>lesson9_10_Selenium_PageObjectTests2_BaseTest.LoginTest@d6da883</td></tr>
<tr>
<td title='lesson9_10_Selenium_PageObjectTests2_BaseTest.PlaylistTest.startUp()'><b>startUp</b><br>Test class: lesson9_10_Selenium_PageObjectTests2_BaseTest.PlaylistTest</td>
<td></td>
<td>-1630876549</td>
<td>lesson9_10_Selenium_PageObjectTests2_BaseTest.PlaylistTest@146044d7</td></tr>
<tr>
<td title='lesson9_10_Selenium_PageObjectTests2_BaseTest.PlaylistTest.startUp()'><b>startUp</b><br>Test class: lesson9_10_Selenium_PageObjectTests2_BaseTest.PlaylistTest</td>
<td></td>
<td>-1630876549</td>
<td>lesson9_10_Selenium_PageObjectTests2_BaseTest.PlaylistTest@146044d7</td></tr>
<tr>
<td title='lesson9_10_Selenium_PageObjectTests2_BaseTest.LoginTest.tearDown()'><b>tearDown</b><br>Test class: lesson9_10_Selenium_PageObjectTests2_BaseTest.LoginTest</td>
<td></td>
<td>-1630876549</td>
<td>lesson9_10_Selenium_PageObjectTests2_BaseTest.LoginTest@d6da883</td></tr>
<tr>
<td title='lesson9_10_Selenium_PageObjectTests2_BaseTest.LoginTest.tearDown()'><b>tearDown</b><br>Test class: lesson9_10_Selenium_PageObjectTests2_BaseTest.LoginTest</td>
<td></td>
<td>-1630876549</td>
<td>lesson9_10_Selenium_PageObjectTests2_BaseTest.LoginTest@d6da883</td></tr>
<tr>
<td title='lesson9_10_Selenium_PageObjectTests2_BaseTest.PlaylistTest.tearDown()'><b>tearDown</b><br>Test class: lesson9_10_Selenium_PageObjectTests2_BaseTest.PlaylistTest</td>
<td></td>
<td>-1630876549</td>
<td>lesson9_10_Selenium_PageObjectTests2_BaseTest.PlaylistTest@146044d7</td></tr>
<tr>
<td title='lesson9_10_Selenium_PageObjectTests2_BaseTest.LoginTest.startUp()'><b>startUp</b><br>Test class: lesson9_10_Selenium_PageObjectTests2_BaseTest.LoginTest</td>
<td></td>
<td>-1630876549</td>
<td>lesson9_10_Selenium_PageObjectTests2_BaseTest.LoginTest@d6da883</td></tr>
<tr>
<td title='lesson9_10_Selenium_PageObjectTests2_BaseTest.LoginTest.startUp()'><b>startUp</b><br>Test class: lesson9_10_Selenium_PageObjectTests2_BaseTest.LoginTest</td>
<td></td>
<td>-1630876549</td>
<td>lesson9_10_Selenium_PageObjectTests2_BaseTest.LoginTest@d6da883</td></tr>
<tr>
<td title='lesson9_10_Selenium_PageObjectTests2_BaseTest.LoginTest_A.tearDown()'><b>tearDown</b><br>Test class: lesson9_10_Selenium_PageObjectTests2_BaseTest.LoginTest_A</td>
<td></td>
<td>-1630876549</td>
<td>lesson9_10_Selenium_PageObjectTests2_BaseTest.LoginTest_A@59717824</td></tr>
<tr>
<td title='lesson9_10_Selenium_PageObjectTests2_BaseTest.LoginTest_A.tearDown()'><b>tearDown</b><br>Test class: lesson9_10_Selenium_PageObjectTests2_BaseTest.LoginTest_A</td>
<td></td>
<td>-1630876549</td>
<td>lesson9_10_Selenium_PageObjectTests2_BaseTest.LoginTest_A@59717824</td></tr>
<tr>
<td title='lesson9_10_Selenium_PageObjectTests2_BaseTest.PlaylistTest.tearDown()'><b>tearDown</b><br>Test class: lesson9_10_Selenium_PageObjectTests2_BaseTest.PlaylistTest</td>
<td></td>
<td>-1630876549</td>
<td>lesson9_10_Selenium_PageObjectTests2_BaseTest.PlaylistTest@146044d7</td></tr>
<tr>
<td title='lesson9_10_Selenium_PageObjectTests2_BaseTest.LoginTest_A.startUp()'><b>startUp</b><br>Test class: lesson9_10_Selenium_PageObjectTests2_BaseTest.LoginTest_A</td>
<td></td>
<td>-1630876549</td>
<td>lesson9_10_Selenium_PageObjectTests2_BaseTest.LoginTest_A@59717824</td></tr>
</table><p>
<table width='100%' border='1' class='invocation-skipped'>
<tr><td colspan='4' align='center'><b>SKIPPED TESTS</b></td></tr>
<tr><td><b>Test method</b></td>
<td width="30%"><b>Exception</b></td>
<td width="10%"><b>Time (seconds)</b></td>
<td><b>Instance</b></td>
</tr>
<tr>
<td title='lesson9_10_Selenium_PageObjectTests2_BaseTest.LoginTest_A.loginTest_wrongCridentials1A()'><b>loginTest_wrongCridentials1A</b><br>Test class: lesson9_10_Selenium_PageObjectTests2_BaseTest.LoginTest_A</td>
<td><div><pre>org.testng.TestNGException: 
Parameter &apos;email&apos; is required by BeforeMethod on method startUp but has not been marked @Optional or defined
in /Users/kamilmaratovic/Library/Caches/JetBrains/IdeaIC2021.2/temp-testng-customsuite.xml
	at java.base/java.util.ArrayList.forEach(ArrayList.java:1511)
	at com.intellij.rt.testng.IDEARemoteTestNG.run(IDEARemoteTestNG.java:66)
	at com.intellij.rt.testng.RemoteTestNGStarter.main(RemoteTestNGStarter.java:109)
... Removed 25 stack frames</pre></div><a href='#' onClick='toggleBox("stack-trace815674463", this, "Click to show all stack frames", "Click to hide stack frames")'>Click to show all stack frames</a>
<div class='stack-trace' id='stack-trace815674463'><pre>org.testng.TestNGException: 
Parameter &apos;email&apos; is required by BeforeMethod on method startUp but has not been marked @Optional or defined
in /Users/kamilmaratovic/Library/Caches/JetBrains/IdeaIC2021.2/temp-testng-customsuite.xml
	at org.testng.internal.Parameters.createParams(Parameters.java:270)
	at org.testng.internal.Parameters.createParametersForMethod(Parameters.java:358)
	at org.testng.internal.Parameters.createParameters(Parameters.java:700)
	at org.testng.internal.Parameters.createConfigurationParameters(Parameters.java:168)
	at org.testng.internal.ConfigInvoker.invokeConfigurations(ConfigInvoker.java:302)
	at org.testng.internal.TestInvoker.runConfigMethods(TestInvoker.java:700)
	at org.testng.internal.TestInvoker.invokeMethod(TestInvoker.java:527)
	at org.testng.internal.TestInvoker.invokeTestMethod(TestInvoker.java:173)
	at org.testng.internal.MethodRunner.runInSequence(MethodRunner.java:46)
	at org.testng.internal.TestInvoker$MethodInvocationAgent.invoke(TestInvoker.java:824)
	at org.testng.internal.TestInvoker.invokeTestMethods(TestInvoker.java:146)
	at org.testng.internal.TestMethodWorker.invokeTestMethods(TestMethodWorker.java:146)
	at org.testng.internal.TestMethodWorker.run(TestMethodWorker.java:128)
	at java.base/java.util.ArrayList.forEach(ArrayList.java:1511)
	at org.testng.TestRunner.privateRun(TestRunner.java:794)
	at org.testng.TestRunner.run(TestRunner.java:596)
	at org.testng.SuiteRunner.runTest(SuiteRunner.java:377)
	at org.testng.SuiteRunner.runSequentially(SuiteRunner.java:371)
	at org.testng.SuiteRunner.privateRun(SuiteRunner.java:332)
	at org.testng.SuiteRunner.run(SuiteRunner.java:276)
	at org.testng.SuiteRunnerWorker.runSuite(SuiteRunnerWorker.java:53)
	at org.testng.SuiteRunnerWorker.run(SuiteRunnerWorker.java:96)
	at org.testng.TestNG.runSuitesSequentially(TestNG.java:1212)
	at org.testng.TestNG.runSuitesLocally(TestNG.java:1134)
	at org.testng.TestNG.runSuites(TestNG.java:1063)
	at org.testng.TestNG.run(TestNG.java:1031)
	at com.intellij.rt.testng.IDEARemoteTestNG.run(IDEARemoteTestNG.java:66)
	at com.intellij.rt.testng.RemoteTestNGStarter.main(RemoteTestNGStarter.java:109)
</pre></div></td>
<td>0</td>
<td>lesson9_10_Selenium_PageObjectTests2_BaseTest.LoginTest_A@59717824</td></tr>
<tr>
<td title='lesson9_10_Selenium_PageObjectTests2_BaseTest.LoginTest.loginTest_wrongCridentials1()'><b>loginTest_wrongCridentials1</b><br>Test class: lesson9_10_Selenium_PageObjectTests2_BaseTest.LoginTest</td>
<td><div><pre>org.testng.TestNGException: 
Parameter &apos;email&apos; is required by BeforeMethod on method startUp but has not been marked @Optional or defined
in /Users/kamilmaratovic/Library/Caches/JetBrains/IdeaIC2021.2/temp-testng-customsuite.xml
	at java.base/java.util.ArrayList.forEach(ArrayList.java:1511)
	at com.intellij.rt.testng.IDEARemoteTestNG.run(IDEARemoteTestNG.java:66)
	at com.intellij.rt.testng.RemoteTestNGStarter.main(RemoteTestNGStarter.java:109)
... Removed 25 stack frames</pre></div><a href='#' onClick='toggleBox("stack-trace1625082366", this, "Click to show all stack frames", "Click to hide stack frames")'>Click to show all stack frames</a>
<div class='stack-trace' id='stack-trace1625082366'><pre>org.testng.TestNGException: 
Parameter &apos;email&apos; is required by BeforeMethod on method startUp but has not been marked @Optional or defined
in /Users/kamilmaratovic/Library/Caches/JetBrains/IdeaIC2021.2/temp-testng-customsuite.xml
	at org.testng.internal.Parameters.createParams(Parameters.java:270)
	at org.testng.internal.Parameters.createParametersForMethod(Parameters.java:358)
	at org.testng.internal.Parameters.createParameters(Parameters.java:700)
	at org.testng.internal.Parameters.createConfigurationParameters(Parameters.java:168)
	at org.testng.internal.ConfigInvoker.invokeConfigurations(ConfigInvoker.java:302)
	at org.testng.internal.TestInvoker.runConfigMethods(TestInvoker.java:700)
	at org.testng.internal.TestInvoker.invokeMethod(TestInvoker.java:527)
	at org.testng.internal.TestInvoker.invokeTestMethod(TestInvoker.java:173)
	at org.testng.internal.MethodRunner.runInSequence(MethodRunner.java:46)
	at org.testng.internal.TestInvoker$MethodInvocationAgent.invoke(TestInvoker.java:824)
	at org.testng.internal.TestInvoker.invokeTestMethods(TestInvoker.java:146)
	at org.testng.internal.TestMethodWorker.invokeTestMethods(TestMethodWorker.java:146)
	at org.testng.internal.TestMethodWorker.run(TestMethodWorker.java:128)
	at java.base/java.util.ArrayList.forEach(ArrayList.java:1511)
	at org.testng.TestRunner.privateRun(TestRunner.java:794)
	at org.testng.TestRunner.run(TestRunner.java:596)
	at org.testng.SuiteRunner.runTest(SuiteRunner.java:377)
	at org.testng.SuiteRunner.runSequentially(SuiteRunner.java:371)
	at org.testng.SuiteRunner.privateRun(SuiteRunner.java:332)
	at org.testng.SuiteRunner.run(SuiteRunner.java:276)
	at org.testng.SuiteRunnerWorker.runSuite(SuiteRunnerWorker.java:53)
	at org.testng.SuiteRunnerWorker.run(SuiteRunnerWorker.java:96)
	at org.testng.TestNG.runSuitesSequentially(TestNG.java:1212)
	at org.testng.TestNG.runSuitesLocally(TestNG.java:1134)
	at org.testng.TestNG.runSuites(TestNG.java:1063)
	at org.testng.TestNG.run(TestNG.java:1031)
	at com.intellij.rt.testng.IDEARemoteTestNG.run(IDEARemoteTestNG.java:66)
	at com.intellij.rt.testng.RemoteTestNGStarter.main(RemoteTestNGStarter.java:109)
</pre></div></td>
<td>0</td>
<td>lesson9_10_Selenium_PageObjectTests2_BaseTest.LoginTest@d6da883</td></tr>
<tr>
<td title='lesson9_10_Selenium_PageObjectTests2_BaseTest.LoginTest.loginTest_wrongCridentials2()'><b>loginTest_wrongCridentials2</b><br>Test class: lesson9_10_Selenium_PageObjectTests2_BaseTest.LoginTest</td>
<td><div><pre>org.testng.TestNGException: 
Parameter &apos;email&apos; is required by BeforeMethod on method startUp but has not been marked @Optional or defined
in /Users/kamilmaratovic/Library/Caches/JetBrains/IdeaIC2021.2/temp-testng-customsuite.xml
	at java.base/java.util.ArrayList.forEach(ArrayList.java:1511)
	at com.intellij.rt.testng.IDEARemoteTestNG.run(IDEARemoteTestNG.java:66)
	at com.intellij.rt.testng.RemoteTestNGStarter.main(RemoteTestNGStarter.java:109)
... Removed 25 stack frames</pre></div><a href='#' onClick='toggleBox("stack-trace2045766957", this, "Click to show all stack frames", "Click to hide stack frames")'>Click to show all stack frames</a>
<div class='stack-trace' id='stack-trace2045766957'><pre>org.testng.TestNGException: 
Parameter &apos;email&apos; is required by BeforeMethod on method startUp but has not been marked @Optional or defined
in /Users/kamilmaratovic/Library/Caches/JetBrains/IdeaIC2021.2/temp-testng-customsuite.xml
	at org.testng.internal.Parameters.createParams(Parameters.java:270)
	at org.testng.internal.Parameters.createParametersForMethod(Parameters.java:358)
	at org.testng.internal.Parameters.createParameters(Parameters.java:700)
	at org.testng.internal.Parameters.createConfigurationParameters(Parameters.java:168)
	at org.testng.internal.ConfigInvoker.invokeConfigurations(ConfigInvoker.java:302)
	at org.testng.internal.TestInvoker.runConfigMethods(TestInvoker.java:700)
	at org.testng.internal.TestInvoker.invokeMethod(TestInvoker.java:527)
	at org.testng.internal.TestInvoker.invokeTestMethod(TestInvoker.java:173)
	at org.testng.internal.MethodRunner.runInSequence(MethodRunner.java:46)
	at org.testng.internal.TestInvoker$MethodInvocationAgent.invoke(TestInvoker.java:824)
	at org.testng.internal.TestInvoker.invokeTestMethods(TestInvoker.java:146)
	at org.testng.internal.TestMethodWorker.invokeTestMethods(TestMethodWorker.java:146)
	at org.testng.internal.TestMethodWorker.run(TestMethodWorker.java:128)
	at java.base/java.util.ArrayList.forEach(ArrayList.java:1511)
	at org.testng.TestRunner.privateRun(TestRunner.java:794)
	at org.testng.TestRunner.run(TestRunner.java:596)
	at org.testng.SuiteRunner.runTest(SuiteRunner.java:377)
	at org.testng.SuiteRunner.runSequentially(SuiteRunner.java:371)
	at org.testng.SuiteRunner.privateRun(SuiteRunner.java:332)
	at org.testng.SuiteRunner.run(SuiteRunner.java:276)
	at org.testng.SuiteRunnerWorker.runSuite(SuiteRunnerWorker.java:53)
	at org.testng.SuiteRunnerWorker.run(SuiteRunnerWorker.java:96)
	at org.testng.TestNG.runSuitesSequentially(TestNG.java:1212)
	at org.testng.TestNG.runSuitesLocally(TestNG.java:1134)
	at org.testng.TestNG.runSuites(TestNG.java:1063)
	at org.testng.TestNG.run(TestNG.java:1031)
	at com.intellij.rt.testng.IDEARemoteTestNG.run(IDEARemoteTestNG.java:66)
	at com.intellij.rt.testng.RemoteTestNGStarter.main(RemoteTestNGStarter.java:109)
</pre></div></td>
<td>0</td>
<td>lesson9_10_Selenium_PageObjectTests2_BaseTest.LoginTest@d6da883</td></tr>
<tr>
<td title='lesson9_10_Selenium_PageObjectTests2_BaseTest.PlaylistTest.playlistTest_renamePlaylist_playlistRenamed()'><b>playlistTest_renamePlaylist_playlistRenamed</b><br>Test class: lesson9_10_Selenium_PageObjectTests2_BaseTest.PlaylistTest</td>
<td><div><pre>org.testng.TestNGException: 
Parameter &apos;email&apos; is required by BeforeMethod on method startUp but has not been marked @Optional or defined
in /Users/kamilmaratovic/Library/Caches/JetBrains/IdeaIC2021.2/temp-testng-customsuite.xml
	at java.base/java.util.ArrayList.forEach(ArrayList.java:1511)
	at com.intellij.rt.testng.IDEARemoteTestNG.run(IDEARemoteTestNG.java:66)
	at com.intellij.rt.testng.RemoteTestNGStarter.main(RemoteTestNGStarter.java:109)
... Removed 25 stack frames</pre></div><a href='#' onClick='toggleBox("stack-trace1671846437", this, "Click to show all stack frames", "Click to hide stack frames")'>Click to show all stack frames</a>
<div class='stack-trace' id='stack-trace1671846437'><pre>org.testng.TestNGException: 
Parameter &apos;email&apos; is required by BeforeMethod on method startUp but has not been marked @Optional or defined
in /Users/kamilmaratovic/Library/Caches/JetBrains/IdeaIC2021.2/temp-testng-customsuite.xml
	at org.testng.internal.Parameters.createParams(Parameters.java:270)
	at org.testng.internal.Parameters.createParametersForMethod(Parameters.java:358)
	at org.testng.internal.Parameters.createParameters(Parameters.java:700)
	at org.testng.internal.Parameters.createConfigurationParameters(Parameters.java:168)
	at org.testng.internal.ConfigInvoker.invokeConfigurations(ConfigInvoker.java:302)
	at org.testng.internal.TestInvoker.runConfigMethods(TestInvoker.java:700)
	at org.testng.internal.TestInvoker.invokeMethod(TestInvoker.java:527)
	at org.testng.internal.TestInvoker.invokeTestMethod(TestInvoker.java:173)
	at org.testng.internal.MethodRunner.runInSequence(MethodRunner.java:46)
	at org.testng.internal.TestInvoker$MethodInvocationAgent.invoke(TestInvoker.java:824)
	at org.testng.internal.TestInvoker.invokeTestMethods(TestInvoker.java:146)
	at org.testng.internal.TestMethodWorker.invokeTestMethods(TestMethodWorker.java:146)
	at org.testng.internal.TestMethodWorker.run(TestMethodWorker.java:128)
	at java.base/java.util.ArrayList.forEach(ArrayList.java:1511)
	at org.testng.TestRunner.privateRun(TestRunner.java:794)
	at org.testng.TestRunner.run(TestRunner.java:596)
	at org.testng.SuiteRunner.runTest(SuiteRunner.java:377)
	at org.testng.SuiteRunner.runSequentially(SuiteRunner.java:371)
	at org.testng.SuiteRunner.privateRun(SuiteRunner.java:332)
	at org.testng.SuiteRunner.run(SuiteRunner.java:276)
	at org.testng.SuiteRunnerWorker.runSuite(SuiteRunnerWorker.java:53)
	at org.testng.SuiteRunnerWorker.run(SuiteRunnerWorker.java:96)
	at org.testng.TestNG.runSuitesSequentially(TestNG.java:1212)
	at org.testng.TestNG.runSuitesLocally(TestNG.java:1134)
	at org.testng.TestNG.runSuites(TestNG.java:1063)
	at org.testng.TestNG.run(TestNG.java:1031)
	at com.intellij.rt.testng.IDEARemoteTestNG.run(IDEARemoteTestNG.java:66)
	at com.intellij.rt.testng.RemoteTestNGStarter.main(RemoteTestNGStarter.java:109)
</pre></div></td>
<td>0</td>
<td>lesson9_10_Selenium_PageObjectTests2_BaseTest.PlaylistTest@146044d7</td></tr>
<tr>
<td title='lesson9_10_Selenium_PageObjectTests2_BaseTest.PlaylistTest.playlistTest_createPlayList_playlistCreated()'><b>playlistTest_createPlayList_playlistCreated</b><br>Test class: lesson9_10_Selenium_PageObjectTests2_BaseTest.PlaylistTest</td>
<td><div><pre>org.testng.TestNGException: 
Parameter &apos;email&apos; is required by BeforeMethod on method startUp but has not been marked @Optional or defined
in /Users/kamilmaratovic/Library/Caches/JetBrains/IdeaIC2021.2/temp-testng-customsuite.xml
	at java.base/java.util.ArrayList.forEach(ArrayList.java:1511)
	at com.intellij.rt.testng.IDEARemoteTestNG.run(IDEARemoteTestNG.java:66)
	at com.intellij.rt.testng.RemoteTestNGStarter.main(RemoteTestNGStarter.java:109)
... Removed 25 stack frames</pre></div><a href='#' onClick='toggleBox("stack-trace634540230", this, "Click to show all stack frames", "Click to hide stack frames")'>Click to show all stack frames</a>
<div class='stack-trace' id='stack-trace634540230'><pre>org.testng.TestNGException: 
Parameter &apos;email&apos; is required by BeforeMethod on method startUp but has not been marked @Optional or defined
in /Users/kamilmaratovic/Library/Caches/JetBrains/IdeaIC2021.2/temp-testng-customsuite.xml
	at org.testng.internal.Parameters.createParams(Parameters.java:270)
	at org.testng.internal.Parameters.createParametersForMethod(Parameters.java:358)
	at org.testng.internal.Parameters.createParameters(Parameters.java:700)
	at org.testng.internal.Parameters.createConfigurationParameters(Parameters.java:168)
	at org.testng.internal.ConfigInvoker.invokeConfigurations(ConfigInvoker.java:302)
	at org.testng.internal.TestInvoker.runConfigMethods(TestInvoker.java:700)
	at org.testng.internal.TestInvoker.invokeMethod(TestInvoker.java:527)
	at org.testng.internal.TestInvoker.invokeTestMethod(TestInvoker.java:173)
	at org.testng.internal.MethodRunner.runInSequence(MethodRunner.java:46)
	at org.testng.internal.TestInvoker$MethodInvocationAgent.invoke(TestInvoker.java:824)
	at org.testng.internal.TestInvoker.invokeTestMethods(TestInvoker.java:146)
	at org.testng.internal.TestMethodWorker.invokeTestMethods(TestMethodWorker.java:146)
	at org.testng.internal.TestMethodWorker.run(TestMethodWorker.java:128)
	at java.base/java.util.ArrayList.forEach(ArrayList.java:1511)
	at org.testng.TestRunner.privateRun(TestRunner.java:794)
	at org.testng.TestRunner.run(TestRunner.java:596)
	at org.testng.SuiteRunner.runTest(SuiteRunner.java:377)
	at org.testng.SuiteRunner.runSequentially(SuiteRunner.java:371)
	at org.testng.SuiteRunner.privateRun(SuiteRunner.java:332)
	at org.testng.SuiteRunner.run(SuiteRunner.java:276)
	at org.testng.SuiteRunnerWorker.runSuite(SuiteRunnerWorker.java:53)
	at org.testng.SuiteRunnerWorker.run(SuiteRunnerWorker.java:96)
	at org.testng.TestNG.runSuitesSequentially(TestNG.java:1212)
	at org.testng.TestNG.runSuitesLocally(TestNG.java:1134)
	at org.testng.TestNG.runSuites(TestNG.java:1063)
	at org.testng.TestNG.run(TestNG.java:1031)
	at com.intellij.rt.testng.IDEARemoteTestNG.run(IDEARemoteTestNG.java:66)
	at com.intellij.rt.testng.RemoteTestNGStarter.main(RemoteTestNGStarter.java:109)
</pre></div></td>
<td>0</td>
<td>lesson9_10_Selenium_PageObjectTests2_BaseTest.PlaylistTest@146044d7</td></tr>
<tr>
<td title='lesson9_10_Selenium_PageObjectTests2_BaseTest.LoginTest_A.loginTest_correctCredentialsA()'><b>loginTest_correctCredentialsA</b><br>Test class: lesson9_10_Selenium_PageObjectTests2_BaseTest.LoginTest_A</td>
<td><div><pre>org.testng.TestNGException: 
Parameter &apos;email&apos; is required by BeforeMethod on method startUp but has not been marked @Optional or defined
in /Users/kamilmaratovic/Library/Caches/JetBrains/IdeaIC2021.2/temp-testng-customsuite.xml
	at java.base/java.util.ArrayList.forEach(ArrayList.java:1511)
	at com.intellij.rt.testng.IDEARemoteTestNG.run(IDEARemoteTestNG.java:66)
	at com.intellij.rt.testng.RemoteTestNGStarter.main(RemoteTestNGStarter.java:109)
... Removed 25 stack frames</pre></div><a href='#' onClick='toggleBox("stack-trace1769193365", this, "Click to show all stack frames", "Click to hide stack frames")'>Click to show all stack frames</a>
<div class='stack-trace' id='stack-trace1769193365'><pre>org.testng.TestNGException: 
Parameter &apos;email&apos; is required by BeforeMethod on method startUp but has not been marked @Optional or defined
in /Users/kamilmaratovic/Library/Caches/JetBrains/IdeaIC2021.2/temp-testng-customsuite.xml
	at org.testng.internal.Parameters.createParams(Parameters.java:270)
	at org.testng.internal.Parameters.createParametersForMethod(Parameters.java:358)
	at org.testng.internal.Parameters.createParameters(Parameters.java:700)
	at org.testng.internal.Parameters.createConfigurationParameters(Parameters.java:168)
	at org.testng.internal.ConfigInvoker.invokeConfigurations(ConfigInvoker.java:302)
	at org.testng.internal.TestInvoker.runConfigMethods(TestInvoker.java:700)
	at org.testng.internal.TestInvoker.invokeMethod(TestInvoker.java:527)
	at org.testng.internal.TestInvoker.invokeTestMethod(TestInvoker.java:173)
	at org.testng.internal.MethodRunner.runInSequence(MethodRunner.java:46)
	at org.testng.internal.TestInvoker$MethodInvocationAgent.invoke(TestInvoker.java:824)
	at org.testng.internal.TestInvoker.invokeTestMethods(TestInvoker.java:146)
	at org.testng.internal.TestMethodWorker.invokeTestMethods(TestMethodWorker.java:146)
	at org.testng.internal.TestMethodWorker.run(TestMethodWorker.java:128)
	at java.base/java.util.ArrayList.forEach(ArrayList.java:1511)
	at org.testng.TestRunner.privateRun(TestRunner.java:794)
	at org.testng.TestRunner.run(TestRunner.java:596)
	at org.testng.SuiteRunner.runTest(SuiteRunner.java:377)
	at org.testng.SuiteRunner.runSequentially(SuiteRunner.java:371)
	at org.testng.SuiteRunner.privateRun(SuiteRunner.java:332)
	at org.testng.SuiteRunner.run(SuiteRunner.java:276)
	at org.testng.SuiteRunnerWorker.runSuite(SuiteRunnerWorker.java:53)
	at org.testng.SuiteRunnerWorker.run(SuiteRunnerWorker.java:96)
	at org.testng.TestNG.runSuitesSequentially(TestNG.java:1212)
	at org.testng.TestNG.runSuitesLocally(TestNG.java:1134)
	at org.testng.TestNG.runSuites(TestNG.java:1063)
	at org.testng.TestNG.run(TestNG.java:1031)
	at com.intellij.rt.testng.IDEARemoteTestNG.run(IDEARemoteTestNG.java:66)
	at com.intellij.rt.testng.RemoteTestNGStarter.main(RemoteTestNGStarter.java:109)
</pre></div></td>
<td>0</td>
<td>lesson9_10_Selenium_PageObjectTests2_BaseTest.LoginTest_A@59717824</td></tr>
<tr>
<td title='lesson9_10_Selenium_PageObjectTests2_BaseTest.PlaylistTest.playlistTest_deletePlaylists_playlistDeleted()'><b>playlistTest_deletePlaylists_playlistDeleted</b><br>Test class: lesson9_10_Selenium_PageObjectTests2_BaseTest.PlaylistTest</td>
<td><div><pre>org.testng.TestNGException: 
Parameter &apos;email&apos; is required by BeforeMethod on method startUp but has not been marked @Optional or defined
in /Users/kamilmaratovic/Library/Caches/JetBrains/IdeaIC2021.2/temp-testng-customsuite.xml
	at java.base/java.util.ArrayList.forEach(ArrayList.java:1511)
	at com.intellij.rt.testng.IDEARemoteTestNG.run(IDEARemoteTestNG.java:66)
	at com.intellij.rt.testng.RemoteTestNGStarter.main(RemoteTestNGStarter.java:109)
... Removed 25 stack frames</pre></div><a href='#' onClick='toggleBox("stack-trace1840976765", this, "Click to show all stack frames", "Click to hide stack frames")'>Click to show all stack frames</a>
<div class='stack-trace' id='stack-trace1840976765'><pre>org.testng.TestNGException: 
Parameter &apos;email&apos; is required by BeforeMethod on method startUp but has not been marked @Optional or defined
in /Users/kamilmaratovic/Library/Caches/JetBrains/IdeaIC2021.2/temp-testng-customsuite.xml
	at org.testng.internal.Parameters.createParams(Parameters.java:270)
	at org.testng.internal.Parameters.createParametersForMethod(Parameters.java:358)
	at org.testng.internal.Parameters.createParameters(Parameters.java:700)
	at org.testng.internal.Parameters.createConfigurationParameters(Parameters.java:168)
	at org.testng.internal.ConfigInvoker.invokeConfigurations(ConfigInvoker.java:302)
	at org.testng.internal.TestInvoker.runConfigMethods(TestInvoker.java:700)
	at org.testng.internal.TestInvoker.invokeMethod(TestInvoker.java:527)
	at org.testng.internal.TestInvoker.invokeTestMethod(TestInvoker.java:173)
	at org.testng.internal.MethodRunner.runInSequence(MethodRunner.java:46)
	at org.testng.internal.TestInvoker$MethodInvocationAgent.invoke(TestInvoker.java:824)
	at org.testng.internal.TestInvoker.invokeTestMethods(TestInvoker.java:146)
	at org.testng.internal.TestMethodWorker.invokeTestMethods(TestMethodWorker.java:146)
	at org.testng.internal.TestMethodWorker.run(TestMethodWorker.java:128)
	at java.base/java.util.ArrayList.forEach(ArrayList.java:1511)
	at org.testng.TestRunner.privateRun(TestRunner.java:794)
	at org.testng.TestRunner.run(TestRunner.java:596)
	at org.testng.SuiteRunner.runTest(SuiteRunner.java:377)
	at org.testng.SuiteRunner.runSequentially(SuiteRunner.java:371)
	at org.testng.SuiteRunner.privateRun(SuiteRunner.java:332)
	at org.testng.SuiteRunner.run(SuiteRunner.java:276)
	at org.testng.SuiteRunnerWorker.runSuite(SuiteRunnerWorker.java:53)
	at org.testng.SuiteRunnerWorker.run(SuiteRunnerWorker.java:96)
	at org.testng.TestNG.runSuitesSequentially(TestNG.java:1212)
	at org.testng.TestNG.runSuitesLocally(TestNG.java:1134)
	at org.testng.TestNG.runSuites(TestNG.java:1063)
	at org.testng.TestNG.run(TestNG.java:1031)
	at com.intellij.rt.testng.IDEARemoteTestNG.run(IDEARemoteTestNG.java:66)
	at com.intellij.rt.testng.RemoteTestNGStarter.main(RemoteTestNGStarter.java:109)
</pre></div></td>
<td>0</td>
<td>lesson9_10_Selenium_PageObjectTests2_BaseTest.PlaylistTest@146044d7</td></tr>
<tr>
<td title='lesson9_10_Selenium_PageObjectTests2_BaseTest.LoginTest_A.loginTest_wrongCridentialsA()'><b>loginTest_wrongCridentialsA</b><br>Test class: lesson9_10_Selenium_PageObjectTests2_BaseTest.LoginTest_A</td>
<td><div><pre>org.testng.TestNGException: 
Parameter &apos;email&apos; is required by BeforeMethod on method startUp but has not been marked @Optional or defined
in /Users/kamilmaratovic/Library/Caches/JetBrains/IdeaIC2021.2/temp-testng-customsuite.xml
	at java.base/java.util.ArrayList.forEach(ArrayList.java:1511)
	at com.intellij.rt.testng.IDEARemoteTestNG.run(IDEARemoteTestNG.java:66)
	at com.intellij.rt.testng.RemoteTestNGStarter.main(RemoteTestNGStarter.java:109)
... Removed 25 stack frames</pre></div><a href='#' onClick='toggleBox("stack-trace1196695891", this, "Click to show all stack frames", "Click to hide stack frames")'>Click to show all stack frames</a>
<div class='stack-trace' id='stack-trace1196695891'><pre>org.testng.TestNGException: 
Parameter &apos;email&apos; is required by BeforeMethod on method startUp but has not been marked @Optional or defined
in /Users/kamilmaratovic/Library/Caches/JetBrains/IdeaIC2021.2/temp-testng-customsuite.xml
	at org.testng.internal.Parameters.createParams(Parameters.java:270)
	at org.testng.internal.Parameters.createParametersForMethod(Parameters.java:358)
	at org.testng.internal.Parameters.createParameters(Parameters.java:700)
	at org.testng.internal.Parameters.createConfigurationParameters(Parameters.java:168)
	at org.testng.internal.ConfigInvoker.invokeConfigurations(ConfigInvoker.java:302)
	at org.testng.internal.TestInvoker.runConfigMethods(TestInvoker.java:700)
	at org.testng.internal.TestInvoker.invokeMethod(TestInvoker.java:527)
	at org.testng.internal.TestInvoker.invokeTestMethod(TestInvoker.java:173)
	at org.testng.internal.MethodRunner.runInSequence(MethodRunner.java:46)
	at org.testng.internal.TestInvoker$MethodInvocationAgent.invoke(TestInvoker.java:824)
	at org.testng.internal.TestInvoker.invokeTestMethods(TestInvoker.java:146)
	at org.testng.internal.TestMethodWorker.invokeTestMethods(TestMethodWorker.java:146)
	at org.testng.internal.TestMethodWorker.run(TestMethodWorker.java:128)
	at java.base/java.util.ArrayList.forEach(ArrayList.java:1511)
	at org.testng.TestRunner.privateRun(TestRunner.java:794)
	at org.testng.TestRunner.run(TestRunner.java:596)
	at org.testng.SuiteRunner.runTest(SuiteRunner.java:377)
	at org.testng.SuiteRunner.runSequentially(SuiteRunner.java:371)
	at org.testng.SuiteRunner.privateRun(SuiteRunner.java:332)
	at org.testng.SuiteRunner.run(SuiteRunner.java:276)
	at org.testng.SuiteRunnerWorker.runSuite(SuiteRunnerWorker.java:53)
	at org.testng.SuiteRunnerWorker.run(SuiteRunnerWorker.java:96)
	at org.testng.TestNG.runSuitesSequentially(TestNG.java:1212)
	at org.testng.TestNG.runSuitesLocally(TestNG.java:1134)
	at org.testng.TestNG.runSuites(TestNG.java:1063)
	at org.testng.TestNG.run(TestNG.java:1031)
	at com.intellij.rt.testng.IDEARemoteTestNG.run(IDEARemoteTestNG.java:66)
	at com.intellij.rt.testng.RemoteTestNGStarter.main(RemoteTestNGStarter.java:109)
</pre></div></td>
<td>0</td>
<td>lesson9_10_Selenium_PageObjectTests2_BaseTest.LoginTest_A@59717824</td></tr>
<tr>
<td title='lesson9_10_Selenium_PageObjectTests2_BaseTest.LoginTest.loginTest_correctCredentials2()'><b>loginTest_correctCredentials2</b><br>Test class: lesson9_10_Selenium_PageObjectTests2_BaseTest.LoginTest</td>
<td><div><pre>org.testng.TestNGException: 
Parameter &apos;email&apos; is required by BeforeMethod on method startUp but has not been marked @Optional or defined
in /Users/kamilmaratovic/Library/Caches/JetBrains/IdeaIC2021.2/temp-testng-customsuite.xml
	at java.base/java.util.ArrayList.forEach(ArrayList.java:1511)
	at com.intellij.rt.testng.IDEARemoteTestNG.run(IDEARemoteTestNG.java:66)
	at com.intellij.rt.testng.RemoteTestNGStarter.main(RemoteTestNGStarter.java:109)
... Removed 25 stack frames</pre></div><a href='#' onClick='toggleBox("stack-trace1708570683", this, "Click to show all stack frames", "Click to hide stack frames")'>Click to show all stack frames</a>
<div class='stack-trace' id='stack-trace1708570683'><pre>org.testng.TestNGException: 
Parameter &apos;email&apos; is required by BeforeMethod on method startUp but has not been marked @Optional or defined
in /Users/kamilmaratovic/Library/Caches/JetBrains/IdeaIC2021.2/temp-testng-customsuite.xml
	at org.testng.internal.Parameters.createParams(Parameters.java:270)
	at org.testng.internal.Parameters.createParametersForMethod(Parameters.java:358)
	at org.testng.internal.Parameters.createParameters(Parameters.java:700)
	at org.testng.internal.Parameters.createConfigurationParameters(Parameters.java:168)
	at org.testng.internal.ConfigInvoker.invokeConfigurations(ConfigInvoker.java:302)
	at org.testng.internal.TestInvoker.runConfigMethods(TestInvoker.java:700)
	at org.testng.internal.TestInvoker.invokeMethod(TestInvoker.java:527)
	at org.testng.internal.TestInvoker.invokeTestMethod(TestInvoker.java:173)
	at org.testng.internal.MethodRunner.runInSequence(MethodRunner.java:46)
	at org.testng.internal.TestInvoker$MethodInvocationAgent.invoke(TestInvoker.java:824)
	at org.testng.internal.TestInvoker.invokeTestMethods(TestInvoker.java:146)
	at org.testng.internal.TestMethodWorker.invokeTestMethods(TestMethodWorker.java:146)
	at org.testng.internal.TestMethodWorker.run(TestMethodWorker.java:128)
	at java.base/java.util.ArrayList.forEach(ArrayList.java:1511)
	at org.testng.TestRunner.privateRun(TestRunner.java:794)
	at org.testng.TestRunner.run(TestRunner.java:596)
	at org.testng.SuiteRunner.runTest(SuiteRunner.java:377)
	at org.testng.SuiteRunner.runSequentially(SuiteRunner.java:371)
	at org.testng.SuiteRunner.privateRun(SuiteRunner.java:332)
	at org.testng.SuiteRunner.run(SuiteRunner.java:276)
	at org.testng.SuiteRunnerWorker.runSuite(SuiteRunnerWorker.java:53)
	at org.testng.SuiteRunnerWorker.run(SuiteRunnerWorker.java:96)
	at org.testng.TestNG.runSuitesSequentially(TestNG.java:1212)
	at org.testng.TestNG.runSuitesLocally(TestNG.java:1134)
	at org.testng.TestNG.runSuites(TestNG.java:1063)
	at org.testng.TestNG.run(TestNG.java:1031)
	at com.intellij.rt.testng.IDEARemoteTestNG.run(IDEARemoteTestNG.java:66)
	at com.intellij.rt.testng.RemoteTestNGStarter.main(RemoteTestNGStarter.java:109)
</pre></div></td>
<td>0</td>
<td>lesson9_10_Selenium_PageObjectTests2_BaseTest.LoginTest@d6da883</td></tr>
</table><p>
</body>
</html>