<!DOCTYPE html PUBLIC "-//W3C//DTD XHTML 1.1//EN" "https://www.w3.org/TR/xhtml11/DTD/xhtml11.dtd">
<html xmlns="https://www.w3.org/1999/xhtml">
<head>
<meta http-equiv="content-type" content="text/html; charset=UTF-8"/>
<title>TestNG Report</title>
<style type="text/css">table {margin-bottom:10px;border-collapse:collapse;empty-cells:show}th,td {border:1px solid #009;padding:.25em .5em}th {vertical-align:bottom}td {vertical-align:top}table a {font-weight:bold}.stripe td {background-color: #E6EBF9}.num {text-align:right}.passedodd td {background-color: #3F3}.passedeven td {background-color: #0A0}.skippedodd td {background-color: #DDD}.skippedeven td {background-color: #CCC}.failedodd td,.attn {background-color: #F33}.failedeven td,.stripe .attn {background-color: #D00}.stacktrace {white-space:pre;font-family:monospace}.totop {font-size:85%;text-align:center;border-bottom:2px solid #000}.invisible {display:none}</style>
</head>
<body>
<table>
<tr><th>Test</th><th># Passed</th><th># Skipped</th><th># Retried</th><th># Failed</th><th>Time (ms)</th><th>Included Groups</th><th>Excluded Groups</th></tr>
<tr><th colspan="8">Default Suite</th></tr>
<tr><td><a href="#t0">JavaCore</a></td><td class="num">0</td><td class="num attn">9</td><td class="num">0</td><td class="num">0</td><td class="num">65</td><td></td><td></td></tr>
</table>
<table id='summary'><thead><tr><th>Class</th><th>Method</th><th>Start</th><th>Time (ms)</th></tr></thead><tbody><tr><th colspan="4">Default Suite</th></tr></tbody><tbody id="t0"><tr><th colspan="4">JavaCore &#8212; failed (configuration methods)</th></tr><tr class="failedeven"><td rowspan="1">lesson9_10_Selenium_PageObjectTests2_BaseTest.LoginTest</td><td><a href="#m0">startUp</a></td><td rowspan="1">1630876549668</td><td rowspan="1">-1630876549668</td></tr><tr class="failedodd"><td rowspan="1">lesson9_10_Selenium_PageObjectTests2_BaseTest.LoginTest_A</td><td><a href="#m1">startUp</a></td><td rowspan="1">1630876549693</td><td rowspan="1">-1630876549693</td></tr><tr class="failedeven"><td rowspan="1">lesson9_10_Selenium_PageObjectTests2_BaseTest.PlaylistTest</td><td><a href="#m2">startUp</a></td><td rowspan="1">1630876549701</td><td rowspan="1">-1630876549701</td></tr><tr><th colspan="4">JavaCore &#8212; skipped (configuration methods)</th></tr><tr class="skippedeven"><td rowspan="5">lesson9_10_Selenium_PageObjectTests2_BaseTest.LoginTest</td><td><a href="#m3">startUp</a></td><td rowspan="2">1630876549689</td><td rowspan="2">-1630876549689</td></tr><tr class="skippedeven"><td><a href="#m4">startUp</a></td></tr><tr class="skippedeven"><td><a href="#m5">tearDown</a></td><td rowspan="3">1630876549690</td><td rowspan="3">-1630876549690</td></tr><tr class="skippedeven"><td><a href="#m6">tearDown</a></td></tr><tr class="skippedeven"><td><a href="#m7">tearDown</a></td></tr><tr class="skippedodd"><td rowspan="5">lesson9_10_Selenium_PageObjectTests2_BaseTest.LoginTest_A</td><td><a href="#m8">startUp</a></td><td rowspan="2">1630876549697</td><td rowspan="2">-1630876549697</td></tr><tr class="skippedodd"><td><a href="#m9">startUp</a></td></tr><tr class="skippedodd"><td><a href="#m10">tearDown</a></td><td rowspan="3">1630876549699</td><td rowspan="3">-1630876549699</td></tr><tr class="skippedodd"><td><a href="#m11">tearDown</a></td></tr><tr class="skippedodd"><td><a href="#m12">tearDown</a></td></tr><tr class="skippedeven"><td rowspan="5">lesson9_10_Selenium_PageObjectTests2_BaseTest.PlaylistTest</td><td><a href="#m13">startUp</a></td><td rowspan="2">1630876549704</td><td rowspan="2">-1630876549704</td></tr><tr class="skippedeven"><td><a href="#m14">startUp</a></td></tr><tr class="skippedeven"><td><a href="#m15">tearDown</a></td><td rowspan="3">1630876549708</td><td rowspan="3">-1630876549708</td></tr><tr class="skippedeven"><td><a href="#m16">tearDown</a></td></tr><tr class="skippedeven"><td><a href="#m17">tearDown</a></td></tr><tr><th colspan="4">JavaCore &#8212; skipped</th></tr><tr class="skippedeven"><td rowspan="3">lesson9_10_Selenium_PageObjectTests2_BaseTest.LoginTest</td><td><a href="#m18">loginTest_correctCredentials2</a></td><td rowspan="1">1630876549687</td><td rowspan="1">0</td></tr><tr class="skippedeven"><td><a href="#m19">loginTest_wrongCridentials1</a></td><td rowspan="1">1630876549682</td><td rowspan="1">0</td></tr><tr class="skippedeven"><td><a href="#m20">loginTest_wrongCridentials2</a></td><td rowspan="1">1630876549689</td><td rowspan="1">0</td></tr><tr class="skippedodd"><td rowspan="3">lesson9_10_Selenium_PageObjectTests2_BaseTest.LoginTest_A</td><td><a href="#m21">loginTest_correctCredentialsA</a></td><td rowspan="1">1630876549695</td><td rowspan="1">0</td></tr><tr class="skippedodd"><td><a href="#m22">loginTest_wrongCridentials1A</a></td><td rowspan="1">1630876549698</td><td rowspan="1">0</td></tr><tr class="skippedodd"><td><a href="#m23">loginTest_wrongCridentialsA</a></td><td rowspan="1">1630876549697</td><td rowspan="1">0</td></tr><tr class="skippedeven"><td rowspan="3">lesson9_10_Selenium_PageObjectTests2_BaseTest.PlaylistTest</td><td><a href="#m24">playlistTest_createPlayList_playlistCreated</a></td><td rowspan="1">1630876549703</td><td rowspan="1">0</td></tr><tr class="skippedeven"><td><a href="#m25">playlistTest_deletePlaylists_playlistDeleted</a></td><td rowspan="1">1630876549708</td><td rowspan="1">0</td></tr><tr class="skippedeven"><td><a href="#m26">playlistTest_renamePlaylist_playlistRenamed</a></td><td rowspan="1">1630876549705</td><td rowspan="1">0</td></tr></tbody>
</table>
<h2>JavaCore</h2><h3 id="m0">lesson9_10_Selenium_PageObjectTests2_BaseTest.LoginTest#startUp</h3><table class="result"><tr><th>Exception</th></tr><tr><td><div class="stacktrace">org.testng.TestNGException: 
Parameter &apos;email&apos; is required by BeforeMethod on method startUp but has not been marked @Optional or defined
in /Users/kamilmaratovic/Library/Caches/JetBrains/IdeaIC2021.2/temp-testng-customsuite.xml
	at java.base/java.util.ArrayList.forEach(ArrayList.java:1511)
	at com.intellij.rt.testng.IDEARemoteTestNG.run(IDEARemoteTestNG.java:66)
	at com.intellij.rt.testng.RemoteTestNGStarter.main(RemoteTestNGStarter.java:109)
... Removed 25 stack frames</div></td></tr></table><p class="totop"><a href="#summary">back to summary</a></p>
<h3 id="m1">lesson9_10_Selenium_PageObjectTests2_BaseTest.LoginTest_A#startUp</h3><table class="result"><tr><th>Exception</th></tr><tr><td><div class="stacktrace">org.testng.TestNGException: 
Parameter &apos;email&apos; is required by BeforeMethod on method startUp but has not been marked @Optional or defined
in /Users/kamilmaratovic/Library/Caches/JetBrains/IdeaIC2021.2/temp-testng-customsuite.xml
	at java.base/java.util.ArrayList.forEach(ArrayList.java:1511)
	at com.intellij.rt.testng.IDEARemoteTestNG.run(IDEARemoteTestNG.java:66)
	at com.intellij.rt.testng.RemoteTestNGStarter.main(RemoteTestNGStarter.java:109)
... Removed 25 stack frames</div></td></tr></table><p class="totop"><a href="#summary">back to summary</a></p>
<h3 id="m2">lesson9_10_Selenium_PageObjectTests2_BaseTest.PlaylistTest#startUp</h3><table class="result"><tr><th>Exception</th></tr><tr><td><div class="stacktrace">org.testng.TestNGException: 
Parameter &apos;email&apos; is required by BeforeMethod on method startUp but has not been marked @Optional or defined
in /Users/kamilmaratovic/Library/Caches/JetBrains/IdeaIC2021.2/temp-testng-customsuite.xml
	at java.base/java.util.ArrayList.forEach(ArrayList.java:1511)
	at com.intellij.rt.testng.IDEARemoteTestNG.run(IDEARemoteTestNG.java:66)
	at com.intellij.rt.testng.RemoteTestNGStarter.main(RemoteTestNGStarter.java:109)
... Removed 25 stack frames</div></td></tr></table><p class="totop"><a href="#summary">back to summary</a></p>
<h3 id="m3">lesson9_10_Selenium_PageObjectTests2_BaseTest.LoginTest#startUp</h3><table class="result"><tr><th class="invisible"/></tr></table><p class="totop"><a href="#summary">back to summary</a></p>
<h3 id="m4">lesson9_10_Selenium_PageObjectTests2_BaseTest.LoginTest#startUp</h3><table class="result"><tr><th class="invisible"/></tr></table><p class="totop"><a href="#summary">back to summary</a></p>
<h3 id="m5">lesson9_10_Selenium_PageObjectTests2_BaseTest.LoginTest#tearDown</h3><table class="result"><tr><th class="invisible"/></tr></table><p class="totop"><a href="#summary">back to summary</a></p>
<h3 id="m6">lesson9_10_Selenium_PageObjectTests2_BaseTest.LoginTest#tearDown</h3><table class="result"><tr><th class="invisible"/></tr></table><p class="totop"><a href="#summary">back to summary</a></p>
<h3 id="m7">lesson9_10_Selenium_PageObjectTests2_BaseTest.LoginTest#tearDown</h3><table class="result"><tr><th class="invisible"/></tr></table><p class="totop"><a href="#summary">back to summary</a></p>
<h3 id="m8">lesson9_10_Selenium_PageObjectTests2_BaseTest.LoginTest_A#startUp</h3><table class="result"><tr><th class="invisible"/></tr></table><p class="totop"><a href="#summary">back to summary</a></p>
<h3 id="m9">lesson9_10_Selenium_PageObjectTests2_BaseTest.LoginTest_A#startUp</h3><table class="result"><tr><th class="invisible"/></tr></table><p class="totop"><a href="#summary">back to summary</a></p>
<h3 id="m10">lesson9_10_Selenium_PageObjectTests2_BaseTest.LoginTest_A#tearDown</h3><table class="result"><tr><th class="invisible"/></tr></table><p class="totop"><a href="#summary">back to summary</a></p>
<h3 id="m11">lesson9_10_Selenium_PageObjectTests2_BaseTest.LoginTest_A#tearDown</h3><table class="result"><tr><th class="invisible"/></tr></table><p class="totop"><a href="#summary">back to summary</a></p>
<h3 id="m12">lesson9_10_Selenium_PageObjectTests2_BaseTest.LoginTest_A#tearDown</h3><table class="result"><tr><th class="invisible"/></tr></table><p class="totop"><a href="#summary">back to summary</a></p>
<h3 id="m13">lesson9_10_Selenium_PageObjectTests2_BaseTest.PlaylistTest#startUp</h3><table class="result"><tr><th class="invisible"/></tr></table><p class="totop"><a href="#summary">back to summary</a></p>
<h3 id="m14">lesson9_10_Selenium_PageObjectTests2_BaseTest.PlaylistTest#startUp</h3><table class="result"><tr><th class="invisible"/></tr></table><p class="totop"><a href="#summary">back to summary</a></p>
<h3 id="m15">lesson9_10_Selenium_PageObjectTests2_BaseTest.PlaylistTest#tearDown</h3><table class="result"><tr><th class="invisible"/></tr></table><p class="totop"><a href="#summary">back to summary</a></p>
<h3 id="m16">lesson9_10_Selenium_PageObjectTests2_BaseTest.PlaylistTest#tearDown</h3><table class="result"><tr><th class="invisible"/></tr></table><p class="totop"><a href="#summary">back to summary</a></p>
<h3 id="m17">lesson9_10_Selenium_PageObjectTests2_BaseTest.PlaylistTest#tearDown</h3><table class="result"><tr><th class="invisible"/></tr></table><p class="totop"><a href="#summary">back to summary</a></p>
<h3 id="m18">lesson9_10_Selenium_PageObjectTests2_BaseTest.LoginTest#loginTest_correctCredentials2</h3><table class="result"><tr><th>Exception</th></tr><tr><td><div class="stacktrace">org.testng.TestNGException: 
Parameter &apos;email&apos; is required by BeforeMethod on method startUp but has not been marked @Optional or defined
in /Users/kamilmaratovic/Library/Caches/JetBrains/IdeaIC2021.2/temp-testng-customsuite.xml
	at java.base/java.util.ArrayList.forEach(ArrayList.java:1511)
	at com.intellij.rt.testng.IDEARemoteTestNG.run(IDEARemoteTestNG.java:66)
	at com.intellij.rt.testng.RemoteTestNGStarter.main(RemoteTestNGStarter.java:109)
... Removed 25 stack frames</div></td></tr></table><p class="totop"><a href="#summary">back to summary</a></p>
<h3 id="m19">lesson9_10_Selenium_PageObjectTests2_BaseTest.LoginTest#loginTest_wrongCridentials1</h3><table class="result"><tr><th>Exception</th></tr><tr><td><div class="stacktrace">org.testng.TestNGException: 
Parameter &apos;email&apos; is required by BeforeMethod on method startUp but has not been marked @Optional or defined
in /Users/kamilmaratovic/Library/Caches/JetBrains/IdeaIC2021.2/temp-testng-customsuite.xml
	at java.base/java.util.ArrayList.forEach(ArrayList.java:1511)
	at com.intellij.rt.testng.IDEARemoteTestNG.run(IDEARemoteTestNG.java:66)
	at com.intellij.rt.testng.RemoteTestNGStarter.main(RemoteTestNGStarter.java:109)
... Removed 25 stack frames</div></td></tr></table><p class="totop"><a href="#summary">back to summary</a></p>
<h3 id="m20">lesson9_10_Selenium_PageObjectTests2_BaseTest.LoginTest#loginTest_wrongCridentials2</h3><table class="result"><tr><th>Exception</th></tr><tr><td><div class="stacktrace">org.testng.TestNGException: 
Parameter &apos;email&apos; is required by BeforeMethod on method startUp but has not been marked @Optional or defined
in /Users/kamilmaratovic/Library/Caches/JetBrains/IdeaIC2021.2/temp-testng-customsuite.xml
	at java.base/java.util.ArrayList.forEach(ArrayList.java:1511)
	at com.intellij.rt.testng.IDEARemoteTestNG.run(IDEARemoteTestNG.java:66)
	at com.intellij.rt.testng.RemoteTestNGStarter.main(RemoteTestNGStarter.java:109)
... Removed 25 stack frames</div></td></tr></table><p class="totop"><a href="#summary">back to summary</a></p>
<h3 id="m21">lesson9_10_Selenium_PageObjectTests2_BaseTest.LoginTest_A#loginTest_correctCredentialsA</h3><table class="result"><tr><th>Exception</th></tr><tr><td><div class="stacktrace">org.testng.TestNGException: 
Parameter &apos;email&apos; is required by BeforeMethod on method startUp but has not been marked @Optional or defined
in /Users/kamilmaratovic/Library/Caches/JetBrains/IdeaIC2021.2/temp-testng-customsuite.xml
	at java.base/java.util.ArrayList.forEach(ArrayList.java:1511)
	at com.intellij.rt.testng.IDEARemoteTestNG.run(IDEARemoteTestNG.java:66)
	at com.intellij.rt.testng.RemoteTestNGStarter.main(RemoteTestNGStarter.java:109)
... Removed 25 stack frames</div></td></tr></table><p class="totop"><a href="#summary">back to summary</a></p>
<h3 id="m22">lesson9_10_Selenium_PageObjectTests2_BaseTest.LoginTest_A#loginTest_wrongCridentials1A</h3><table class="result"><tr><th>Exception</th></tr><tr><td><div class="stacktrace">org.testng.TestNGException: 
Parameter &apos;email&apos; is required by BeforeMethod on method startUp but has not been marked @Optional or defined
in /Users/kamilmaratovic/Library/Caches/JetBrains/IdeaIC2021.2/temp-testng-customsuite.xml
	at java.base/java.util.ArrayList.forEach(ArrayList.java:1511)
	at com.intellij.rt.testng.IDEARemoteTestNG.run(IDEARemoteTestNG.java:66)
	at com.intellij.rt.testng.RemoteTestNGStarter.main(RemoteTestNGStarter.java:109)
... Removed 25 stack frames</div></td></tr></table><p class="totop"><a href="#summary">back to summary</a></p>
<h3 id="m23">lesson9_10_Selenium_PageObjectTests2_BaseTest.LoginTest_A#loginTest_wrongCridentialsA</h3><table class="result"><tr><th>Exception</th></tr><tr><td><div class="stacktrace">org.testng.TestNGException: 
Parameter &apos;email&apos; is required by BeforeMethod on method startUp but has not been marked @Optional or defined
in /Users/kamilmaratovic/Library/Caches/JetBrains/IdeaIC2021.2/temp-testng-customsuite.xml
	at java.base/java.util.ArrayList.forEach(ArrayList.java:1511)
	at com.intellij.rt.testng.IDEARemoteTestNG.run(IDEARemoteTestNG.java:66)
	at com.intellij.rt.testng.RemoteTestNGStarter.main(RemoteTestNGStarter.java:109)
... Removed 25 stack frames</div></td></tr></table><p class="totop"><a href="#summary">back to summary</a></p>
<h3 id="m24">lesson9_10_Selenium_PageObjectTests2_BaseTest.PlaylistTest#playlistTest_createPlayList_playlistCreated</h3><table class="result"><tr><th>Exception</th></tr><tr><td><div class="stacktrace">org.testng.TestNGException: 
Parameter &apos;email&apos; is required by BeforeMethod on method startUp but has not been marked @Optional or defined
in /Users/kamilmaratovic/Library/Caches/JetBrains/IdeaIC2021.2/temp-testng-customsuite.xml
	at java.base/java.util.ArrayList.forEach(ArrayList.java:1511)
	at com.intellij.rt.testng.IDEARemoteTestNG.run(IDEARemoteTestNG.java:66)
	at com.intellij.rt.testng.RemoteTestNGStarter.main(RemoteTestNGStarter.java:109)
... Removed 25 stack frames</div></td></tr></table><p class="totop"><a href="#summary">back to summary</a></p>
<h3 id="m25">lesson9_10_Selenium_PageObjectTests2_BaseTest.PlaylistTest#playlistTest_deletePlaylists_playlistDeleted</h3><table class="result"><tr><th>Exception</th></tr><tr><td><div class="stacktrace">org.testng.TestNGException: 
Parameter &apos;email&apos; is required by BeforeMethod on method startUp but has not been marked @Optional or defined
in /Users/kamilmaratovic/Library/Caches/JetBrains/IdeaIC2021.2/temp-testng-customsuite.xml
	at java.base/java.util.ArrayList.forEach(ArrayList.java:1511)
	at com.intellij.rt.testng.IDEARemoteTestNG.run(IDEARemoteTestNG.java:66)
	at com.intellij.rt.testng.RemoteTestNGStarter.main(RemoteTestNGStarter.java:109)
... Removed 25 stack frames</div></td></tr></table><p class="totop"><a href="#summary">back to summary</a></p>
<h3 id="m26">lesson9_10_Selenium_PageObjectTests2_BaseTest.PlaylistTest#playlistTest_renamePlaylist_playlistRenamed</h3><table class="result"><tr><th>Exception</th></tr><tr><td><div class="stacktrace">org.testng.TestNGException: 
Parameter &apos;email&apos; is required by BeforeMethod on method startUp but has not been marked @Optional or defined
in /Users/kamilmaratovic/Library/Caches/JetBrains/IdeaIC2021.2/temp-testng-customsuite.xml
	at java.base/java.util.ArrayList.forEach(ArrayList.java:1511)
	at com.intellij.rt.testng.IDEARemoteTestNG.run(IDEARemoteTestNG.java:66)
	at com.intellij.rt.testng.RemoteTestNGStarter.main(RemoteTestNGStarter.java:109)
... Removed 25 stack frames</div></td></tr></table><p class="totop"><a href="#summary">back to summary</a></p>
</body>
</html>
