<!DOCTYPE html>

<html>
  <head>
  <meta charset='utf-8'>
  <title>TestNG reports</title>

    <link type="text/css" href="testng-reports1.css" rel="stylesheet" id="ultra" />
    <link type="text/css" href="testng-reports.css" rel="stylesheet" id="retro" disabled="false"/>
    <script type="text/javascript" src="jquery.min.js"></script>
    <script type="text/javascript" src="testng-reports.js"></script>
    <script type="text/javascript" src="https://www.google.com/jsapi"></script>
    <script type='text/javascript'>
      google.load('visualization', '1', {packages:['table']});
      google.setOnLoadCallback(drawTable);
      var suiteTableInitFunctions = new Array();
      var suiteTableData = new Array();
    </script>
    <!--
      <script type="text/javascript" src="jquery-ui/js/jquery-ui-1.8.16.custom.min.js"></script>
     -->
  </head>

  <body>
    <div class="top-banner-root">
      <span class="top-banner-title-font">Test results</span>
      <button id="button" class="button">Switch Retro Theme</button> <!-- button -->
      <br/>
      <span class="top-banner-font-1">1 suite</span>
    </div> <!-- top-banner-root -->
    <div class="navigator-root">
      <div class="navigator-suite-header">
        <span>All suites</span>
        <a href="#" title="Collapse/expand all the suites" class="collapse-all-link">
          <img src="collapseall.gif" class="collapse-all-icon">
          </img> <!-- collapse-all-icon -->
        </a> <!-- collapse-all-link -->
      </div> <!-- navigator-suite-header -->
      <div class="suite">
        <div class="rounded-window">
          <div class="suite-header light-rounded-window-top">
            <a href="#" panel-name="suite-MasterSuite" class="navigator-link">
              <span class="suite-name border-skipped">MasterSuite</span>
            </a> <!-- navigator-link -->
          </div> <!-- suite-header light-rounded-window-top -->
          <div class="navigator-suite-content">
            <div class="suite-section-title">
              <span>Info</span>
            </div> <!-- suite-section-title -->
            <div class="suite-section-content">
              <ul>
                <li>
                  <a href="#" panel-name="test-xml-MasterSuite" class="navigator-link ">
                    <span>testNG.xml</span>
                  </a> <!-- navigator-link  -->
                </li>
                <li>
                  <a href="#" panel-name="testlist-MasterSuite" class="navigator-link ">
                    <span class="test-stats">1 test</span>
                  </a> <!-- navigator-link  -->
                </li>
                <li>
                  <a href="#" panel-name="group-MasterSuite" class="navigator-link ">
                    <span>0 groups</span>
                  </a> <!-- navigator-link  -->
                </li>
                <li>
                  <a href="#" panel-name="times-MasterSuite" class="navigator-link ">
                    <span>Times</span>
                  </a> <!-- navigator-link  -->
                </li>
                <li>
                  <a href="#" panel-name="reporter-MasterSuite" class="navigator-link ">
                    <span>Reporter output</span>
                  </a> <!-- navigator-link  -->
                </li>
                <li>
                  <a href="#" panel-name="ignored-methods-MasterSuite" class="navigator-link ">
                    <span>Ignored methods</span>
                  </a> <!-- navigator-link  -->
                </li>
                <li>
                  <a href="#" panel-name="chronological-MasterSuite" class="navigator-link ">
                    <span>Chronological view</span>
                  </a> <!-- navigator-link  -->
                </li>
              </ul>
            </div> <!-- suite-section-content -->
            <div class="result-section">
              <div class="suite-section-title">
                <span>Results</span>
              </div> <!-- suite-section-title -->
              <div class="suite-section-content">
                <ul>
                  <li>
                    <span class="method-stats">24 methods,  24 skipped,  </span>
                  </li>
                  <li>
                    <span class="method-list-title skipped">Skipped methods</span>
                    <span class="show-or-hide-methods skipped">
                      <a href="#" panel-name="suite-MasterSuite" class="hide-methods skipped suite-MasterSuite"> (hide)</a> <!-- hide-methods skipped suite-MasterSuite -->
                      <a href="#" panel-name="suite-MasterSuite" class="show-methods skipped suite-MasterSuite"> (show)</a> <!-- show-methods skipped suite-MasterSuite -->
                    </span>
                    <div class="method-list-content skipped suite-MasterSuite">
                      <span>
                        <img src="skipped.png" width="3%"/>
                        <a href="#" panel-name="suite-MasterSuite" title="lesson9_10_Selenium_PageObjectTests2_BaseTest.LoginTest" class="method navigator-link" hash-for-method="loginTest_correctCredentials1">loginTest_correctCredentials1</a> <!-- method navigator-link -->
                      </span>
                      <br/>
                      <span>
                        <img src="skipped.png" width="3%"/>
                        <a href="#" panel-name="suite-MasterSuite" title="lesson9_10_Selenium_PageObjectTests2_BaseTest.LoginTest_A" class="method navigator-link" hash-for-method="loginTest_correctCredentials1A">loginTest_correctCredentials1A</a> <!-- method navigator-link -->
                      </span>
                      <br/>
                      <span>
                        <img src="skipped.png" width="3%"/>
                        <a href="#" panel-name="suite-MasterSuite" title="lesson9_10_Selenium_PageObjectTests2_BaseTest.LoginTest" class="method navigator-link" hash-for-method="loginTest_correctCredentials2">loginTest_correctCredentials2</a> <!-- method navigator-link -->
                      </span>
                      <br/>
                      <span>
                        <img src="skipped.png" width="3%"/>
                        <a href="#" panel-name="suite-MasterSuite" title="lesson9_10_Selenium_PageObjectTests2_BaseTest.LoginTest_A" class="method navigator-link" hash-for-method="loginTest_correctCredentials2A">loginTest_correctCredentials2A</a> <!-- method navigator-link -->
                      </span>
                      <br/>
                      <span>
                        <img src="skipped.png" width="3%"/>
                        <a href="#" panel-name="suite-MasterSuite" title="lesson9_10_Selenium_PageObjectTests2_BaseTest.LoginTest_A" class="method navigator-link" hash-for-method="loginTest_correctCredentialsA">loginTest_correctCredentialsA</a> <!-- method navigator-link -->
                      </span>
                      <br/>
                      <span>
                        <img src="skipped.png" width="3%"/>
                        <a href="#" panel-name="suite-MasterSuite" title="lesson9_10_Selenium_PageObjectTests2_BaseTest.LoginTest" class="method navigator-link" hash-for-method="loginTest_wrongCridentials1">loginTest_wrongCridentials1</a> <!-- method navigator-link -->
                      </span>
                      <br/>
                      <span>
                        <img src="skipped.png" width="3%"/>
                        <a href="#" panel-name="suite-MasterSuite" title="lesson9_10_Selenium_PageObjectTests2_BaseTest.LoginTest_A" class="method navigator-link" hash-for-method="loginTest_wrongCridentials1A">loginTest_wrongCridentials1A</a> <!-- method navigator-link -->
                      </span>
                      <br/>
                      <span>
                        <img src="skipped.png" width="3%"/>
                        <a href="#" panel-name="suite-MasterSuite" title="lesson9_10_Selenium_PageObjectTests2_BaseTest.LoginTest" class="method navigator-link" hash-for-method="loginTest_wrongCridentials2">loginTest_wrongCridentials2</a> <!-- method navigator-link -->
                      </span>
                      <br/>
                      <span>
                        <img src="skipped.png" width="3%"/>
                        <a href="#" panel-name="suite-MasterSuite" title="lesson9_10_Selenium_PageObjectTests2_BaseTest.LoginTest_A" class="method navigator-link" hash-for-method="loginTest_wrongCridentials2A">loginTest_wrongCridentials2A</a> <!-- method navigator-link -->
                      </span>
                      <br/>
                      <span>
                        <img src="skipped.png" width="3%"/>
                        <a href="#" panel-name="suite-MasterSuite" title="lesson9_10_Selenium_PageObjectTests2_BaseTest.LoginTest_A" class="method navigator-link" hash-for-method="loginTest_wrongCridentialsA">loginTest_wrongCridentialsA</a> <!-- method navigator-link -->
                      </span>
                      <br/>
                      <span>
                        <img src="skipped.png" width="3%"/>
                        <a href="#" panel-name="suite-MasterSuite" title="lesson9_10_Selenium_PageObjectTests2_BaseTest.PlaylistTest" class="method navigator-link" hash-for-method="playlistTest_createPlayList_playlistCreated">playlistTest_createPlayList_playlistCreated</a> <!-- method navigator-link -->
                      </span>
                      <br/>
                      <span>
                        <img src="skipped.png" width="3%"/>
                        <a href="#" panel-name="suite-MasterSuite" title="lesson9_10_Selenium_PageObjectTests2_BaseTest.PlaylistTest_A" class="method navigator-link" hash-for-method="playlistTest_createPlayList_playlistCreatedA">playlistTest_createPlayList_playlistCreatedA</a> <!-- method navigator-link -->
                      </span>
                      <br/>
                      <span>
                        <img src="skipped.png" width="3%"/>
                        <a href="#" panel-name="suite-MasterSuite" title="lesson9_10_Selenium_PageObjectTests2_BaseTest.PlaylistTest" class="method navigator-link" hash-for-method="playlistTest_deletePlaylists_playlistDeleted">playlistTest_deletePlaylists_playlistDeleted</a> <!-- method navigator-link -->
                      </span>
                      <br/>
                      <span>
                        <img src="skipped.png" width="3%"/>
                        <a href="#" panel-name="suite-MasterSuite" title="lesson9_10_Selenium_PageObjectTests2_BaseTest.PlaylistTest" class="method navigator-link" hash-for-method="playlistTest_deletePlaylists_playlistDeleted1">playlistTest_deletePlaylists_playlistDeleted1</a> <!-- method navigator-link -->
                      </span>
                      <br/>
                      <span>
                        <img src="skipped.png" width="3%"/>
                        <a href="#" panel-name="suite-MasterSuite" title="lesson9_10_Selenium_PageObjectTests2_BaseTest.PlaylistTest_A" class="method navigator-link" hash-for-method="playlistTest_deletePlaylists_playlistDeleted1A">playlistTest_deletePlaylists_playlistDeleted1A</a> <!-- method navigator-link -->
                      </span>
                      <br/>
                      <span>
                        <img src="skipped.png" width="3%"/>
                        <a href="#" panel-name="suite-MasterSuite" title="lesson9_10_Selenium_PageObjectTests2_BaseTest.PlaylistTest_A" class="method navigator-link" hash-for-method="playlistTest_deletePlaylists_playlistDeletedA">playlistTest_deletePlaylists_playlistDeletedA</a> <!-- method navigator-link -->
                      </span>
                      <br/>
                      <span>
                        <img src="skipped.png" width="3%"/>
                        <a href="#" panel-name="suite-MasterSuite" title="lesson9_10_Selenium_PageObjectTests2_BaseTest.PlaylistTest" class="method navigator-link" hash-for-method="playlistTest_renamePlaylist_playlistRenamed">playlistTest_renamePlaylist_playlistRenamed</a> <!-- method navigator-link -->
                      </span>
                      <br/>
                      <span>
                        <img src="skipped.png" width="3%"/>
                        <a href="#" panel-name="suite-MasterSuite" title="lesson9_10_Selenium_PageObjectTests2_BaseTest.PlaylistTest" class="method navigator-link" hash-for-method="playlistTest_renamePlaylist_playlistRenamed1">playlistTest_renamePlaylist_playlistRenamed1</a> <!-- method navigator-link -->
                      </span>
                      <br/>
                      <span>
                        <img src="skipped.png" width="3%"/>
                        <a href="#" panel-name="suite-MasterSuite" title="lesson9_10_Selenium_PageObjectTests2_BaseTest.PlaylistTest_A" class="method navigator-link" hash-for-method="playlistTest_renamePlaylist_playlistRenamed1A">playlistTest_renamePlaylist_playlistRenamed1A</a> <!-- method navigator-link -->
                      </span>
                      <br/>
                      <span>
                        <img src="skipped.png" width="3%"/>
                        <a href="#" panel-name="suite-MasterSuite" title="lesson9_10_Selenium_PageObjectTests2_BaseTest.PlaylistTest_A" class="method navigator-link" hash-for-method="playlistTest_renamePlaylist_playlistRenamedA">playlistTest_renamePlaylist_playlistRenamedA</a> <!-- method navigator-link -->
                      </span>
                      <br/>
                      <span>
                        <img src="skipped.png" width="3%"/>
                        <a href="#" panel-name="suite-MasterSuite" title="lesson9_10_Selenium_PageObjectTests2_BaseTest.PlaylistTest" class="method navigator-link" hash-for-method="songTest_addSongToFavorites_songAdded">songTest_addSongToFavorites_songAdded</a> <!-- method navigator-link -->
                      </span>
                      <br/>
                      <span>
                        <img src="skipped.png" width="3%"/>
                        <a href="#" panel-name="suite-MasterSuite" title="lesson9_10_Selenium_PageObjectTests2_BaseTest.PlaylistTest" class="method navigator-link" hash-for-method="songTest_addSongToFavorites_songAdded1">songTest_addSongToFavorites_songAdded1</a> <!-- method navigator-link -->
                      </span>
                      <br/>
                      <span>
                        <img src="skipped.png" width="3%"/>
                        <a href="#" panel-name="suite-MasterSuite" title="lesson9_10_Selenium_PageObjectTests2_BaseTest.PlaylistTest_A" class="method navigator-link" hash-for-method="songTest_addSongToFavorites_songAdded1A">songTest_addSongToFavorites_songAdded1A</a> <!-- method navigator-link -->
                      </span>
                      <br/>
                      <span>
                        <img src="skipped.png" width="3%"/>
                        <a href="#" panel-name="suite-MasterSuite" title="lesson9_10_Selenium_PageObjectTests2_BaseTest.PlaylistTest_A" class="method navigator-link" hash-for-method="songTest_addSongToFavorites_songAddedA">songTest_addSongToFavorites_songAddedA</a> <!-- method navigator-link -->
                      </span>
                      <br/>
                    </div> <!-- method-list-content skipped suite-MasterSuite -->
                  </li>
                </ul>
              </div> <!-- suite-section-content -->
            </div> <!-- result-section -->
          </div> <!-- navigator-suite-content -->
        </div> <!-- rounded-window -->
      </div> <!-- suite -->
    </div> <!-- navigator-root -->
    <div class="wrapper">
      <div class="main-panel-root">
        <div panel-name="suite-MasterSuite" class="panel MasterSuite">
          <div class="suite-MasterSuite-class-skipped">
            <div class="main-panel-header rounded-window-top">
              <img src="skipped.png"/>
              <span class="class-name">lesson9_10_Selenium_PageObjectTests2_BaseTest.PlaylistTest</span>
            </div> <!-- main-panel-header rounded-window-top -->
            <div class="main-panel-content rounded-window-bottom">
              <div class="method">
                <div class="method-content">
                  <a name="playlistTest_createPlayList_playlistCreated">
                  </a> <!-- playlistTest_createPlayList_playlistCreated -->
                  <span class="method-name">playlistTest_createPlayList_playlistCreated</span>
                  <div class="stack-trace">org.openqa.selenium.SessionNotCreatedException: session not created: This version of ChromeDriver only supports Chrome version 91
Current browser version is 93.0.4577.63 with binary path /Applications/Google Chrome.app/Contents/MacOS/Google Chrome
Build info: version: &apos;3.141.59&apos;, revision: &apos;e82be7d358&apos;, time: &apos;2018-11-14T08:17:03&apos;
System info: host: &apos;MBP-Kamil&apos;, ip: &apos;fdcb:6e76:c610:1:8fc:ea78:43a0:41f8%en0&apos;, os.name: &apos;Mac OS X&apos;, os.arch: &apos;x86_64&apos;, os.version: &apos;10.16&apos;, java.version: &apos;14.0.2&apos;
Driver info: driver.version: ChromeDriver
remote stacktrace: 0   chromedriver                        0x00000001077fd649 chromedriver + 2741833
1   chromedriver                        0x0000000107eb3fb3 chromedriver + 9781171
2   chromedriver                        0x000000010758a308 chromedriver + 172808
3   chromedriver                        0x00000001075afcc1 chromedriver + 326849
4   chromedriver                        0x00000001075ab983 chromedriver + 309635
5   chromedriver                        0x00000001075a8016 chromedriver + 294934
6   chromedriver                        0x00000001075e04c0 chromedriver + 525504
7   chromedriver                        0x00000001075db363 chromedriver + 504675
8   chromedriver                        0x00000001075b1ef1 chromedriver + 335601
9   chromedriver                        0x00000001075b3125 chromedriver + 340261
10  chromedriver                        0x00000001077c475c chromedriver + 2508636
11  chromedriver                        0x00000001077d7686 chromedriver + 2586246
12  chromedriver                        0x00000001077a9b51 chromedriver + 2399057
13  chromedriver                        0x00000001077d8a5f chromedriver + 2591327
14  chromedriver                        0x00000001077ba6ec chromedriver + 2467564
15  chromedriver                        0x00000001077f22d8 chromedriver + 2695896
16  chromedriver                        0x00000001077f246b chromedriver + 2696299
17  chromedriver                        0x0000000107802558 chromedriver + 2762072
18  libsystem_pthread.dylib             0x00007fff204128fc _pthread_start + 224
19  libsystem_pthread.dylib             0x00007fff2040e443 thread_start + 15

	at org.openqa.selenium.remote.W3CHandshakeResponse.lambda$errorHandler$0(W3CHandshakeResponse.java:62)
	at org.openqa.selenium.remote.HandshakeResponse.lambda$getResponseFunction$0(HandshakeResponse.java:30)
	at org.openqa.selenium.remote.ProtocolHandshake.lambda$createSession$0(ProtocolHandshake.java:126)
	at java.base/java.util.stream.ReferencePipeline$3$1.accept(ReferencePipeline.java:195)
	at java.base/java.util.Spliterators$ArraySpliterator.tryAdvance(Spliterators.java:958)
	at java.base/java.util.stream.ReferencePipeline.forEachWithCancel(ReferencePipeline.java:127)
	at java.base/java.util.stream.AbstractPipeline.copyIntoWithCancel(AbstractPipeline.java:502)
	at java.base/java.util.stream.AbstractPipeline.copyInto(AbstractPipeline.java:488)
	at java.base/java.util.stream.AbstractPipeline.wrapAndCopyInto(AbstractPipeline.java:474)
	at java.base/java.util.stream.FindOps$FindOp.evaluateSequential(FindOps.java:150)
	at java.base/java.util.stream.AbstractPipeline.evaluate(AbstractPipeline.java:234)
	at java.base/java.util.stream.ReferencePipeline.findFirst(ReferencePipeline.java:543)
	at org.openqa.selenium.remote.ProtocolHandshake.createSession(ProtocolHandshake.java:128)
	at org.openqa.selenium.remote.ProtocolHandshake.createSession(ProtocolHandshake.java:74)
	at org.openqa.selenium.remote.HttpCommandExecutor.execute(HttpCommandExecutor.java:136)
	at org.openqa.selenium.remote.service.DriverCommandExecutor.execute(DriverCommandExecutor.java:83)
	at org.openqa.selenium.remote.RemoteWebDriver.execute(RemoteWebDriver.java:552)
	at org.openqa.selenium.remote.RemoteWebDriver.startSession(RemoteWebDriver.java:213)
	at org.openqa.selenium.remote.RemoteWebDriver.&lt;init&gt;(RemoteWebDriver.java:131)
	at org.openqa.selenium.chrome.ChromeDriver.&lt;init&gt;(ChromeDriver.java:181)
	at org.openqa.selenium.chrome.ChromeDriver.&lt;init&gt;(ChromeDriver.java:168)
	at org.openqa.selenium.chrome.ChromeDriver.&lt;init&gt;(ChromeDriver.java:157)
	at lesson11_Selenium_BrowserFabric.enums.BrowserFabric.getChromeDriver(BrowserFabric.java:57)
	at lesson11_Selenium_BrowserFabric.enums.BrowserFabric.getWebdriver(BrowserFabric.java:26)
	at lesson9_10_Selenium_PageObjectTests2_BaseTest.BaseTest.startUp(BaseTest.java:35)
	at java.base/java.util.concurrent.ThreadPoolExecutor.runWorker(ThreadPoolExecutor.java:1130)
	at java.base/java.util.concurrent.ThreadPoolExecutor$Worker.run(ThreadPoolExecutor.java:630)
	at java.base/java.lang.Thread.run(Thread.java:832)
... Removed 21 stack frames
</div> <!-- stack-trace -->
                </div> <!-- method-content -->
              </div> <!-- method -->
              <div class="method">
                <div class="method-content">
                  <a name="playlistTest_deletePlaylists_playlistDeleted">
                  </a> <!-- playlistTest_deletePlaylists_playlistDeleted -->
                  <span class="method-name">playlistTest_deletePlaylists_playlistDeleted</span>
                  <div class="stack-trace">org.openqa.selenium.SessionNotCreatedException: session not created: This version of ChromeDriver only supports Chrome version 91
Current browser version is 93.0.4577.63 with binary path /Applications/Google Chrome.app/Contents/MacOS/Google Chrome
Build info: version: &apos;3.141.59&apos;, revision: &apos;e82be7d358&apos;, time: &apos;2018-11-14T08:17:03&apos;
System info: host: &apos;MBP-Kamil&apos;, ip: &apos;fdcb:6e76:c610:1:8fc:ea78:43a0:41f8%en0&apos;, os.name: &apos;Mac OS X&apos;, os.arch: &apos;x86_64&apos;, os.version: &apos;10.16&apos;, java.version: &apos;14.0.2&apos;
Driver info: driver.version: ChromeDriver
remote stacktrace: 0   chromedriver                        0x00000001077fd649 chromedriver + 2741833
1   chromedriver                        0x0000000107eb3fb3 chromedriver + 9781171
2   chromedriver                        0x000000010758a308 chromedriver + 172808
3   chromedriver                        0x00000001075afcc1 chromedriver + 326849
4   chromedriver                        0x00000001075ab983 chromedriver + 309635
5   chromedriver                        0x00000001075a8016 chromedriver + 294934
6   chromedriver                        0x00000001075e04c0 chromedriver + 525504
7   chromedriver                        0x00000001075db363 chromedriver + 504675
8   chromedriver                        0x00000001075b1ef1 chromedriver + 335601
9   chromedriver                        0x00000001075b3125 chromedriver + 340261
10  chromedriver                        0x00000001077c475c chromedriver + 2508636
11  chromedriver                        0x00000001077d7686 chromedriver + 2586246
12  chromedriver                        0x00000001077a9b51 chromedriver + 2399057
13  chromedriver                        0x00000001077d8a5f chromedriver + 2591327
14  chromedriver                        0x00000001077ba6ec chromedriver + 2467564
15  chromedriver                        0x00000001077f22d8 chromedriver + 2695896
16  chromedriver                        0x00000001077f246b chromedriver + 2696299
17  chromedriver                        0x0000000107802558 chromedriver + 2762072
18  libsystem_pthread.dylib             0x00007fff204128fc _pthread_start + 224
19  libsystem_pthread.dylib             0x00007fff2040e443 thread_start + 15

	at org.openqa.selenium.remote.W3CHandshakeResponse.lambda$errorHandler$0(W3CHandshakeResponse.java:62)
	at org.openqa.selenium.remote.HandshakeResponse.lambda$getResponseFunction$0(HandshakeResponse.java:30)
	at org.openqa.selenium.remote.ProtocolHandshake.lambda$createSession$0(ProtocolHandshake.java:126)
	at java.base/java.util.stream.ReferencePipeline$3$1.accept(ReferencePipeline.java:195)
	at java.base/java.util.Spliterators$ArraySpliterator.tryAdvance(Spliterators.java:958)
	at java.base/java.util.stream.ReferencePipeline.forEachWithCancel(ReferencePipeline.java:127)
	at java.base/java.util.stream.AbstractPipeline.copyIntoWithCancel(AbstractPipeline.java:502)
	at java.base/java.util.stream.AbstractPipeline.copyInto(AbstractPipeline.java:488)
	at java.base/java.util.stream.AbstractPipeline.wrapAndCopyInto(AbstractPipeline.java:474)
	at java.base/java.util.stream.FindOps$FindOp.evaluateSequential(FindOps.java:150)
	at java.base/java.util.stream.AbstractPipeline.evaluate(AbstractPipeline.java:234)
	at java.base/java.util.stream.ReferencePipeline.findFirst(ReferencePipeline.java:543)
	at org.openqa.selenium.remote.ProtocolHandshake.createSession(ProtocolHandshake.java:128)
	at org.openqa.selenium.remote.ProtocolHandshake.createSession(ProtocolHandshake.java:74)
	at org.openqa.selenium.remote.HttpCommandExecutor.execute(HttpCommandExecutor.java:136)
	at org.openqa.selenium.remote.service.DriverCommandExecutor.execute(DriverCommandExecutor.java:83)
	at org.openqa.selenium.remote.RemoteWebDriver.execute(RemoteWebDriver.java:552)
	at org.openqa.selenium.remote.RemoteWebDriver.startSession(RemoteWebDriver.java:213)
	at org.openqa.selenium.remote.RemoteWebDriver.&lt;init&gt;(RemoteWebDriver.java:131)
	at org.openqa.selenium.chrome.ChromeDriver.&lt;init&gt;(ChromeDriver.java:181)
	at org.openqa.selenium.chrome.ChromeDriver.&lt;init&gt;(ChromeDriver.java:168)
	at org.openqa.selenium.chrome.ChromeDriver.&lt;init&gt;(ChromeDriver.java:157)
	at lesson11_Selenium_BrowserFabric.enums.BrowserFabric.getChromeDriver(BrowserFabric.java:57)
	at lesson11_Selenium_BrowserFabric.enums.BrowserFabric.getWebdriver(BrowserFabric.java:26)
	at lesson9_10_Selenium_PageObjectTests2_BaseTest.BaseTest.startUp(BaseTest.java:35)
	at java.base/java.util.concurrent.ThreadPoolExecutor.runWorker(ThreadPoolExecutor.java:1130)
	at java.base/java.util.concurrent.ThreadPoolExecutor$Worker.run(ThreadPoolExecutor.java:630)
	at java.base/java.lang.Thread.run(Thread.java:832)
... Removed 21 stack frames
</div> <!-- stack-trace -->
                </div> <!-- method-content -->
              </div> <!-- method -->
              <div class="method">
                <div class="method-content">
                  <a name="playlistTest_deletePlaylists_playlistDeleted1">
                  </a> <!-- playlistTest_deletePlaylists_playlistDeleted1 -->
                  <span class="method-name">playlistTest_deletePlaylists_playlistDeleted1</span>
                  <div class="stack-trace">org.openqa.selenium.SessionNotCreatedException: session not created: This version of ChromeDriver only supports Chrome version 91
Current browser version is 93.0.4577.63 with binary path /Applications/Google Chrome.app/Contents/MacOS/Google Chrome
Build info: version: &apos;3.141.59&apos;, revision: &apos;e82be7d358&apos;, time: &apos;2018-11-14T08:17:03&apos;
System info: host: &apos;MBP-Kamil&apos;, ip: &apos;fdcb:6e76:c610:1:8fc:ea78:43a0:41f8%en0&apos;, os.name: &apos;Mac OS X&apos;, os.arch: &apos;x86_64&apos;, os.version: &apos;10.16&apos;, java.version: &apos;14.0.2&apos;
Driver info: driver.version: ChromeDriver
remote stacktrace: 0   chromedriver                        0x00000001077fd649 chromedriver + 2741833
1   chromedriver                        0x0000000107eb3fb3 chromedriver + 9781171
2   chromedriver                        0x000000010758a308 chromedriver + 172808
3   chromedriver                        0x00000001075afcc1 chromedriver + 326849
4   chromedriver                        0x00000001075ab983 chromedriver + 309635
5   chromedriver                        0x00000001075a8016 chromedriver + 294934
6   chromedriver                        0x00000001075e04c0 chromedriver + 525504
7   chromedriver                        0x00000001075db363 chromedriver + 504675
8   chromedriver                        0x00000001075b1ef1 chromedriver + 335601
9   chromedriver                        0x00000001075b3125 chromedriver + 340261
10  chromedriver                        0x00000001077c475c chromedriver + 2508636
11  chromedriver                        0x00000001077d7686 chromedriver + 2586246
12  chromedriver                        0x00000001077a9b51 chromedriver + 2399057
13  chromedriver                        0x00000001077d8a5f chromedriver + 2591327
14  chromedriver                        0x00000001077ba6ec chromedriver + 2467564
15  chromedriver                        0x00000001077f22d8 chromedriver + 2695896
16  chromedriver                        0x00000001077f246b chromedriver + 2696299
17  chromedriver                        0x0000000107802558 chromedriver + 2762072
18  libsystem_pthread.dylib             0x00007fff204128fc _pthread_start + 224
19  libsystem_pthread.dylib             0x00007fff2040e443 thread_start + 15

	at org.openqa.selenium.remote.W3CHandshakeResponse.lambda$errorHandler$0(W3CHandshakeResponse.java:62)
	at org.openqa.selenium.remote.HandshakeResponse.lambda$getResponseFunction$0(HandshakeResponse.java:30)
	at org.openqa.selenium.remote.ProtocolHandshake.lambda$createSession$0(ProtocolHandshake.java:126)
	at java.base/java.util.stream.ReferencePipeline$3$1.accept(ReferencePipeline.java:195)
	at java.base/java.util.Spliterators$ArraySpliterator.tryAdvance(Spliterators.java:958)
	at java.base/java.util.stream.ReferencePipeline.forEachWithCancel(ReferencePipeline.java:127)
	at java.base/java.util.stream.AbstractPipeline.copyIntoWithCancel(AbstractPipeline.java:502)
	at java.base/java.util.stream.AbstractPipeline.copyInto(AbstractPipeline.java:488)
	at java.base/java.util.stream.AbstractPipeline.wrapAndCopyInto(AbstractPipeline.java:474)
	at java.base/java.util.stream.FindOps$FindOp.evaluateSequential(FindOps.java:150)
	at java.base/java.util.stream.AbstractPipeline.evaluate(AbstractPipeline.java:234)
	at java.base/java.util.stream.ReferencePipeline.findFirst(ReferencePipeline.java:543)
	at org.openqa.selenium.remote.ProtocolHandshake.createSession(ProtocolHandshake.java:128)
	at org.openqa.selenium.remote.ProtocolHandshake.createSession(ProtocolHandshake.java:74)
	at org.openqa.selenium.remote.HttpCommandExecutor.execute(HttpCommandExecutor.java:136)
	at org.openqa.selenium.remote.service.DriverCommandExecutor.execute(DriverCommandExecutor.java:83)
	at org.openqa.selenium.remote.RemoteWebDriver.execute(RemoteWebDriver.java:552)
	at org.openqa.selenium.remote.RemoteWebDriver.startSession(RemoteWebDriver.java:213)
	at org.openqa.selenium.remote.RemoteWebDriver.&lt;init&gt;(RemoteWebDriver.java:131)
	at org.openqa.selenium.chrome.ChromeDriver.&lt;init&gt;(ChromeDriver.java:181)
	at org.openqa.selenium.chrome.ChromeDriver.&lt;init&gt;(ChromeDriver.java:168)
	at org.openqa.selenium.chrome.ChromeDriver.&lt;init&gt;(ChromeDriver.java:157)
	at lesson11_Selenium_BrowserFabric.enums.BrowserFabric.getChromeDriver(BrowserFabric.java:57)
	at lesson11_Selenium_BrowserFabric.enums.BrowserFabric.getWebdriver(BrowserFabric.java:26)
	at lesson9_10_Selenium_PageObjectTests2_BaseTest.BaseTest.startUp(BaseTest.java:35)
	at java.base/java.util.concurrent.ThreadPoolExecutor.runWorker(ThreadPoolExecutor.java:1130)
	at java.base/java.util.concurrent.ThreadPoolExecutor$Worker.run(ThreadPoolExecutor.java:630)
	at java.base/java.lang.Thread.run(Thread.java:832)
... Removed 21 stack frames
</div> <!-- stack-trace -->
                </div> <!-- method-content -->
              </div> <!-- method -->
              <div class="method">
                <div class="method-content">
                  <a name="playlistTest_renamePlaylist_playlistRenamed">
                  </a> <!-- playlistTest_renamePlaylist_playlistRenamed -->
                  <span class="method-name">playlistTest_renamePlaylist_playlistRenamed</span>
                  <div class="stack-trace">org.openqa.selenium.SessionNotCreatedException: session not created: This version of ChromeDriver only supports Chrome version 91
Current browser version is 93.0.4577.63 with binary path /Applications/Google Chrome.app/Contents/MacOS/Google Chrome
Build info: version: &apos;3.141.59&apos;, revision: &apos;e82be7d358&apos;, time: &apos;2018-11-14T08:17:03&apos;
System info: host: &apos;MBP-Kamil&apos;, ip: &apos;fdcb:6e76:c610:1:8fc:ea78:43a0:41f8%en0&apos;, os.name: &apos;Mac OS X&apos;, os.arch: &apos;x86_64&apos;, os.version: &apos;10.16&apos;, java.version: &apos;14.0.2&apos;
Driver info: driver.version: ChromeDriver
remote stacktrace: 0   chromedriver                        0x00000001077fd649 chromedriver + 2741833
1   chromedriver                        0x0000000107eb3fb3 chromedriver + 9781171
2   chromedriver                        0x000000010758a308 chromedriver + 172808
3   chromedriver                        0x00000001075afcc1 chromedriver + 326849
4   chromedriver                        0x00000001075ab983 chromedriver + 309635
5   chromedriver                        0x00000001075a8016 chromedriver + 294934
6   chromedriver                        0x00000001075e04c0 chromedriver + 525504
7   chromedriver                        0x00000001075db363 chromedriver + 504675
8   chromedriver                        0x00000001075b1ef1 chromedriver + 335601
9   chromedriver                        0x00000001075b3125 chromedriver + 340261
10  chromedriver                        0x00000001077c475c chromedriver + 2508636
11  chromedriver                        0x00000001077d7686 chromedriver + 2586246
12  chromedriver                        0x00000001077a9b51 chromedriver + 2399057
13  chromedriver                        0x00000001077d8a5f chromedriver + 2591327
14  chromedriver                        0x00000001077ba6ec chromedriver + 2467564
15  chromedriver                        0x00000001077f22d8 chromedriver + 2695896
16  chromedriver                        0x00000001077f246b chromedriver + 2696299
17  chromedriver                        0x0000000107802558 chromedriver + 2762072
18  libsystem_pthread.dylib             0x00007fff204128fc _pthread_start + 224
19  libsystem_pthread.dylib             0x00007fff2040e443 thread_start + 15

	at org.openqa.selenium.remote.W3CHandshakeResponse.lambda$errorHandler$0(W3CHandshakeResponse.java:62)
	at org.openqa.selenium.remote.HandshakeResponse.lambda$getResponseFunction$0(HandshakeResponse.java:30)
	at org.openqa.selenium.remote.ProtocolHandshake.lambda$createSession$0(ProtocolHandshake.java:126)
	at java.base/java.util.stream.ReferencePipeline$3$1.accept(ReferencePipeline.java:195)
	at java.base/java.util.Spliterators$ArraySpliterator.tryAdvance(Spliterators.java:958)
	at java.base/java.util.stream.ReferencePipeline.forEachWithCancel(ReferencePipeline.java:127)
	at java.base/java.util.stream.AbstractPipeline.copyIntoWithCancel(AbstractPipeline.java:502)
	at java.base/java.util.stream.AbstractPipeline.copyInto(AbstractPipeline.java:488)
	at java.base/java.util.stream.AbstractPipeline.wrapAndCopyInto(AbstractPipeline.java:474)
	at java.base/java.util.stream.FindOps$FindOp.evaluateSequential(FindOps.java:150)
	at java.base/java.util.stream.AbstractPipeline.evaluate(AbstractPipeline.java:234)
	at java.base/java.util.stream.ReferencePipeline.findFirst(ReferencePipeline.java:543)
	at org.openqa.selenium.remote.ProtocolHandshake.createSession(ProtocolHandshake.java:128)
	at org.openqa.selenium.remote.ProtocolHandshake.createSession(ProtocolHandshake.java:74)
	at org.openqa.selenium.remote.HttpCommandExecutor.execute(HttpCommandExecutor.java:136)
	at org.openqa.selenium.remote.service.DriverCommandExecutor.execute(DriverCommandExecutor.java:83)
	at org.openqa.selenium.remote.RemoteWebDriver.execute(RemoteWebDriver.java:552)
	at org.openqa.selenium.remote.RemoteWebDriver.startSession(RemoteWebDriver.java:213)
	at org.openqa.selenium.remote.RemoteWebDriver.&lt;init&gt;(RemoteWebDriver.java:131)
	at org.openqa.selenium.chrome.ChromeDriver.&lt;init&gt;(ChromeDriver.java:181)
	at org.openqa.selenium.chrome.ChromeDriver.&lt;init&gt;(ChromeDriver.java:168)
	at org.openqa.selenium.chrome.ChromeDriver.&lt;init&gt;(ChromeDriver.java:157)
	at lesson11_Selenium_BrowserFabric.enums.BrowserFabric.getChromeDriver(BrowserFabric.java:57)
	at lesson11_Selenium_BrowserFabric.enums.BrowserFabric.getWebdriver(BrowserFabric.java:26)
	at lesson9_10_Selenium_PageObjectTests2_BaseTest.BaseTest.startUp(BaseTest.java:35)
	at java.base/java.util.concurrent.ThreadPoolExecutor.runWorker(ThreadPoolExecutor.java:1130)
	at java.base/java.util.concurrent.ThreadPoolExecutor$Worker.run(ThreadPoolExecutor.java:630)
	at java.base/java.lang.Thread.run(Thread.java:832)
... Removed 21 stack frames
</div> <!-- stack-trace -->
                </div> <!-- method-content -->
              </div> <!-- method -->
              <div class="method">
                <div class="method-content">
                  <a name="playlistTest_renamePlaylist_playlistRenamed1">
                  </a> <!-- playlistTest_renamePlaylist_playlistRenamed1 -->
                  <span class="method-name">playlistTest_renamePlaylist_playlistRenamed1</span>
                  <div class="stack-trace">org.openqa.selenium.SessionNotCreatedException: session not created: This version of ChromeDriver only supports Chrome version 91
Current browser version is 93.0.4577.63 with binary path /Applications/Google Chrome.app/Contents/MacOS/Google Chrome
Build info: version: &apos;3.141.59&apos;, revision: &apos;e82be7d358&apos;, time: &apos;2018-11-14T08:17:03&apos;
System info: host: &apos;MBP-Kamil&apos;, ip: &apos;fdcb:6e76:c610:1:8fc:ea78:43a0:41f8%en0&apos;, os.name: &apos;Mac OS X&apos;, os.arch: &apos;x86_64&apos;, os.version: &apos;10.16&apos;, java.version: &apos;14.0.2&apos;
Driver info: driver.version: ChromeDriver
remote stacktrace: 0   chromedriver                        0x00000001077fd649 chromedriver + 2741833
1   chromedriver                        0x0000000107eb3fb3 chromedriver + 9781171
2   chromedriver                        0x000000010758a308 chromedriver + 172808
3   chromedriver                        0x00000001075afcc1 chromedriver + 326849
4   chromedriver                        0x00000001075ab983 chromedriver + 309635
5   chromedriver                        0x00000001075a8016 chromedriver + 294934
6   chromedriver                        0x00000001075e04c0 chromedriver + 525504
7   chromedriver                        0x00000001075db363 chromedriver + 504675
8   chromedriver                        0x00000001075b1ef1 chromedriver + 335601
9   chromedriver                        0x00000001075b3125 chromedriver + 340261
10  chromedriver                        0x00000001077c475c chromedriver + 2508636
11  chromedriver                        0x00000001077d7686 chromedriver + 2586246
12  chromedriver                        0x00000001077a9b51 chromedriver + 2399057
13  chromedriver                        0x00000001077d8a5f chromedriver + 2591327
14  chromedriver                        0x00000001077ba6ec chromedriver + 2467564
15  chromedriver                        0x00000001077f22d8 chromedriver + 2695896
16  chromedriver                        0x00000001077f246b chromedriver + 2696299
17  chromedriver                        0x0000000107802558 chromedriver + 2762072
18  libsystem_pthread.dylib             0x00007fff204128fc _pthread_start + 224
19  libsystem_pthread.dylib             0x00007fff2040e443 thread_start + 15

	at org.openqa.selenium.remote.W3CHandshakeResponse.lambda$errorHandler$0(W3CHandshakeResponse.java:62)
	at org.openqa.selenium.remote.HandshakeResponse.lambda$getResponseFunction$0(HandshakeResponse.java:30)
	at org.openqa.selenium.remote.ProtocolHandshake.lambda$createSession$0(ProtocolHandshake.java:126)
	at java.base/java.util.stream.ReferencePipeline$3$1.accept(ReferencePipeline.java:195)
	at java.base/java.util.Spliterators$ArraySpliterator.tryAdvance(Spliterators.java:958)
	at java.base/java.util.stream.ReferencePipeline.forEachWithCancel(ReferencePipeline.java:127)
	at java.base/java.util.stream.AbstractPipeline.copyIntoWithCancel(AbstractPipeline.java:502)
	at java.base/java.util.stream.AbstractPipeline.copyInto(AbstractPipeline.java:488)
	at java.base/java.util.stream.AbstractPipeline.wrapAndCopyInto(AbstractPipeline.java:474)
	at java.base/java.util.stream.FindOps$FindOp.evaluateSequential(FindOps.java:150)
	at java.base/java.util.stream.AbstractPipeline.evaluate(AbstractPipeline.java:234)
	at java.base/java.util.stream.ReferencePipeline.findFirst(ReferencePipeline.java:543)
	at org.openqa.selenium.remote.ProtocolHandshake.createSession(ProtocolHandshake.java:128)
	at org.openqa.selenium.remote.ProtocolHandshake.createSession(ProtocolHandshake.java:74)
	at org.openqa.selenium.remote.HttpCommandExecutor.execute(HttpCommandExecutor.java:136)
	at org.openqa.selenium.remote.service.DriverCommandExecutor.execute(DriverCommandExecutor.java:83)
	at org.openqa.selenium.remote.RemoteWebDriver.execute(RemoteWebDriver.java:552)
	at org.openqa.selenium.remote.RemoteWebDriver.startSession(RemoteWebDriver.java:213)
	at org.openqa.selenium.remote.RemoteWebDriver.&lt;init&gt;(RemoteWebDriver.java:131)
	at org.openqa.selenium.chrome.ChromeDriver.&lt;init&gt;(ChromeDriver.java:181)
	at org.openqa.selenium.chrome.ChromeDriver.&lt;init&gt;(ChromeDriver.java:168)
	at org.openqa.selenium.chrome.ChromeDriver.&lt;init&gt;(ChromeDriver.java:157)
	at lesson11_Selenium_BrowserFabric.enums.BrowserFabric.getChromeDriver(BrowserFabric.java:57)
	at lesson11_Selenium_BrowserFabric.enums.BrowserFabric.getWebdriver(BrowserFabric.java:26)
	at lesson9_10_Selenium_PageObjectTests2_BaseTest.BaseTest.startUp(BaseTest.java:35)
	at java.base/java.util.concurrent.ThreadPoolExecutor.runWorker(ThreadPoolExecutor.java:1130)
	at java.base/java.util.concurrent.ThreadPoolExecutor$Worker.run(ThreadPoolExecutor.java:630)
	at java.base/java.lang.Thread.run(Thread.java:832)
... Removed 21 stack frames
</div> <!-- stack-trace -->
                </div> <!-- method-content -->
              </div> <!-- method -->
              <div class="method">
                <div class="method-content">
                  <a name="songTest_addSongToFavorites_songAdded">
                  </a> <!-- songTest_addSongToFavorites_songAdded -->
                  <span class="method-name">songTest_addSongToFavorites_songAdded</span>
                  <div class="stack-trace">org.openqa.selenium.SessionNotCreatedException: session not created: This version of ChromeDriver only supports Chrome version 91
Current browser version is 93.0.4577.63 with binary path /Applications/Google Chrome.app/Contents/MacOS/Google Chrome
Build info: version: &apos;3.141.59&apos;, revision: &apos;e82be7d358&apos;, time: &apos;2018-11-14T08:17:03&apos;
System info: host: &apos;MBP-Kamil&apos;, ip: &apos;fdcb:6e76:c610:1:8fc:ea78:43a0:41f8%en0&apos;, os.name: &apos;Mac OS X&apos;, os.arch: &apos;x86_64&apos;, os.version: &apos;10.16&apos;, java.version: &apos;14.0.2&apos;
Driver info: driver.version: ChromeDriver
remote stacktrace: 0   chromedriver                        0x00000001077fd649 chromedriver + 2741833
1   chromedriver                        0x0000000107eb3fb3 chromedriver + 9781171
2   chromedriver                        0x000000010758a308 chromedriver + 172808
3   chromedriver                        0x00000001075afcc1 chromedriver + 326849
4   chromedriver                        0x00000001075ab983 chromedriver + 309635
5   chromedriver                        0x00000001075a8016 chromedriver + 294934
6   chromedriver                        0x00000001075e04c0 chromedriver + 525504
7   chromedriver                        0x00000001075db363 chromedriver + 504675
8   chromedriver                        0x00000001075b1ef1 chromedriver + 335601
9   chromedriver                        0x00000001075b3125 chromedriver + 340261
10  chromedriver                        0x00000001077c475c chromedriver + 2508636
11  chromedriver                        0x00000001077d7686 chromedriver + 2586246
12  chromedriver                        0x00000001077a9b51 chromedriver + 2399057
13  chromedriver                        0x00000001077d8a5f chromedriver + 2591327
14  chromedriver                        0x00000001077ba6ec chromedriver + 2467564
15  chromedriver                        0x00000001077f22d8 chromedriver + 2695896
16  chromedriver                        0x00000001077f246b chromedriver + 2696299
17  chromedriver                        0x0000000107802558 chromedriver + 2762072
18  libsystem_pthread.dylib             0x00007fff204128fc _pthread_start + 224
19  libsystem_pthread.dylib             0x00007fff2040e443 thread_start + 15

	at org.openqa.selenium.remote.W3CHandshakeResponse.lambda$errorHandler$0(W3CHandshakeResponse.java:62)
	at org.openqa.selenium.remote.HandshakeResponse.lambda$getResponseFunction$0(HandshakeResponse.java:30)
	at org.openqa.selenium.remote.ProtocolHandshake.lambda$createSession$0(ProtocolHandshake.java:126)
	at java.base/java.util.stream.ReferencePipeline$3$1.accept(ReferencePipeline.java:195)
	at java.base/java.util.Spliterators$ArraySpliterator.tryAdvance(Spliterators.java:958)
	at java.base/java.util.stream.ReferencePipeline.forEachWithCancel(ReferencePipeline.java:127)
	at java.base/java.util.stream.AbstractPipeline.copyIntoWithCancel(AbstractPipeline.java:502)
	at java.base/java.util.stream.AbstractPipeline.copyInto(AbstractPipeline.java:488)
	at java.base/java.util.stream.AbstractPipeline.wrapAndCopyInto(AbstractPipeline.java:474)
	at java.base/java.util.stream.FindOps$FindOp.evaluateSequential(FindOps.java:150)
	at java.base/java.util.stream.AbstractPipeline.evaluate(AbstractPipeline.java:234)
	at java.base/java.util.stream.ReferencePipeline.findFirst(ReferencePipeline.java:543)
	at org.openqa.selenium.remote.ProtocolHandshake.createSession(ProtocolHandshake.java:128)
	at org.openqa.selenium.remote.ProtocolHandshake.createSession(ProtocolHandshake.java:74)
	at org.openqa.selenium.remote.HttpCommandExecutor.execute(HttpCommandExecutor.java:136)
	at org.openqa.selenium.remote.service.DriverCommandExecutor.execute(DriverCommandExecutor.java:83)
	at org.openqa.selenium.remote.RemoteWebDriver.execute(RemoteWebDriver.java:552)
	at org.openqa.selenium.remote.RemoteWebDriver.startSession(RemoteWebDriver.java:213)
	at org.openqa.selenium.remote.RemoteWebDriver.&lt;init&gt;(RemoteWebDriver.java:131)
	at org.openqa.selenium.chrome.ChromeDriver.&lt;init&gt;(ChromeDriver.java:181)
	at org.openqa.selenium.chrome.ChromeDriver.&lt;init&gt;(ChromeDriver.java:168)
	at org.openqa.selenium.chrome.ChromeDriver.&lt;init&gt;(ChromeDriver.java:157)
	at lesson11_Selenium_BrowserFabric.enums.BrowserFabric.getChromeDriver(BrowserFabric.java:57)
	at lesson11_Selenium_BrowserFabric.enums.BrowserFabric.getWebdriver(BrowserFabric.java:26)
	at lesson9_10_Selenium_PageObjectTests2_BaseTest.BaseTest.startUp(BaseTest.java:35)
	at java.base/java.util.concurrent.ThreadPoolExecutor.runWorker(ThreadPoolExecutor.java:1130)
	at java.base/java.util.concurrent.ThreadPoolExecutor$Worker.run(ThreadPoolExecutor.java:630)
	at java.base/java.lang.Thread.run(Thread.java:832)
... Removed 21 stack frames
</div> <!-- stack-trace -->
                </div> <!-- method-content -->
              </div> <!-- method -->
              <div class="method">
                <div class="method-content">
                  <a name="songTest_addSongToFavorites_songAdded1">
                  </a> <!-- songTest_addSongToFavorites_songAdded1 -->
                  <span class="method-name">songTest_addSongToFavorites_songAdded1</span>
                  <div class="stack-trace">org.openqa.selenium.SessionNotCreatedException: session not created: This version of ChromeDriver only supports Chrome version 91
Current browser version is 93.0.4577.63 with binary path /Applications/Google Chrome.app/Contents/MacOS/Google Chrome
Build info: version: &apos;3.141.59&apos;, revision: &apos;e82be7d358&apos;, time: &apos;2018-11-14T08:17:03&apos;
System info: host: &apos;MBP-Kamil&apos;, ip: &apos;fdcb:6e76:c610:1:8fc:ea78:43a0:41f8%en0&apos;, os.name: &apos;Mac OS X&apos;, os.arch: &apos;x86_64&apos;, os.version: &apos;10.16&apos;, java.version: &apos;14.0.2&apos;
Driver info: driver.version: ChromeDriver
remote stacktrace: 0   chromedriver                        0x00000001077fd649 chromedriver + 2741833
1   chromedriver                        0x0000000107eb3fb3 chromedriver + 9781171
2   chromedriver                        0x000000010758a308 chromedriver + 172808
3   chromedriver                        0x00000001075afcc1 chromedriver + 326849
4   chromedriver                        0x00000001075ab983 chromedriver + 309635
5   chromedriver                        0x00000001075a8016 chromedriver + 294934
6   chromedriver                        0x00000001075e04c0 chromedriver + 525504
7   chromedriver                        0x00000001075db363 chromedriver + 504675
8   chromedriver                        0x00000001075b1ef1 chromedriver + 335601
9   chromedriver                        0x00000001075b3125 chromedriver + 340261
10  chromedriver                        0x00000001077c475c chromedriver + 2508636
11  chromedriver                        0x00000001077d7686 chromedriver + 2586246
12  chromedriver                        0x00000001077a9b51 chromedriver + 2399057
13  chromedriver                        0x00000001077d8a5f chromedriver + 2591327
14  chromedriver                        0x00000001077ba6ec chromedriver + 2467564
15  chromedriver                        0x00000001077f22d8 chromedriver + 2695896
16  chromedriver                        0x00000001077f246b chromedriver + 2696299
17  chromedriver                        0x0000000107802558 chromedriver + 2762072
18  libsystem_pthread.dylib             0x00007fff204128fc _pthread_start + 224
19  libsystem_pthread.dylib             0x00007fff2040e443 thread_start + 15

	at org.openqa.selenium.remote.W3CHandshakeResponse.lambda$errorHandler$0(W3CHandshakeResponse.java:62)
	at org.openqa.selenium.remote.HandshakeResponse.lambda$getResponseFunction$0(HandshakeResponse.java:30)
	at org.openqa.selenium.remote.ProtocolHandshake.lambda$createSession$0(ProtocolHandshake.java:126)
	at java.base/java.util.stream.ReferencePipeline$3$1.accept(ReferencePipeline.java:195)
	at java.base/java.util.Spliterators$ArraySpliterator.tryAdvance(Spliterators.java:958)
	at java.base/java.util.stream.ReferencePipeline.forEachWithCancel(ReferencePipeline.java:127)
	at java.base/java.util.stream.AbstractPipeline.copyIntoWithCancel(AbstractPipeline.java:502)
	at java.base/java.util.stream.AbstractPipeline.copyInto(AbstractPipeline.java:488)
	at java.base/java.util.stream.AbstractPipeline.wrapAndCopyInto(AbstractPipeline.java:474)
	at java.base/java.util.stream.FindOps$FindOp.evaluateSequential(FindOps.java:150)
	at java.base/java.util.stream.AbstractPipeline.evaluate(AbstractPipeline.java:234)
	at java.base/java.util.stream.ReferencePipeline.findFirst(ReferencePipeline.java:543)
	at org.openqa.selenium.remote.ProtocolHandshake.createSession(ProtocolHandshake.java:128)
	at org.openqa.selenium.remote.ProtocolHandshake.createSession(ProtocolHandshake.java:74)
	at org.openqa.selenium.remote.HttpCommandExecutor.execute(HttpCommandExecutor.java:136)
	at org.openqa.selenium.remote.service.DriverCommandExecutor.execute(DriverCommandExecutor.java:83)
	at org.openqa.selenium.remote.RemoteWebDriver.execute(RemoteWebDriver.java:552)
	at org.openqa.selenium.remote.RemoteWebDriver.startSession(RemoteWebDriver.java:213)
	at org.openqa.selenium.remote.RemoteWebDriver.&lt;init&gt;(RemoteWebDriver.java:131)
	at org.openqa.selenium.chrome.ChromeDriver.&lt;init&gt;(ChromeDriver.java:181)
	at org.openqa.selenium.chrome.ChromeDriver.&lt;init&gt;(ChromeDriver.java:168)
	at org.openqa.selenium.chrome.ChromeDriver.&lt;init&gt;(ChromeDriver.java:157)
	at lesson11_Selenium_BrowserFabric.enums.BrowserFabric.getChromeDriver(BrowserFabric.java:57)
	at lesson11_Selenium_BrowserFabric.enums.BrowserFabric.getWebdriver(BrowserFabric.java:26)
	at lesson9_10_Selenium_PageObjectTests2_BaseTest.BaseTest.startUp(BaseTest.java:35)
	at java.base/java.util.concurrent.ThreadPoolExecutor.runWorker(ThreadPoolExecutor.java:1130)
	at java.base/java.util.concurrent.ThreadPoolExecutor$Worker.run(ThreadPoolExecutor.java:630)
	at java.base/java.lang.Thread.run(Thread.java:832)
... Removed 21 stack frames
</div> <!-- stack-trace -->
                </div> <!-- method-content -->
              </div> <!-- method -->
            </div> <!-- main-panel-content rounded-window-bottom -->
          </div> <!-- suite-MasterSuite-class-skipped -->
          <div class="suite-MasterSuite-class-skipped">
            <div class="main-panel-header rounded-window-top">
              <img src="skipped.png"/>
              <span class="class-name">lesson9_10_Selenium_PageObjectTests2_BaseTest.LoginTest_A</span>
            </div> <!-- main-panel-header rounded-window-top -->
            <div class="main-panel-content rounded-window-bottom">
              <div class="method">
                <div class="method-content">
                  <a name="loginTest_correctCredentials1A">
                  </a> <!-- loginTest_correctCredentials1A -->
                  <span class="method-name">loginTest_correctCredentials1A</span>
                  <div class="stack-trace">org.openqa.selenium.SessionNotCreatedException: session not created: This version of ChromeDriver only supports Chrome version 91
Current browser version is 93.0.4577.63 with binary path /Applications/Google Chrome.app/Contents/MacOS/Google Chrome
Build info: version: &apos;3.141.59&apos;, revision: &apos;e82be7d358&apos;, time: &apos;2018-11-14T08:17:03&apos;
System info: host: &apos;MBP-Kamil&apos;, ip: &apos;fdcb:6e76:c610:1:8fc:ea78:43a0:41f8%en0&apos;, os.name: &apos;Mac OS X&apos;, os.arch: &apos;x86_64&apos;, os.version: &apos;10.16&apos;, java.version: &apos;14.0.2&apos;
Driver info: driver.version: ChromeDriver
remote stacktrace: 0   chromedriver                        0x000000010be77649 chromedriver + 2741833
1   chromedriver                        0x000000010c52dfb3 chromedriver + 9781171
2   chromedriver                        0x000000010bc04308 chromedriver + 172808
3   chromedriver                        0x000000010bc29cc1 chromedriver + 326849
4   chromedriver                        0x000000010bc25983 chromedriver + 309635
5   chromedriver                        0x000000010bc22016 chromedriver + 294934
6   chromedriver                        0x000000010bc5a4c0 chromedriver + 525504
7   chromedriver                        0x000000010bc55363 chromedriver + 504675
8   chromedriver                        0x000000010bc2bef1 chromedriver + 335601
9   chromedriver                        0x000000010bc2d125 chromedriver + 340261
10  chromedriver                        0x000000010be3e75c chromedriver + 2508636
11  chromedriver                        0x000000010be51686 chromedriver + 2586246
12  chromedriver                        0x000000010be23b51 chromedriver + 2399057
13  chromedriver                        0x000000010be52a5f chromedriver + 2591327
14  chromedriver                        0x000000010be346ec chromedriver + 2467564
15  chromedriver                        0x000000010be6c2d8 chromedriver + 2695896
16  chromedriver                        0x000000010be6c46b chromedriver + 2696299
17  chromedriver                        0x000000010be7c558 chromedriver + 2762072
18  libsystem_pthread.dylib             0x00007fff204128fc _pthread_start + 224
19  libsystem_pthread.dylib             0x00007fff2040e443 thread_start + 15

	at org.openqa.selenium.remote.W3CHandshakeResponse.lambda$errorHandler$0(W3CHandshakeResponse.java:62)
	at org.openqa.selenium.remote.HandshakeResponse.lambda$getResponseFunction$0(HandshakeResponse.java:30)
	at org.openqa.selenium.remote.ProtocolHandshake.lambda$createSession$0(ProtocolHandshake.java:126)
	at java.base/java.util.stream.ReferencePipeline$3$1.accept(ReferencePipeline.java:195)
	at java.base/java.util.Spliterators$ArraySpliterator.tryAdvance(Spliterators.java:958)
	at java.base/java.util.stream.ReferencePipeline.forEachWithCancel(ReferencePipeline.java:127)
	at java.base/java.util.stream.AbstractPipeline.copyIntoWithCancel(AbstractPipeline.java:502)
	at java.base/java.util.stream.AbstractPipeline.copyInto(AbstractPipeline.java:488)
	at java.base/java.util.stream.AbstractPipeline.wrapAndCopyInto(AbstractPipeline.java:474)
	at java.base/java.util.stream.FindOps$FindOp.evaluateSequential(FindOps.java:150)
	at java.base/java.util.stream.AbstractPipeline.evaluate(AbstractPipeline.java:234)
	at java.base/java.util.stream.ReferencePipeline.findFirst(ReferencePipeline.java:543)
	at org.openqa.selenium.remote.ProtocolHandshake.createSession(ProtocolHandshake.java:128)
	at org.openqa.selenium.remote.ProtocolHandshake.createSession(ProtocolHandshake.java:74)
	at org.openqa.selenium.remote.HttpCommandExecutor.execute(HttpCommandExecutor.java:136)
	at org.openqa.selenium.remote.service.DriverCommandExecutor.execute(DriverCommandExecutor.java:83)
	at org.openqa.selenium.remote.RemoteWebDriver.execute(RemoteWebDriver.java:552)
	at org.openqa.selenium.remote.RemoteWebDriver.startSession(RemoteWebDriver.java:213)
	at org.openqa.selenium.remote.RemoteWebDriver.&lt;init&gt;(RemoteWebDriver.java:131)
	at org.openqa.selenium.chrome.ChromeDriver.&lt;init&gt;(ChromeDriver.java:181)
	at org.openqa.selenium.chrome.ChromeDriver.&lt;init&gt;(ChromeDriver.java:168)
	at org.openqa.selenium.chrome.ChromeDriver.&lt;init&gt;(ChromeDriver.java:157)
	at lesson11_Selenium_BrowserFabric.enums.BrowserFabric.getChromeDriver(BrowserFabric.java:57)
	at lesson11_Selenium_BrowserFabric.enums.BrowserFabric.getWebdriver(BrowserFabric.java:26)
	at lesson9_10_Selenium_PageObjectTests2_BaseTest.BaseTest.startUp(BaseTest.java:35)
	at java.base/java.util.concurrent.ThreadPoolExecutor.runWorker(ThreadPoolExecutor.java:1130)
	at java.base/java.util.concurrent.ThreadPoolExecutor$Worker.run(ThreadPoolExecutor.java:630)
	at java.base/java.lang.Thread.run(Thread.java:832)
... Removed 21 stack frames
</div> <!-- stack-trace -->
                </div> <!-- method-content -->
              </div> <!-- method -->
              <div class="method">
                <div class="method-content">
                  <a name="loginTest_correctCredentials2A">
                  </a> <!-- loginTest_correctCredentials2A -->
                  <span class="method-name">loginTest_correctCredentials2A</span>
                  <div class="stack-trace">org.openqa.selenium.SessionNotCreatedException: session not created: This version of ChromeDriver only supports Chrome version 91
Current browser version is 93.0.4577.63 with binary path /Applications/Google Chrome.app/Contents/MacOS/Google Chrome
Build info: version: &apos;3.141.59&apos;, revision: &apos;e82be7d358&apos;, time: &apos;2018-11-14T08:17:03&apos;
System info: host: &apos;MBP-Kamil&apos;, ip: &apos;fdcb:6e76:c610:1:8fc:ea78:43a0:41f8%en0&apos;, os.name: &apos;Mac OS X&apos;, os.arch: &apos;x86_64&apos;, os.version: &apos;10.16&apos;, java.version: &apos;14.0.2&apos;
Driver info: driver.version: ChromeDriver
remote stacktrace: 0   chromedriver                        0x000000010be77649 chromedriver + 2741833
1   chromedriver                        0x000000010c52dfb3 chromedriver + 9781171
2   chromedriver                        0x000000010bc04308 chromedriver + 172808
3   chromedriver                        0x000000010bc29cc1 chromedriver + 326849
4   chromedriver                        0x000000010bc25983 chromedriver + 309635
5   chromedriver                        0x000000010bc22016 chromedriver + 294934
6   chromedriver                        0x000000010bc5a4c0 chromedriver + 525504
7   chromedriver                        0x000000010bc55363 chromedriver + 504675
8   chromedriver                        0x000000010bc2bef1 chromedriver + 335601
9   chromedriver                        0x000000010bc2d125 chromedriver + 340261
10  chromedriver                        0x000000010be3e75c chromedriver + 2508636
11  chromedriver                        0x000000010be51686 chromedriver + 2586246
12  chromedriver                        0x000000010be23b51 chromedriver + 2399057
13  chromedriver                        0x000000010be52a5f chromedriver + 2591327
14  chromedriver                        0x000000010be346ec chromedriver + 2467564
15  chromedriver                        0x000000010be6c2d8 chromedriver + 2695896
16  chromedriver                        0x000000010be6c46b chromedriver + 2696299
17  chromedriver                        0x000000010be7c558 chromedriver + 2762072
18  libsystem_pthread.dylib             0x00007fff204128fc _pthread_start + 224
19  libsystem_pthread.dylib             0x00007fff2040e443 thread_start + 15

	at org.openqa.selenium.remote.W3CHandshakeResponse.lambda$errorHandler$0(W3CHandshakeResponse.java:62)
	at org.openqa.selenium.remote.HandshakeResponse.lambda$getResponseFunction$0(HandshakeResponse.java:30)
	at org.openqa.selenium.remote.ProtocolHandshake.lambda$createSession$0(ProtocolHandshake.java:126)
	at java.base/java.util.stream.ReferencePipeline$3$1.accept(ReferencePipeline.java:195)
	at java.base/java.util.Spliterators$ArraySpliterator.tryAdvance(Spliterators.java:958)
	at java.base/java.util.stream.ReferencePipeline.forEachWithCancel(ReferencePipeline.java:127)
	at java.base/java.util.stream.AbstractPipeline.copyIntoWithCancel(AbstractPipeline.java:502)
	at java.base/java.util.stream.AbstractPipeline.copyInto(AbstractPipeline.java:488)
	at java.base/java.util.stream.AbstractPipeline.wrapAndCopyInto(AbstractPipeline.java:474)
	at java.base/java.util.stream.FindOps$FindOp.evaluateSequential(FindOps.java:150)
	at java.base/java.util.stream.AbstractPipeline.evaluate(AbstractPipeline.java:234)
	at java.base/java.util.stream.ReferencePipeline.findFirst(ReferencePipeline.java:543)
	at org.openqa.selenium.remote.ProtocolHandshake.createSession(ProtocolHandshake.java:128)
	at org.openqa.selenium.remote.ProtocolHandshake.createSession(ProtocolHandshake.java:74)
	at org.openqa.selenium.remote.HttpCommandExecutor.execute(HttpCommandExecutor.java:136)
	at org.openqa.selenium.remote.service.DriverCommandExecutor.execute(DriverCommandExecutor.java:83)
	at org.openqa.selenium.remote.RemoteWebDriver.execute(RemoteWebDriver.java:552)
	at org.openqa.selenium.remote.RemoteWebDriver.startSession(RemoteWebDriver.java:213)
	at org.openqa.selenium.remote.RemoteWebDriver.&lt;init&gt;(RemoteWebDriver.java:131)
	at org.openqa.selenium.chrome.ChromeDriver.&lt;init&gt;(ChromeDriver.java:181)
	at org.openqa.selenium.chrome.ChromeDriver.&lt;init&gt;(ChromeDriver.java:168)
	at org.openqa.selenium.chrome.ChromeDriver.&lt;init&gt;(ChromeDriver.java:157)
	at lesson11_Selenium_BrowserFabric.enums.BrowserFabric.getChromeDriver(BrowserFabric.java:57)
	at lesson11_Selenium_BrowserFabric.enums.BrowserFabric.getWebdriver(BrowserFabric.java:26)
	at lesson9_10_Selenium_PageObjectTests2_BaseTest.BaseTest.startUp(BaseTest.java:35)
	at java.base/java.util.concurrent.ThreadPoolExecutor.runWorker(ThreadPoolExecutor.java:1130)
	at java.base/java.util.concurrent.ThreadPoolExecutor$Worker.run(ThreadPoolExecutor.java:630)
	at java.base/java.lang.Thread.run(Thread.java:832)
... Removed 21 stack frames
</div> <!-- stack-trace -->
                </div> <!-- method-content -->
              </div> <!-- method -->
              <div class="method">
                <div class="method-content">
                  <a name="loginTest_correctCredentialsA">
                  </a> <!-- loginTest_correctCredentialsA -->
                  <span class="method-name">loginTest_correctCredentialsA</span>
                  <div class="stack-trace">org.openqa.selenium.SessionNotCreatedException: session not created: This version of ChromeDriver only supports Chrome version 91
Current browser version is 93.0.4577.63 with binary path /Applications/Google Chrome.app/Contents/MacOS/Google Chrome
Build info: version: &apos;3.141.59&apos;, revision: &apos;e82be7d358&apos;, time: &apos;2018-11-14T08:17:03&apos;
System info: host: &apos;MBP-Kamil&apos;, ip: &apos;fdcb:6e76:c610:1:8fc:ea78:43a0:41f8%en0&apos;, os.name: &apos;Mac OS X&apos;, os.arch: &apos;x86_64&apos;, os.version: &apos;10.16&apos;, java.version: &apos;14.0.2&apos;
Driver info: driver.version: ChromeDriver
remote stacktrace: 0   chromedriver                        0x000000010be77649 chromedriver + 2741833
1   chromedriver                        0x000000010c52dfb3 chromedriver + 9781171
2   chromedriver                        0x000000010bc04308 chromedriver + 172808
3   chromedriver                        0x000000010bc29cc1 chromedriver + 326849
4   chromedriver                        0x000000010bc25983 chromedriver + 309635
5   chromedriver                        0x000000010bc22016 chromedriver + 294934
6   chromedriver                        0x000000010bc5a4c0 chromedriver + 525504
7   chromedriver                        0x000000010bc55363 chromedriver + 504675
8   chromedriver                        0x000000010bc2bef1 chromedriver + 335601
9   chromedriver                        0x000000010bc2d125 chromedriver + 340261
10  chromedriver                        0x000000010be3e75c chromedriver + 2508636
11  chromedriver                        0x000000010be51686 chromedriver + 2586246
12  chromedriver                        0x000000010be23b51 chromedriver + 2399057
13  chromedriver                        0x000000010be52a5f chromedriver + 2591327
14  chromedriver                        0x000000010be346ec chromedriver + 2467564
15  chromedriver                        0x000000010be6c2d8 chromedriver + 2695896
16  chromedriver                        0x000000010be6c46b chromedriver + 2696299
17  chromedriver                        0x000000010be7c558 chromedriver + 2762072
18  libsystem_pthread.dylib             0x00007fff204128fc _pthread_start + 224
19  libsystem_pthread.dylib             0x00007fff2040e443 thread_start + 15

	at org.openqa.selenium.remote.W3CHandshakeResponse.lambda$errorHandler$0(W3CHandshakeResponse.java:62)
	at org.openqa.selenium.remote.HandshakeResponse.lambda$getResponseFunction$0(HandshakeResponse.java:30)
	at org.openqa.selenium.remote.ProtocolHandshake.lambda$createSession$0(ProtocolHandshake.java:126)
	at java.base/java.util.stream.ReferencePipeline$3$1.accept(ReferencePipeline.java:195)
	at java.base/java.util.Spliterators$ArraySpliterator.tryAdvance(Spliterators.java:958)
	at java.base/java.util.stream.ReferencePipeline.forEachWithCancel(ReferencePipeline.java:127)
	at java.base/java.util.stream.AbstractPipeline.copyIntoWithCancel(AbstractPipeline.java:502)
	at java.base/java.util.stream.AbstractPipeline.copyInto(AbstractPipeline.java:488)
	at java.base/java.util.stream.AbstractPipeline.wrapAndCopyInto(AbstractPipeline.java:474)
	at java.base/java.util.stream.FindOps$FindOp.evaluateSequential(FindOps.java:150)
	at java.base/java.util.stream.AbstractPipeline.evaluate(AbstractPipeline.java:234)
	at java.base/java.util.stream.ReferencePipeline.findFirst(ReferencePipeline.java:543)
	at org.openqa.selenium.remote.ProtocolHandshake.createSession(ProtocolHandshake.java:128)
	at org.openqa.selenium.remote.ProtocolHandshake.createSession(ProtocolHandshake.java:74)
	at org.openqa.selenium.remote.HttpCommandExecutor.execute(HttpCommandExecutor.java:136)
	at org.openqa.selenium.remote.service.DriverCommandExecutor.execute(DriverCommandExecutor.java:83)
	at org.openqa.selenium.remote.RemoteWebDriver.execute(RemoteWebDriver.java:552)
	at org.openqa.selenium.remote.RemoteWebDriver.startSession(RemoteWebDriver.java:213)
	at org.openqa.selenium.remote.RemoteWebDriver.&lt;init&gt;(RemoteWebDriver.java:131)
	at org.openqa.selenium.chrome.ChromeDriver.&lt;init&gt;(ChromeDriver.java:181)
	at org.openqa.selenium.chrome.ChromeDriver.&lt;init&gt;(ChromeDriver.java:168)
	at org.openqa.selenium.chrome.ChromeDriver.&lt;init&gt;(ChromeDriver.java:157)
	at lesson11_Selenium_BrowserFabric.enums.BrowserFabric.getChromeDriver(BrowserFabric.java:57)
	at lesson11_Selenium_BrowserFabric.enums.BrowserFabric.getWebdriver(BrowserFabric.java:26)
	at lesson9_10_Selenium_PageObjectTests2_BaseTest.BaseTest.startUp(BaseTest.java:35)
	at java.base/java.util.concurrent.ThreadPoolExecutor.runWorker(ThreadPoolExecutor.java:1130)
	at java.base/java.util.concurrent.ThreadPoolExecutor$Worker.run(ThreadPoolExecutor.java:630)
	at java.base/java.lang.Thread.run(Thread.java:832)
... Removed 21 stack frames
</div> <!-- stack-trace -->
                </div> <!-- method-content -->
              </div> <!-- method -->
              <div class="method">
                <div class="method-content">
                  <a name="loginTest_wrongCridentials1A">
                  </a> <!-- loginTest_wrongCridentials1A -->
                  <span class="method-name">loginTest_wrongCridentials1A</span>
                  <div class="stack-trace">org.openqa.selenium.SessionNotCreatedException: session not created: This version of ChromeDriver only supports Chrome version 91
Current browser version is 93.0.4577.63 with binary path /Applications/Google Chrome.app/Contents/MacOS/Google Chrome
Build info: version: &apos;3.141.59&apos;, revision: &apos;e82be7d358&apos;, time: &apos;2018-11-14T08:17:03&apos;
System info: host: &apos;MBP-Kamil&apos;, ip: &apos;fdcb:6e76:c610:1:8fc:ea78:43a0:41f8%en0&apos;, os.name: &apos;Mac OS X&apos;, os.arch: &apos;x86_64&apos;, os.version: &apos;10.16&apos;, java.version: &apos;14.0.2&apos;
Driver info: driver.version: ChromeDriver
remote stacktrace: 0   chromedriver                        0x000000010be77649 chromedriver + 2741833
1   chromedriver                        0x000000010c52dfb3 chromedriver + 9781171
2   chromedriver                        0x000000010bc04308 chromedriver + 172808
3   chromedriver                        0x000000010bc29cc1 chromedriver + 326849
4   chromedriver                        0x000000010bc25983 chromedriver + 309635
5   chromedriver                        0x000000010bc22016 chromedriver + 294934
6   chromedriver                        0x000000010bc5a4c0 chromedriver + 525504
7   chromedriver                        0x000000010bc55363 chromedriver + 504675
8   chromedriver                        0x000000010bc2bef1 chromedriver + 335601
9   chromedriver                        0x000000010bc2d125 chromedriver + 340261
10  chromedriver                        0x000000010be3e75c chromedriver + 2508636
11  chromedriver                        0x000000010be51686 chromedriver + 2586246
12  chromedriver                        0x000000010be23b51 chromedriver + 2399057
13  chromedriver                        0x000000010be52a5f chromedriver + 2591327
14  chromedriver                        0x000000010be346ec chromedriver + 2467564
15  chromedriver                        0x000000010be6c2d8 chromedriver + 2695896
16  chromedriver                        0x000000010be6c46b chromedriver + 2696299
17  chromedriver                        0x000000010be7c558 chromedriver + 2762072
18  libsystem_pthread.dylib             0x00007fff204128fc _pthread_start + 224
19  libsystem_pthread.dylib             0x00007fff2040e443 thread_start + 15

	at org.openqa.selenium.remote.W3CHandshakeResponse.lambda$errorHandler$0(W3CHandshakeResponse.java:62)
	at org.openqa.selenium.remote.HandshakeResponse.lambda$getResponseFunction$0(HandshakeResponse.java:30)
	at org.openqa.selenium.remote.ProtocolHandshake.lambda$createSession$0(ProtocolHandshake.java:126)
	at java.base/java.util.stream.ReferencePipeline$3$1.accept(ReferencePipeline.java:195)
	at java.base/java.util.Spliterators$ArraySpliterator.tryAdvance(Spliterators.java:958)
	at java.base/java.util.stream.ReferencePipeline.forEachWithCancel(ReferencePipeline.java:127)
	at java.base/java.util.stream.AbstractPipeline.copyIntoWithCancel(AbstractPipeline.java:502)
	at java.base/java.util.stream.AbstractPipeline.copyInto(AbstractPipeline.java:488)
	at java.base/java.util.stream.AbstractPipeline.wrapAndCopyInto(AbstractPipeline.java:474)
	at java.base/java.util.stream.FindOps$FindOp.evaluateSequential(FindOps.java:150)
	at java.base/java.util.stream.AbstractPipeline.evaluate(AbstractPipeline.java:234)
	at java.base/java.util.stream.ReferencePipeline.findFirst(ReferencePipeline.java:543)
	at org.openqa.selenium.remote.ProtocolHandshake.createSession(ProtocolHandshake.java:128)
	at org.openqa.selenium.remote.ProtocolHandshake.createSession(ProtocolHandshake.java:74)
	at org.openqa.selenium.remote.HttpCommandExecutor.execute(HttpCommandExecutor.java:136)
	at org.openqa.selenium.remote.service.DriverCommandExecutor.execute(DriverCommandExecutor.java:83)
	at org.openqa.selenium.remote.RemoteWebDriver.execute(RemoteWebDriver.java:552)
	at org.openqa.selenium.remote.RemoteWebDriver.startSession(RemoteWebDriver.java:213)
	at org.openqa.selenium.remote.RemoteWebDriver.&lt;init&gt;(RemoteWebDriver.java:131)
	at org.openqa.selenium.chrome.ChromeDriver.&lt;init&gt;(ChromeDriver.java:181)
	at org.openqa.selenium.chrome.ChromeDriver.&lt;init&gt;(ChromeDriver.java:168)
	at org.openqa.selenium.chrome.ChromeDriver.&lt;init&gt;(ChromeDriver.java:157)
	at lesson11_Selenium_BrowserFabric.enums.BrowserFabric.getChromeDriver(BrowserFabric.java:57)
	at lesson11_Selenium_BrowserFabric.enums.BrowserFabric.getWebdriver(BrowserFabric.java:26)
	at lesson9_10_Selenium_PageObjectTests2_BaseTest.BaseTest.startUp(BaseTest.java:35)
	at java.base/java.util.concurrent.ThreadPoolExecutor.runWorker(ThreadPoolExecutor.java:1130)
	at java.base/java.util.concurrent.ThreadPoolExecutor$Worker.run(ThreadPoolExecutor.java:630)
	at java.base/java.lang.Thread.run(Thread.java:832)
... Removed 21 stack frames
</div> <!-- stack-trace -->
                </div> <!-- method-content -->
              </div> <!-- method -->
              <div class="method">
                <div class="method-content">
                  <a name="loginTest_wrongCridentials2A">
                  </a> <!-- loginTest_wrongCridentials2A -->
                  <span class="method-name">loginTest_wrongCridentials2A</span>
                  <div class="stack-trace">org.openqa.selenium.SessionNotCreatedException: session not created: This version of ChromeDriver only supports Chrome version 91
Current browser version is 93.0.4577.63 with binary path /Applications/Google Chrome.app/Contents/MacOS/Google Chrome
Build info: version: &apos;3.141.59&apos;, revision: &apos;e82be7d358&apos;, time: &apos;2018-11-14T08:17:03&apos;
System info: host: &apos;MBP-Kamil&apos;, ip: &apos;fdcb:6e76:c610:1:8fc:ea78:43a0:41f8%en0&apos;, os.name: &apos;Mac OS X&apos;, os.arch: &apos;x86_64&apos;, os.version: &apos;10.16&apos;, java.version: &apos;14.0.2&apos;
Driver info: driver.version: ChromeDriver
remote stacktrace: 0   chromedriver                        0x000000010be77649 chromedriver + 2741833
1   chromedriver                        0x000000010c52dfb3 chromedriver + 9781171
2   chromedriver                        0x000000010bc04308 chromedriver + 172808
3   chromedriver                        0x000000010bc29cc1 chromedriver + 326849
4   chromedriver                        0x000000010bc25983 chromedriver + 309635
5   chromedriver                        0x000000010bc22016 chromedriver + 294934
6   chromedriver                        0x000000010bc5a4c0 chromedriver + 525504
7   chromedriver                        0x000000010bc55363 chromedriver + 504675
8   chromedriver                        0x000000010bc2bef1 chromedriver + 335601
9   chromedriver                        0x000000010bc2d125 chromedriver + 340261
10  chromedriver                        0x000000010be3e75c chromedriver + 2508636
11  chromedriver                        0x000000010be51686 chromedriver + 2586246
12  chromedriver                        0x000000010be23b51 chromedriver + 2399057
13  chromedriver                        0x000000010be52a5f chromedriver + 2591327
14  chromedriver                        0x000000010be346ec chromedriver + 2467564
15  chromedriver                        0x000000010be6c2d8 chromedriver + 2695896
16  chromedriver                        0x000000010be6c46b chromedriver + 2696299
17  chromedriver                        0x000000010be7c558 chromedriver + 2762072
18  libsystem_pthread.dylib             0x00007fff204128fc _pthread_start + 224
19  libsystem_pthread.dylib             0x00007fff2040e443 thread_start + 15

	at org.openqa.selenium.remote.W3CHandshakeResponse.lambda$errorHandler$0(W3CHandshakeResponse.java:62)
	at org.openqa.selenium.remote.HandshakeResponse.lambda$getResponseFunction$0(HandshakeResponse.java:30)
	at org.openqa.selenium.remote.ProtocolHandshake.lambda$createSession$0(ProtocolHandshake.java:126)
	at java.base/java.util.stream.ReferencePipeline$3$1.accept(ReferencePipeline.java:195)
	at java.base/java.util.Spliterators$ArraySpliterator.tryAdvance(Spliterators.java:958)
	at java.base/java.util.stream.ReferencePipeline.forEachWithCancel(ReferencePipeline.java:127)
	at java.base/java.util.stream.AbstractPipeline.copyIntoWithCancel(AbstractPipeline.java:502)
	at java.base/java.util.stream.AbstractPipeline.copyInto(AbstractPipeline.java:488)
	at java.base/java.util.stream.AbstractPipeline.wrapAndCopyInto(AbstractPipeline.java:474)
	at java.base/java.util.stream.FindOps$FindOp.evaluateSequential(FindOps.java:150)
	at java.base/java.util.stream.AbstractPipeline.evaluate(AbstractPipeline.java:234)
	at java.base/java.util.stream.ReferencePipeline.findFirst(ReferencePipeline.java:543)
	at org.openqa.selenium.remote.ProtocolHandshake.createSession(ProtocolHandshake.java:128)
	at org.openqa.selenium.remote.ProtocolHandshake.createSession(ProtocolHandshake.java:74)
	at org.openqa.selenium.remote.HttpCommandExecutor.execute(HttpCommandExecutor.java:136)
	at org.openqa.selenium.remote.service.DriverCommandExecutor.execute(DriverCommandExecutor.java:83)
	at org.openqa.selenium.remote.RemoteWebDriver.execute(RemoteWebDriver.java:552)
	at org.openqa.selenium.remote.RemoteWebDriver.startSession(RemoteWebDriver.java:213)
	at org.openqa.selenium.remote.RemoteWebDriver.&lt;init&gt;(RemoteWebDriver.java:131)
	at org.openqa.selenium.chrome.ChromeDriver.&lt;init&gt;(ChromeDriver.java:181)
	at org.openqa.selenium.chrome.ChromeDriver.&lt;init&gt;(ChromeDriver.java:168)
	at org.openqa.selenium.chrome.ChromeDriver.&lt;init&gt;(ChromeDriver.java:157)
	at lesson11_Selenium_BrowserFabric.enums.BrowserFabric.getChromeDriver(BrowserFabric.java:57)
	at lesson11_Selenium_BrowserFabric.enums.BrowserFabric.getWebdriver(BrowserFabric.java:26)
	at lesson9_10_Selenium_PageObjectTests2_BaseTest.BaseTest.startUp(BaseTest.java:35)
	at java.base/java.util.concurrent.ThreadPoolExecutor.runWorker(ThreadPoolExecutor.java:1130)
	at java.base/java.util.concurrent.ThreadPoolExecutor$Worker.run(ThreadPoolExecutor.java:630)
	at java.base/java.lang.Thread.run(Thread.java:832)
... Removed 21 stack frames
</div> <!-- stack-trace -->
                </div> <!-- method-content -->
              </div> <!-- method -->
              <div class="method">
                <div class="method-content">
                  <a name="loginTest_wrongCridentialsA">
                  </a> <!-- loginTest_wrongCridentialsA -->
                  <span class="method-name">loginTest_wrongCridentialsA</span>
                  <div class="stack-trace">org.openqa.selenium.SessionNotCreatedException: session not created: This version of ChromeDriver only supports Chrome version 91
Current browser version is 93.0.4577.63 with binary path /Applications/Google Chrome.app/Contents/MacOS/Google Chrome
Build info: version: &apos;3.141.59&apos;, revision: &apos;e82be7d358&apos;, time: &apos;2018-11-14T08:17:03&apos;
System info: host: &apos;MBP-Kamil&apos;, ip: &apos;fdcb:6e76:c610:1:8fc:ea78:43a0:41f8%en0&apos;, os.name: &apos;Mac OS X&apos;, os.arch: &apos;x86_64&apos;, os.version: &apos;10.16&apos;, java.version: &apos;14.0.2&apos;
Driver info: driver.version: ChromeDriver
remote stacktrace: 0   chromedriver                        0x000000010be77649 chromedriver + 2741833
1   chromedriver                        0x000000010c52dfb3 chromedriver + 9781171
2   chromedriver                        0x000000010bc04308 chromedriver + 172808
3   chromedriver                        0x000000010bc29cc1 chromedriver + 326849
4   chromedriver                        0x000000010bc25983 chromedriver + 309635
5   chromedriver                        0x000000010bc22016 chromedriver + 294934
6   chromedriver                        0x000000010bc5a4c0 chromedriver + 525504
7   chromedriver                        0x000000010bc55363 chromedriver + 504675
8   chromedriver                        0x000000010bc2bef1 chromedriver + 335601
9   chromedriver                        0x000000010bc2d125 chromedriver + 340261
10  chromedriver                        0x000000010be3e75c chromedriver + 2508636
11  chromedriver                        0x000000010be51686 chromedriver + 2586246
12  chromedriver                        0x000000010be23b51 chromedriver + 2399057
13  chromedriver                        0x000000010be52a5f chromedriver + 2591327
14  chromedriver                        0x000000010be346ec chromedriver + 2467564
15  chromedriver                        0x000000010be6c2d8 chromedriver + 2695896
16  chromedriver                        0x000000010be6c46b chromedriver + 2696299
17  chromedriver                        0x000000010be7c558 chromedriver + 2762072
18  libsystem_pthread.dylib             0x00007fff204128fc _pthread_start + 224
19  libsystem_pthread.dylib             0x00007fff2040e443 thread_start + 15

	at org.openqa.selenium.remote.W3CHandshakeResponse.lambda$errorHandler$0(W3CHandshakeResponse.java:62)
	at org.openqa.selenium.remote.HandshakeResponse.lambda$getResponseFunction$0(HandshakeResponse.java:30)
	at org.openqa.selenium.remote.ProtocolHandshake.lambda$createSession$0(ProtocolHandshake.java:126)
	at java.base/java.util.stream.ReferencePipeline$3$1.accept(ReferencePipeline.java:195)
	at java.base/java.util.Spliterators$ArraySpliterator.tryAdvance(Spliterators.java:958)
	at java.base/java.util.stream.ReferencePipeline.forEachWithCancel(ReferencePipeline.java:127)
	at java.base/java.util.stream.AbstractPipeline.copyIntoWithCancel(AbstractPipeline.java:502)
	at java.base/java.util.stream.AbstractPipeline.copyInto(AbstractPipeline.java:488)
	at java.base/java.util.stream.AbstractPipeline.wrapAndCopyInto(AbstractPipeline.java:474)
	at java.base/java.util.stream.FindOps$FindOp.evaluateSequential(FindOps.java:150)
	at java.base/java.util.stream.AbstractPipeline.evaluate(AbstractPipeline.java:234)
	at java.base/java.util.stream.ReferencePipeline.findFirst(ReferencePipeline.java:543)
	at org.openqa.selenium.remote.ProtocolHandshake.createSession(ProtocolHandshake.java:128)
	at org.openqa.selenium.remote.ProtocolHandshake.createSession(ProtocolHandshake.java:74)
	at org.openqa.selenium.remote.HttpCommandExecutor.execute(HttpCommandExecutor.java:136)
	at org.openqa.selenium.remote.service.DriverCommandExecutor.execute(DriverCommandExecutor.java:83)
	at org.openqa.selenium.remote.RemoteWebDriver.execute(RemoteWebDriver.java:552)
	at org.openqa.selenium.remote.RemoteWebDriver.startSession(RemoteWebDriver.java:213)
	at org.openqa.selenium.remote.RemoteWebDriver.&lt;init&gt;(RemoteWebDriver.java:131)
	at org.openqa.selenium.chrome.ChromeDriver.&lt;init&gt;(ChromeDriver.java:181)
	at org.openqa.selenium.chrome.ChromeDriver.&lt;init&gt;(ChromeDriver.java:168)
	at org.openqa.selenium.chrome.ChromeDriver.&lt;init&gt;(ChromeDriver.java:157)
	at lesson11_Selenium_BrowserFabric.enums.BrowserFabric.getChromeDriver(BrowserFabric.java:57)
	at lesson11_Selenium_BrowserFabric.enums.BrowserFabric.getWebdriver(BrowserFabric.java:26)
	at lesson9_10_Selenium_PageObjectTests2_BaseTest.BaseTest.startUp(BaseTest.java:35)
	at java.base/java.util.concurrent.ThreadPoolExecutor.runWorker(ThreadPoolExecutor.java:1130)
	at java.base/java.util.concurrent.ThreadPoolExecutor$Worker.run(ThreadPoolExecutor.java:630)
	at java.base/java.lang.Thread.run(Thread.java:832)
... Removed 21 stack frames
</div> <!-- stack-trace -->
                </div> <!-- method-content -->
              </div> <!-- method -->
            </div> <!-- main-panel-content rounded-window-bottom -->
          </div> <!-- suite-MasterSuite-class-skipped -->
          <div class="suite-MasterSuite-class-skipped">
            <div class="main-panel-header rounded-window-top">
              <img src="skipped.png"/>
              <span class="class-name">lesson9_10_Selenium_PageObjectTests2_BaseTest.LoginTest</span>
            </div> <!-- main-panel-header rounded-window-top -->
            <div class="main-panel-content rounded-window-bottom">
              <div class="method">
                <div class="method-content">
                  <a name="loginTest_correctCredentials1">
                  </a> <!-- loginTest_correctCredentials1 -->
                  <span class="method-name">loginTest_correctCredentials1</span>
                  <div class="stack-trace">org.openqa.selenium.SessionNotCreatedException: session not created: This version of ChromeDriver only supports Chrome version 91
Current browser version is 93.0.4577.63 with binary path /Applications/Google Chrome.app/Contents/MacOS/Google Chrome
Build info: version: &apos;3.141.59&apos;, revision: &apos;e82be7d358&apos;, time: &apos;2018-11-14T08:17:03&apos;
System info: host: &apos;MBP-Kamil&apos;, ip: &apos;fdcb:6e76:c610:1:8fc:ea78:43a0:41f8%en0&apos;, os.name: &apos;Mac OS X&apos;, os.arch: &apos;x86_64&apos;, os.version: &apos;10.16&apos;, java.version: &apos;14.0.2&apos;
Driver info: driver.version: ChromeDriver
remote stacktrace: 0   chromedriver                        0x000000010d22b649 chromedriver + 2741833
1   chromedriver                        0x000000010d8e1fb3 chromedriver + 9781171
2   chromedriver                        0x000000010cfb8308 chromedriver + 172808
3   chromedriver                        0x000000010cfddcc1 chromedriver + 326849
4   chromedriver                        0x000000010cfd9983 chromedriver + 309635
5   chromedriver                        0x000000010cfd6016 chromedriver + 294934
6   chromedriver                        0x000000010d00e4c0 chromedriver + 525504
7   chromedriver                        0x000000010d009363 chromedriver + 504675
8   chromedriver                        0x000000010cfdfef1 chromedriver + 335601
9   chromedriver                        0x000000010cfe1125 chromedriver + 340261
10  chromedriver                        0x000000010d1f275c chromedriver + 2508636
11  chromedriver                        0x000000010d205686 chromedriver + 2586246
12  chromedriver                        0x000000010d1d7b51 chromedriver + 2399057
13  chromedriver                        0x000000010d206a5f chromedriver + 2591327
14  chromedriver                        0x000000010d1e86ec chromedriver + 2467564
15  chromedriver                        0x000000010d2202d8 chromedriver + 2695896
16  chromedriver                        0x000000010d22046b chromedriver + 2696299
17  chromedriver                        0x000000010d230558 chromedriver + 2762072
18  libsystem_pthread.dylib             0x00007fff204128fc _pthread_start + 224
19  libsystem_pthread.dylib             0x00007fff2040e443 thread_start + 15

	at org.openqa.selenium.remote.W3CHandshakeResponse.lambda$errorHandler$0(W3CHandshakeResponse.java:62)
	at org.openqa.selenium.remote.HandshakeResponse.lambda$getResponseFunction$0(HandshakeResponse.java:30)
	at org.openqa.selenium.remote.ProtocolHandshake.lambda$createSession$0(ProtocolHandshake.java:126)
	at java.base/java.util.stream.ReferencePipeline$3$1.accept(ReferencePipeline.java:195)
	at java.base/java.util.Spliterators$ArraySpliterator.tryAdvance(Spliterators.java:958)
	at java.base/java.util.stream.ReferencePipeline.forEachWithCancel(ReferencePipeline.java:127)
	at java.base/java.util.stream.AbstractPipeline.copyIntoWithCancel(AbstractPipeline.java:502)
	at java.base/java.util.stream.AbstractPipeline.copyInto(AbstractPipeline.java:488)
	at java.base/java.util.stream.AbstractPipeline.wrapAndCopyInto(AbstractPipeline.java:474)
	at java.base/java.util.stream.FindOps$FindOp.evaluateSequential(FindOps.java:150)
	at java.base/java.util.stream.AbstractPipeline.evaluate(AbstractPipeline.java:234)
	at java.base/java.util.stream.ReferencePipeline.findFirst(ReferencePipeline.java:543)
	at org.openqa.selenium.remote.ProtocolHandshake.createSession(ProtocolHandshake.java:128)
	at org.openqa.selenium.remote.ProtocolHandshake.createSession(ProtocolHandshake.java:74)
	at org.openqa.selenium.remote.HttpCommandExecutor.execute(HttpCommandExecutor.java:136)
	at org.openqa.selenium.remote.service.DriverCommandExecutor.execute(DriverCommandExecutor.java:83)
	at org.openqa.selenium.remote.RemoteWebDriver.execute(RemoteWebDriver.java:552)
	at org.openqa.selenium.remote.RemoteWebDriver.startSession(RemoteWebDriver.java:213)
	at org.openqa.selenium.remote.RemoteWebDriver.&lt;init&gt;(RemoteWebDriver.java:131)
	at org.openqa.selenium.chrome.ChromeDriver.&lt;init&gt;(ChromeDriver.java:181)
	at org.openqa.selenium.chrome.ChromeDriver.&lt;init&gt;(ChromeDriver.java:168)
	at org.openqa.selenium.chrome.ChromeDriver.&lt;init&gt;(ChromeDriver.java:157)
	at lesson11_Selenium_BrowserFabric.enums.BrowserFabric.getChromeDriver(BrowserFabric.java:57)
	at lesson11_Selenium_BrowserFabric.enums.BrowserFabric.getWebdriver(BrowserFabric.java:26)
	at lesson9_10_Selenium_PageObjectTests2_BaseTest.BaseTest.startUp(BaseTest.java:35)
	at java.base/java.util.concurrent.ThreadPoolExecutor.runWorker(ThreadPoolExecutor.java:1130)
	at java.base/java.util.concurrent.ThreadPoolExecutor$Worker.run(ThreadPoolExecutor.java:630)
	at java.base/java.lang.Thread.run(Thread.java:832)
... Removed 21 stack frames
</div> <!-- stack-trace -->
                </div> <!-- method-content -->
              </div> <!-- method -->
              <div class="method">
                <div class="method-content">
                  <a name="loginTest_correctCredentials2">
                  </a> <!-- loginTest_correctCredentials2 -->
                  <span class="method-name">loginTest_correctCredentials2</span>
                  <div class="stack-trace">org.openqa.selenium.SessionNotCreatedException: session not created: This version of ChromeDriver only supports Chrome version 91
Current browser version is 93.0.4577.63 with binary path /Applications/Google Chrome.app/Contents/MacOS/Google Chrome
Build info: version: &apos;3.141.59&apos;, revision: &apos;e82be7d358&apos;, time: &apos;2018-11-14T08:17:03&apos;
System info: host: &apos;MBP-Kamil&apos;, ip: &apos;fdcb:6e76:c610:1:8fc:ea78:43a0:41f8%en0&apos;, os.name: &apos;Mac OS X&apos;, os.arch: &apos;x86_64&apos;, os.version: &apos;10.16&apos;, java.version: &apos;14.0.2&apos;
Driver info: driver.version: ChromeDriver
remote stacktrace: 0   chromedriver                        0x000000010d22b649 chromedriver + 2741833
1   chromedriver                        0x000000010d8e1fb3 chromedriver + 9781171
2   chromedriver                        0x000000010cfb8308 chromedriver + 172808
3   chromedriver                        0x000000010cfddcc1 chromedriver + 326849
4   chromedriver                        0x000000010cfd9983 chromedriver + 309635
5   chromedriver                        0x000000010cfd6016 chromedriver + 294934
6   chromedriver                        0x000000010d00e4c0 chromedriver + 525504
7   chromedriver                        0x000000010d009363 chromedriver + 504675
8   chromedriver                        0x000000010cfdfef1 chromedriver + 335601
9   chromedriver                        0x000000010cfe1125 chromedriver + 340261
10  chromedriver                        0x000000010d1f275c chromedriver + 2508636
11  chromedriver                        0x000000010d205686 chromedriver + 2586246
12  chromedriver                        0x000000010d1d7b51 chromedriver + 2399057
13  chromedriver                        0x000000010d206a5f chromedriver + 2591327
14  chromedriver                        0x000000010d1e86ec chromedriver + 2467564
15  chromedriver                        0x000000010d2202d8 chromedriver + 2695896
16  chromedriver                        0x000000010d22046b chromedriver + 2696299
17  chromedriver                        0x000000010d230558 chromedriver + 2762072
18  libsystem_pthread.dylib             0x00007fff204128fc _pthread_start + 224
19  libsystem_pthread.dylib             0x00007fff2040e443 thread_start + 15

	at org.openqa.selenium.remote.W3CHandshakeResponse.lambda$errorHandler$0(W3CHandshakeResponse.java:62)
	at org.openqa.selenium.remote.HandshakeResponse.lambda$getResponseFunction$0(HandshakeResponse.java:30)
	at org.openqa.selenium.remote.ProtocolHandshake.lambda$createSession$0(ProtocolHandshake.java:126)
	at java.base/java.util.stream.ReferencePipeline$3$1.accept(ReferencePipeline.java:195)
	at java.base/java.util.Spliterators$ArraySpliterator.tryAdvance(Spliterators.java:958)
	at java.base/java.util.stream.ReferencePipeline.forEachWithCancel(ReferencePipeline.java:127)
	at java.base/java.util.stream.AbstractPipeline.copyIntoWithCancel(AbstractPipeline.java:502)
	at java.base/java.util.stream.AbstractPipeline.copyInto(AbstractPipeline.java:488)
	at java.base/java.util.stream.AbstractPipeline.wrapAndCopyInto(AbstractPipeline.java:474)
	at java.base/java.util.stream.FindOps$FindOp.evaluateSequential(FindOps.java:150)
	at java.base/java.util.stream.AbstractPipeline.evaluate(AbstractPipeline.java:234)
	at java.base/java.util.stream.ReferencePipeline.findFirst(ReferencePipeline.java:543)
	at org.openqa.selenium.remote.ProtocolHandshake.createSession(ProtocolHandshake.java:128)
	at org.openqa.selenium.remote.ProtocolHandshake.createSession(ProtocolHandshake.java:74)
	at org.openqa.selenium.remote.HttpCommandExecutor.execute(HttpCommandExecutor.java:136)
	at org.openqa.selenium.remote.service.DriverCommandExecutor.execute(DriverCommandExecutor.java:83)
	at org.openqa.selenium.remote.RemoteWebDriver.execute(RemoteWebDriver.java:552)
	at org.openqa.selenium.remote.RemoteWebDriver.startSession(RemoteWebDriver.java:213)
	at org.openqa.selenium.remote.RemoteWebDriver.&lt;init&gt;(RemoteWebDriver.java:131)
	at org.openqa.selenium.chrome.ChromeDriver.&lt;init&gt;(ChromeDriver.java:181)
	at org.openqa.selenium.chrome.ChromeDriver.&lt;init&gt;(ChromeDriver.java:168)
	at org.openqa.selenium.chrome.ChromeDriver.&lt;init&gt;(ChromeDriver.java:157)
	at lesson11_Selenium_BrowserFabric.enums.BrowserFabric.getChromeDriver(BrowserFabric.java:57)
	at lesson11_Selenium_BrowserFabric.enums.BrowserFabric.getWebdriver(BrowserFabric.java:26)
	at lesson9_10_Selenium_PageObjectTests2_BaseTest.BaseTest.startUp(BaseTest.java:35)
	at java.base/java.util.concurrent.ThreadPoolExecutor.runWorker(ThreadPoolExecutor.java:1130)
	at java.base/java.util.concurrent.ThreadPoolExecutor$Worker.run(ThreadPoolExecutor.java:630)
	at java.base/java.lang.Thread.run(Thread.java:832)
... Removed 21 stack frames
</div> <!-- stack-trace -->
                </div> <!-- method-content -->
              </div> <!-- method -->
              <div class="method">
                <div class="method-content">
                  <a name="loginTest_wrongCridentials1">
                  </a> <!-- loginTest_wrongCridentials1 -->
                  <span class="method-name">loginTest_wrongCridentials1</span>
                  <div class="stack-trace">org.openqa.selenium.SessionNotCreatedException: session not created: This version of ChromeDriver only supports Chrome version 91
Current browser version is 93.0.4577.63 with binary path /Applications/Google Chrome.app/Contents/MacOS/Google Chrome
Build info: version: &apos;3.141.59&apos;, revision: &apos;e82be7d358&apos;, time: &apos;2018-11-14T08:17:03&apos;
System info: host: &apos;MBP-Kamil&apos;, ip: &apos;fdcb:6e76:c610:1:8fc:ea78:43a0:41f8%en0&apos;, os.name: &apos;Mac OS X&apos;, os.arch: &apos;x86_64&apos;, os.version: &apos;10.16&apos;, java.version: &apos;14.0.2&apos;
Driver info: driver.version: ChromeDriver
remote stacktrace: 0   chromedriver                        0x000000010d22b649 chromedriver + 2741833
1   chromedriver                        0x000000010d8e1fb3 chromedriver + 9781171
2   chromedriver                        0x000000010cfb8308 chromedriver + 172808
3   chromedriver                        0x000000010cfddcc1 chromedriver + 326849
4   chromedriver                        0x000000010cfd9983 chromedriver + 309635
5   chromedriver                        0x000000010cfd6016 chromedriver + 294934
6   chromedriver                        0x000000010d00e4c0 chromedriver + 525504
7   chromedriver                        0x000000010d009363 chromedriver + 504675
8   chromedriver                        0x000000010cfdfef1 chromedriver + 335601
9   chromedriver                        0x000000010cfe1125 chromedriver + 340261
10  chromedriver                        0x000000010d1f275c chromedriver + 2508636
11  chromedriver                        0x000000010d205686 chromedriver + 2586246
12  chromedriver                        0x000000010d1d7b51 chromedriver + 2399057
13  chromedriver                        0x000000010d206a5f chromedriver + 2591327
14  chromedriver                        0x000000010d1e86ec chromedriver + 2467564
15  chromedriver                        0x000000010d2202d8 chromedriver + 2695896
16  chromedriver                        0x000000010d22046b chromedriver + 2696299
17  chromedriver                        0x000000010d230558 chromedriver + 2762072
18  libsystem_pthread.dylib             0x00007fff204128fc _pthread_start + 224
19  libsystem_pthread.dylib             0x00007fff2040e443 thread_start + 15

	at org.openqa.selenium.remote.W3CHandshakeResponse.lambda$errorHandler$0(W3CHandshakeResponse.java:62)
	at org.openqa.selenium.remote.HandshakeResponse.lambda$getResponseFunction$0(HandshakeResponse.java:30)
	at org.openqa.selenium.remote.ProtocolHandshake.lambda$createSession$0(ProtocolHandshake.java:126)
	at java.base/java.util.stream.ReferencePipeline$3$1.accept(ReferencePipeline.java:195)
	at java.base/java.util.Spliterators$ArraySpliterator.tryAdvance(Spliterators.java:958)
	at java.base/java.util.stream.ReferencePipeline.forEachWithCancel(ReferencePipeline.java:127)
	at java.base/java.util.stream.AbstractPipeline.copyIntoWithCancel(AbstractPipeline.java:502)
	at java.base/java.util.stream.AbstractPipeline.copyInto(AbstractPipeline.java:488)
	at java.base/java.util.stream.AbstractPipeline.wrapAndCopyInto(AbstractPipeline.java:474)
	at java.base/java.util.stream.FindOps$FindOp.evaluateSequential(FindOps.java:150)
	at java.base/java.util.stream.AbstractPipeline.evaluate(AbstractPipeline.java:234)
	at java.base/java.util.stream.ReferencePipeline.findFirst(ReferencePipeline.java:543)
	at org.openqa.selenium.remote.ProtocolHandshake.createSession(ProtocolHandshake.java:128)
	at org.openqa.selenium.remote.ProtocolHandshake.createSession(ProtocolHandshake.java:74)
	at org.openqa.selenium.remote.HttpCommandExecutor.execute(HttpCommandExecutor.java:136)
	at org.openqa.selenium.remote.service.DriverCommandExecutor.execute(DriverCommandExecutor.java:83)
	at org.openqa.selenium.remote.RemoteWebDriver.execute(RemoteWebDriver.java:552)
	at org.openqa.selenium.remote.RemoteWebDriver.startSession(RemoteWebDriver.java:213)
	at org.openqa.selenium.remote.RemoteWebDriver.&lt;init&gt;(RemoteWebDriver.java:131)
	at org.openqa.selenium.chrome.ChromeDriver.&lt;init&gt;(ChromeDriver.java:181)
	at org.openqa.selenium.chrome.ChromeDriver.&lt;init&gt;(ChromeDriver.java:168)
	at org.openqa.selenium.chrome.ChromeDriver.&lt;init&gt;(ChromeDriver.java:157)
	at lesson11_Selenium_BrowserFabric.enums.BrowserFabric.getChromeDriver(BrowserFabric.java:57)
	at lesson11_Selenium_BrowserFabric.enums.BrowserFabric.getWebdriver(BrowserFabric.java:26)
	at lesson9_10_Selenium_PageObjectTests2_BaseTest.BaseTest.startUp(BaseTest.java:35)
	at java.base/java.util.concurrent.ThreadPoolExecutor.runWorker(ThreadPoolExecutor.java:1130)
	at java.base/java.util.concurrent.ThreadPoolExecutor$Worker.run(ThreadPoolExecutor.java:630)
	at java.base/java.lang.Thread.run(Thread.java:832)
... Removed 21 stack frames
</div> <!-- stack-trace -->
                </div> <!-- method-content -->
              </div> <!-- method -->
              <div class="method">
                <div class="method-content">
                  <a name="loginTest_wrongCridentials2">
                  </a> <!-- loginTest_wrongCridentials2 -->
                  <span class="method-name">loginTest_wrongCridentials2</span>
                  <div class="stack-trace">org.openqa.selenium.SessionNotCreatedException: session not created: This version of ChromeDriver only supports Chrome version 91
Current browser version is 93.0.4577.63 with binary path /Applications/Google Chrome.app/Contents/MacOS/Google Chrome
Build info: version: &apos;3.141.59&apos;, revision: &apos;e82be7d358&apos;, time: &apos;2018-11-14T08:17:03&apos;
System info: host: &apos;MBP-Kamil&apos;, ip: &apos;fdcb:6e76:c610:1:8fc:ea78:43a0:41f8%en0&apos;, os.name: &apos;Mac OS X&apos;, os.arch: &apos;x86_64&apos;, os.version: &apos;10.16&apos;, java.version: &apos;14.0.2&apos;
Driver info: driver.version: ChromeDriver
remote stacktrace: 0   chromedriver                        0x000000010d22b649 chromedriver + 2741833
1   chromedriver                        0x000000010d8e1fb3 chromedriver + 9781171
2   chromedriver                        0x000000010cfb8308 chromedriver + 172808
3   chromedriver                        0x000000010cfddcc1 chromedriver + 326849
4   chromedriver                        0x000000010cfd9983 chromedriver + 309635
5   chromedriver                        0x000000010cfd6016 chromedriver + 294934
6   chromedriver                        0x000000010d00e4c0 chromedriver + 525504
7   chromedriver                        0x000000010d009363 chromedriver + 504675
8   chromedriver                        0x000000010cfdfef1 chromedriver + 335601
9   chromedriver                        0x000000010cfe1125 chromedriver + 340261
10  chromedriver                        0x000000010d1f275c chromedriver + 2508636
11  chromedriver                        0x000000010d205686 chromedriver + 2586246
12  chromedriver                        0x000000010d1d7b51 chromedriver + 2399057
13  chromedriver                        0x000000010d206a5f chromedriver + 2591327
14  chromedriver                        0x000000010d1e86ec chromedriver + 2467564
15  chromedriver                        0x000000010d2202d8 chromedriver + 2695896
16  chromedriver                        0x000000010d22046b chromedriver + 2696299
17  chromedriver                        0x000000010d230558 chromedriver + 2762072
18  libsystem_pthread.dylib             0x00007fff204128fc _pthread_start + 224
19  libsystem_pthread.dylib             0x00007fff2040e443 thread_start + 15

	at org.openqa.selenium.remote.W3CHandshakeResponse.lambda$errorHandler$0(W3CHandshakeResponse.java:62)
	at org.openqa.selenium.remote.HandshakeResponse.lambda$getResponseFunction$0(HandshakeResponse.java:30)
	at org.openqa.selenium.remote.ProtocolHandshake.lambda$createSession$0(ProtocolHandshake.java:126)
	at java.base/java.util.stream.ReferencePipeline$3$1.accept(ReferencePipeline.java:195)
	at java.base/java.util.Spliterators$ArraySpliterator.tryAdvance(Spliterators.java:958)
	at java.base/java.util.stream.ReferencePipeline.forEachWithCancel(ReferencePipeline.java:127)
	at java.base/java.util.stream.AbstractPipeline.copyIntoWithCancel(AbstractPipeline.java:502)
	at java.base/java.util.stream.AbstractPipeline.copyInto(AbstractPipeline.java:488)
	at java.base/java.util.stream.AbstractPipeline.wrapAndCopyInto(AbstractPipeline.java:474)
	at java.base/java.util.stream.FindOps$FindOp.evaluateSequential(FindOps.java:150)
	at java.base/java.util.stream.AbstractPipeline.evaluate(AbstractPipeline.java:234)
	at java.base/java.util.stream.ReferencePipeline.findFirst(ReferencePipeline.java:543)
	at org.openqa.selenium.remote.ProtocolHandshake.createSession(ProtocolHandshake.java:128)
	at org.openqa.selenium.remote.ProtocolHandshake.createSession(ProtocolHandshake.java:74)
	at org.openqa.selenium.remote.HttpCommandExecutor.execute(HttpCommandExecutor.java:136)
	at org.openqa.selenium.remote.service.DriverCommandExecutor.execute(DriverCommandExecutor.java:83)
	at org.openqa.selenium.remote.RemoteWebDriver.execute(RemoteWebDriver.java:552)
	at org.openqa.selenium.remote.RemoteWebDriver.startSession(RemoteWebDriver.java:213)
	at org.openqa.selenium.remote.RemoteWebDriver.&lt;init&gt;(RemoteWebDriver.java:131)
	at org.openqa.selenium.chrome.ChromeDriver.&lt;init&gt;(ChromeDriver.java:181)
	at org.openqa.selenium.chrome.ChromeDriver.&lt;init&gt;(ChromeDriver.java:168)
	at org.openqa.selenium.chrome.ChromeDriver.&lt;init&gt;(ChromeDriver.java:157)
	at lesson11_Selenium_BrowserFabric.enums.BrowserFabric.getChromeDriver(BrowserFabric.java:57)
	at lesson11_Selenium_BrowserFabric.enums.BrowserFabric.getWebdriver(BrowserFabric.java:26)
	at lesson9_10_Selenium_PageObjectTests2_BaseTest.BaseTest.startUp(BaseTest.java:35)
	at java.base/java.util.concurrent.ThreadPoolExecutor.runWorker(ThreadPoolExecutor.java:1130)
	at java.base/java.util.concurrent.ThreadPoolExecutor$Worker.run(ThreadPoolExecutor.java:630)
	at java.base/java.lang.Thread.run(Thread.java:832)
... Removed 21 stack frames
</div> <!-- stack-trace -->
                </div> <!-- method-content -->
              </div> <!-- method -->
            </div> <!-- main-panel-content rounded-window-bottom -->
          </div> <!-- suite-MasterSuite-class-skipped -->
          <div class="suite-MasterSuite-class-skipped">
            <div class="main-panel-header rounded-window-top">
              <img src="skipped.png"/>
              <span class="class-name">lesson9_10_Selenium_PageObjectTests2_BaseTest.PlaylistTest_A</span>
            </div> <!-- main-panel-header rounded-window-top -->
            <div class="main-panel-content rounded-window-bottom">
              <div class="method">
                <div class="method-content">
                  <a name="playlistTest_createPlayList_playlistCreatedA">
                  </a> <!-- playlistTest_createPlayList_playlistCreatedA -->
                  <span class="method-name">playlistTest_createPlayList_playlistCreatedA</span>
                  <div class="stack-trace">org.openqa.selenium.SessionNotCreatedException: session not created: This version of ChromeDriver only supports Chrome version 91
Current browser version is 93.0.4577.63 with binary path /Applications/Google Chrome.app/Contents/MacOS/Google Chrome
Build info: version: &apos;3.141.59&apos;, revision: &apos;e82be7d358&apos;, time: &apos;2018-11-14T08:17:03&apos;
System info: host: &apos;MBP-Kamil&apos;, ip: &apos;fdcb:6e76:c610:1:8fc:ea78:43a0:41f8%en0&apos;, os.name: &apos;Mac OS X&apos;, os.arch: &apos;x86_64&apos;, os.version: &apos;10.16&apos;, java.version: &apos;14.0.2&apos;
Driver info: driver.version: ChromeDriver
remote stacktrace: 0   chromedriver                        0x000000010b856649 chromedriver + 2741833
1   chromedriver                        0x000000010bf0cfb3 chromedriver + 9781171
2   chromedriver                        0x000000010b5e3308 chromedriver + 172808
3   chromedriver                        0x000000010b608cc1 chromedriver + 326849
4   chromedriver                        0x000000010b604983 chromedriver + 309635
5   chromedriver                        0x000000010b601016 chromedriver + 294934
6   chromedriver                        0x000000010b6394c0 chromedriver + 525504
7   chromedriver                        0x000000010b634363 chromedriver + 504675
8   chromedriver                        0x000000010b60aef1 chromedriver + 335601
9   chromedriver                        0x000000010b60c125 chromedriver + 340261
10  chromedriver                        0x000000010b81d75c chromedriver + 2508636
11  chromedriver                        0x000000010b830686 chromedriver + 2586246
12  chromedriver                        0x000000010b802b51 chromedriver + 2399057
13  chromedriver                        0x000000010b831a5f chromedriver + 2591327
14  chromedriver                        0x000000010b8136ec chromedriver + 2467564
15  chromedriver                        0x000000010b84b2d8 chromedriver + 2695896
16  chromedriver                        0x000000010b84b46b chromedriver + 2696299
17  chromedriver                        0x000000010b85b558 chromedriver + 2762072
18  libsystem_pthread.dylib             0x00007fff204128fc _pthread_start + 224
19  libsystem_pthread.dylib             0x00007fff2040e443 thread_start + 15

	at org.openqa.selenium.remote.W3CHandshakeResponse.lambda$errorHandler$0(W3CHandshakeResponse.java:62)
	at org.openqa.selenium.remote.HandshakeResponse.lambda$getResponseFunction$0(HandshakeResponse.java:30)
	at org.openqa.selenium.remote.ProtocolHandshake.lambda$createSession$0(ProtocolHandshake.java:126)
	at java.base/java.util.stream.ReferencePipeline$3$1.accept(ReferencePipeline.java:195)
	at java.base/java.util.Spliterators$ArraySpliterator.tryAdvance(Spliterators.java:958)
	at java.base/java.util.stream.ReferencePipeline.forEachWithCancel(ReferencePipeline.java:127)
	at java.base/java.util.stream.AbstractPipeline.copyIntoWithCancel(AbstractPipeline.java:502)
	at java.base/java.util.stream.AbstractPipeline.copyInto(AbstractPipeline.java:488)
	at java.base/java.util.stream.AbstractPipeline.wrapAndCopyInto(AbstractPipeline.java:474)
	at java.base/java.util.stream.FindOps$FindOp.evaluateSequential(FindOps.java:150)
	at java.base/java.util.stream.AbstractPipeline.evaluate(AbstractPipeline.java:234)
	at java.base/java.util.stream.ReferencePipeline.findFirst(ReferencePipeline.java:543)
	at org.openqa.selenium.remote.ProtocolHandshake.createSession(ProtocolHandshake.java:128)
	at org.openqa.selenium.remote.ProtocolHandshake.createSession(ProtocolHandshake.java:74)
	at org.openqa.selenium.remote.HttpCommandExecutor.execute(HttpCommandExecutor.java:136)
	at org.openqa.selenium.remote.service.DriverCommandExecutor.execute(DriverCommandExecutor.java:83)
	at org.openqa.selenium.remote.RemoteWebDriver.execute(RemoteWebDriver.java:552)
	at org.openqa.selenium.remote.RemoteWebDriver.startSession(RemoteWebDriver.java:213)
	at org.openqa.selenium.remote.RemoteWebDriver.&lt;init&gt;(RemoteWebDriver.java:131)
	at org.openqa.selenium.chrome.ChromeDriver.&lt;init&gt;(ChromeDriver.java:181)
	at org.openqa.selenium.chrome.ChromeDriver.&lt;init&gt;(ChromeDriver.java:168)
	at org.openqa.selenium.chrome.ChromeDriver.&lt;init&gt;(ChromeDriver.java:157)
	at lesson11_Selenium_BrowserFabric.enums.BrowserFabric.getChromeDriver(BrowserFabric.java:57)
	at lesson11_Selenium_BrowserFabric.enums.BrowserFabric.getWebdriver(BrowserFabric.java:26)
	at lesson9_10_Selenium_PageObjectTests2_BaseTest.BaseTest.startUp(BaseTest.java:35)
	at java.base/java.util.concurrent.ThreadPoolExecutor.runWorker(ThreadPoolExecutor.java:1130)
	at java.base/java.util.concurrent.ThreadPoolExecutor$Worker.run(ThreadPoolExecutor.java:630)
	at java.base/java.lang.Thread.run(Thread.java:832)
... Removed 21 stack frames
</div> <!-- stack-trace -->
                </div> <!-- method-content -->
              </div> <!-- method -->
              <div class="method">
                <div class="method-content">
                  <a name="playlistTest_deletePlaylists_playlistDeleted1A">
                  </a> <!-- playlistTest_deletePlaylists_playlistDeleted1A -->
                  <span class="method-name">playlistTest_deletePlaylists_playlistDeleted1A</span>
                  <div class="stack-trace">org.openqa.selenium.SessionNotCreatedException: session not created: This version of ChromeDriver only supports Chrome version 91
Current browser version is 93.0.4577.63 with binary path /Applications/Google Chrome.app/Contents/MacOS/Google Chrome
Build info: version: &apos;3.141.59&apos;, revision: &apos;e82be7d358&apos;, time: &apos;2018-11-14T08:17:03&apos;
System info: host: &apos;MBP-Kamil&apos;, ip: &apos;fdcb:6e76:c610:1:8fc:ea78:43a0:41f8%en0&apos;, os.name: &apos;Mac OS X&apos;, os.arch: &apos;x86_64&apos;, os.version: &apos;10.16&apos;, java.version: &apos;14.0.2&apos;
Driver info: driver.version: ChromeDriver
remote stacktrace: 0   chromedriver                        0x000000010b856649 chromedriver + 2741833
1   chromedriver                        0x000000010bf0cfb3 chromedriver + 9781171
2   chromedriver                        0x000000010b5e3308 chromedriver + 172808
3   chromedriver                        0x000000010b608cc1 chromedriver + 326849
4   chromedriver                        0x000000010b604983 chromedriver + 309635
5   chromedriver                        0x000000010b601016 chromedriver + 294934
6   chromedriver                        0x000000010b6394c0 chromedriver + 525504
7   chromedriver                        0x000000010b634363 chromedriver + 504675
8   chromedriver                        0x000000010b60aef1 chromedriver + 335601
9   chromedriver                        0x000000010b60c125 chromedriver + 340261
10  chromedriver                        0x000000010b81d75c chromedriver + 2508636
11  chromedriver                        0x000000010b830686 chromedriver + 2586246
12  chromedriver                        0x000000010b802b51 chromedriver + 2399057
13  chromedriver                        0x000000010b831a5f chromedriver + 2591327
14  chromedriver                        0x000000010b8136ec chromedriver + 2467564
15  chromedriver                        0x000000010b84b2d8 chromedriver + 2695896
16  chromedriver                        0x000000010b84b46b chromedriver + 2696299
17  chromedriver                        0x000000010b85b558 chromedriver + 2762072
18  libsystem_pthread.dylib             0x00007fff204128fc _pthread_start + 224
19  libsystem_pthread.dylib             0x00007fff2040e443 thread_start + 15

	at org.openqa.selenium.remote.W3CHandshakeResponse.lambda$errorHandler$0(W3CHandshakeResponse.java:62)
	at org.openqa.selenium.remote.HandshakeResponse.lambda$getResponseFunction$0(HandshakeResponse.java:30)
	at org.openqa.selenium.remote.ProtocolHandshake.lambda$createSession$0(ProtocolHandshake.java:126)
	at java.base/java.util.stream.ReferencePipeline$3$1.accept(ReferencePipeline.java:195)
	at java.base/java.util.Spliterators$ArraySpliterator.tryAdvance(Spliterators.java:958)
	at java.base/java.util.stream.ReferencePipeline.forEachWithCancel(ReferencePipeline.java:127)
	at java.base/java.util.stream.AbstractPipeline.copyIntoWithCancel(AbstractPipeline.java:502)
	at java.base/java.util.stream.AbstractPipeline.copyInto(AbstractPipeline.java:488)
	at java.base/java.util.stream.AbstractPipeline.wrapAndCopyInto(AbstractPipeline.java:474)
	at java.base/java.util.stream.FindOps$FindOp.evaluateSequential(FindOps.java:150)
	at java.base/java.util.stream.AbstractPipeline.evaluate(AbstractPipeline.java:234)
	at java.base/java.util.stream.ReferencePipeline.findFirst(ReferencePipeline.java:543)
	at org.openqa.selenium.remote.ProtocolHandshake.createSession(ProtocolHandshake.java:128)
	at org.openqa.selenium.remote.ProtocolHandshake.createSession(ProtocolHandshake.java:74)
	at org.openqa.selenium.remote.HttpCommandExecutor.execute(HttpCommandExecutor.java:136)
	at org.openqa.selenium.remote.service.DriverCommandExecutor.execute(DriverCommandExecutor.java:83)
	at org.openqa.selenium.remote.RemoteWebDriver.execute(RemoteWebDriver.java:552)
	at org.openqa.selenium.remote.RemoteWebDriver.startSession(RemoteWebDriver.java:213)
	at org.openqa.selenium.remote.RemoteWebDriver.&lt;init&gt;(RemoteWebDriver.java:131)
	at org.openqa.selenium.chrome.ChromeDriver.&lt;init&gt;(ChromeDriver.java:181)
	at org.openqa.selenium.chrome.ChromeDriver.&lt;init&gt;(ChromeDriver.java:168)
	at org.openqa.selenium.chrome.ChromeDriver.&lt;init&gt;(ChromeDriver.java:157)
	at lesson11_Selenium_BrowserFabric.enums.BrowserFabric.getChromeDriver(BrowserFabric.java:57)
	at lesson11_Selenium_BrowserFabric.enums.BrowserFabric.getWebdriver(BrowserFabric.java:26)
	at lesson9_10_Selenium_PageObjectTests2_BaseTest.BaseTest.startUp(BaseTest.java:35)
	at java.base/java.util.concurrent.ThreadPoolExecutor.runWorker(ThreadPoolExecutor.java:1130)
	at java.base/java.util.concurrent.ThreadPoolExecutor$Worker.run(ThreadPoolExecutor.java:630)
	at java.base/java.lang.Thread.run(Thread.java:832)
... Removed 21 stack frames
</div> <!-- stack-trace -->
                </div> <!-- method-content -->
              </div> <!-- method -->
              <div class="method">
                <div class="method-content">
                  <a name="playlistTest_deletePlaylists_playlistDeletedA">
                  </a> <!-- playlistTest_deletePlaylists_playlistDeletedA -->
                  <span class="method-name">playlistTest_deletePlaylists_playlistDeletedA</span>
                  <div class="stack-trace">org.openqa.selenium.SessionNotCreatedException: session not created: This version of ChromeDriver only supports Chrome version 91
Current browser version is 93.0.4577.63 with binary path /Applications/Google Chrome.app/Contents/MacOS/Google Chrome
Build info: version: &apos;3.141.59&apos;, revision: &apos;e82be7d358&apos;, time: &apos;2018-11-14T08:17:03&apos;
System info: host: &apos;MBP-Kamil&apos;, ip: &apos;fdcb:6e76:c610:1:8fc:ea78:43a0:41f8%en0&apos;, os.name: &apos;Mac OS X&apos;, os.arch: &apos;x86_64&apos;, os.version: &apos;10.16&apos;, java.version: &apos;14.0.2&apos;
Driver info: driver.version: ChromeDriver
remote stacktrace: 0   chromedriver                        0x000000010b856649 chromedriver + 2741833
1   chromedriver                        0x000000010bf0cfb3 chromedriver + 9781171
2   chromedriver                        0x000000010b5e3308 chromedriver + 172808
3   chromedriver                        0x000000010b608cc1 chromedriver + 326849
4   chromedriver                        0x000000010b604983 chromedriver + 309635
5   chromedriver                        0x000000010b601016 chromedriver + 294934
6   chromedriver                        0x000000010b6394c0 chromedriver + 525504
7   chromedriver                        0x000000010b634363 chromedriver + 504675
8   chromedriver                        0x000000010b60aef1 chromedriver + 335601
9   chromedriver                        0x000000010b60c125 chromedriver + 340261
10  chromedriver                        0x000000010b81d75c chromedriver + 2508636
11  chromedriver                        0x000000010b830686 chromedriver + 2586246
12  chromedriver                        0x000000010b802b51 chromedriver + 2399057
13  chromedriver                        0x000000010b831a5f chromedriver + 2591327
14  chromedriver                        0x000000010b8136ec chromedriver + 2467564
15  chromedriver                        0x000000010b84b2d8 chromedriver + 2695896
16  chromedriver                        0x000000010b84b46b chromedriver + 2696299
17  chromedriver                        0x000000010b85b558 chromedriver + 2762072
18  libsystem_pthread.dylib             0x00007fff204128fc _pthread_start + 224
19  libsystem_pthread.dylib             0x00007fff2040e443 thread_start + 15

	at org.openqa.selenium.remote.W3CHandshakeResponse.lambda$errorHandler$0(W3CHandshakeResponse.java:62)
	at org.openqa.selenium.remote.HandshakeResponse.lambda$getResponseFunction$0(HandshakeResponse.java:30)
	at org.openqa.selenium.remote.ProtocolHandshake.lambda$createSession$0(ProtocolHandshake.java:126)
	at java.base/java.util.stream.ReferencePipeline$3$1.accept(ReferencePipeline.java:195)
	at java.base/java.util.Spliterators$ArraySpliterator.tryAdvance(Spliterators.java:958)
	at java.base/java.util.stream.ReferencePipeline.forEachWithCancel(ReferencePipeline.java:127)
	at java.base/java.util.stream.AbstractPipeline.copyIntoWithCancel(AbstractPipeline.java:502)
	at java.base/java.util.stream.AbstractPipeline.copyInto(AbstractPipeline.java:488)
	at java.base/java.util.stream.AbstractPipeline.wrapAndCopyInto(AbstractPipeline.java:474)
	at java.base/java.util.stream.FindOps$FindOp.evaluateSequential(FindOps.java:150)
	at java.base/java.util.stream.AbstractPipeline.evaluate(AbstractPipeline.java:234)
	at java.base/java.util.stream.ReferencePipeline.findFirst(ReferencePipeline.java:543)
	at org.openqa.selenium.remote.ProtocolHandshake.createSession(ProtocolHandshake.java:128)
	at org.openqa.selenium.remote.ProtocolHandshake.createSession(ProtocolHandshake.java:74)
	at org.openqa.selenium.remote.HttpCommandExecutor.execute(HttpCommandExecutor.java:136)
	at org.openqa.selenium.remote.service.DriverCommandExecutor.execute(DriverCommandExecutor.java:83)
	at org.openqa.selenium.remote.RemoteWebDriver.execute(RemoteWebDriver.java:552)
	at org.openqa.selenium.remote.RemoteWebDriver.startSession(RemoteWebDriver.java:213)
	at org.openqa.selenium.remote.RemoteWebDriver.&lt;init&gt;(RemoteWebDriver.java:131)
	at org.openqa.selenium.chrome.ChromeDriver.&lt;init&gt;(ChromeDriver.java:181)
	at org.openqa.selenium.chrome.ChromeDriver.&lt;init&gt;(ChromeDriver.java:168)
	at org.openqa.selenium.chrome.ChromeDriver.&lt;init&gt;(ChromeDriver.java:157)
	at lesson11_Selenium_BrowserFabric.enums.BrowserFabric.getChromeDriver(BrowserFabric.java:57)
	at lesson11_Selenium_BrowserFabric.enums.BrowserFabric.getWebdriver(BrowserFabric.java:26)
	at lesson9_10_Selenium_PageObjectTests2_BaseTest.BaseTest.startUp(BaseTest.java:35)
	at java.base/java.util.concurrent.ThreadPoolExecutor.runWorker(ThreadPoolExecutor.java:1130)
	at java.base/java.util.concurrent.ThreadPoolExecutor$Worker.run(ThreadPoolExecutor.java:630)
	at java.base/java.lang.Thread.run(Thread.java:832)
... Removed 21 stack frames
</div> <!-- stack-trace -->
                </div> <!-- method-content -->
              </div> <!-- method -->
              <div class="method">
                <div class="method-content">
                  <a name="playlistTest_renamePlaylist_playlistRenamed1A">
                  </a> <!-- playlistTest_renamePlaylist_playlistRenamed1A -->
                  <span class="method-name">playlistTest_renamePlaylist_playlistRenamed1A</span>
                  <div class="stack-trace">org.openqa.selenium.SessionNotCreatedException: session not created: This version of ChromeDriver only supports Chrome version 91
Current browser version is 93.0.4577.63 with binary path /Applications/Google Chrome.app/Contents/MacOS/Google Chrome
Build info: version: &apos;3.141.59&apos;, revision: &apos;e82be7d358&apos;, time: &apos;2018-11-14T08:17:03&apos;
System info: host: &apos;MBP-Kamil&apos;, ip: &apos;fdcb:6e76:c610:1:8fc:ea78:43a0:41f8%en0&apos;, os.name: &apos;Mac OS X&apos;, os.arch: &apos;x86_64&apos;, os.version: &apos;10.16&apos;, java.version: &apos;14.0.2&apos;
Driver info: driver.version: ChromeDriver
remote stacktrace: 0   chromedriver                        0x000000010b856649 chromedriver + 2741833
1   chromedriver                        0x000000010bf0cfb3 chromedriver + 9781171
2   chromedriver                        0x000000010b5e3308 chromedriver + 172808
3   chromedriver                        0x000000010b608cc1 chromedriver + 326849
4   chromedriver                        0x000000010b604983 chromedriver + 309635
5   chromedriver                        0x000000010b601016 chromedriver + 294934
6   chromedriver                        0x000000010b6394c0 chromedriver + 525504
7   chromedriver                        0x000000010b634363 chromedriver + 504675
8   chromedriver                        0x000000010b60aef1 chromedriver + 335601
9   chromedriver                        0x000000010b60c125 chromedriver + 340261
10  chromedriver                        0x000000010b81d75c chromedriver + 2508636
11  chromedriver                        0x000000010b830686 chromedriver + 2586246
12  chromedriver                        0x000000010b802b51 chromedriver + 2399057
13  chromedriver                        0x000000010b831a5f chromedriver + 2591327
14  chromedriver                        0x000000010b8136ec chromedriver + 2467564
15  chromedriver                        0x000000010b84b2d8 chromedriver + 2695896
16  chromedriver                        0x000000010b84b46b chromedriver + 2696299
17  chromedriver                        0x000000010b85b558 chromedriver + 2762072
18  libsystem_pthread.dylib             0x00007fff204128fc _pthread_start + 224
19  libsystem_pthread.dylib             0x00007fff2040e443 thread_start + 15

	at org.openqa.selenium.remote.W3CHandshakeResponse.lambda$errorHandler$0(W3CHandshakeResponse.java:62)
	at org.openqa.selenium.remote.HandshakeResponse.lambda$getResponseFunction$0(HandshakeResponse.java:30)
	at org.openqa.selenium.remote.ProtocolHandshake.lambda$createSession$0(ProtocolHandshake.java:126)
	at java.base/java.util.stream.ReferencePipeline$3$1.accept(ReferencePipeline.java:195)
	at java.base/java.util.Spliterators$ArraySpliterator.tryAdvance(Spliterators.java:958)
	at java.base/java.util.stream.ReferencePipeline.forEachWithCancel(ReferencePipeline.java:127)
	at java.base/java.util.stream.AbstractPipeline.copyIntoWithCancel(AbstractPipeline.java:502)
	at java.base/java.util.stream.AbstractPipeline.copyInto(AbstractPipeline.java:488)
	at java.base/java.util.stream.AbstractPipeline.wrapAndCopyInto(AbstractPipeline.java:474)
	at java.base/java.util.stream.FindOps$FindOp.evaluateSequential(FindOps.java:150)
	at java.base/java.util.stream.AbstractPipeline.evaluate(AbstractPipeline.java:234)
	at java.base/java.util.stream.ReferencePipeline.findFirst(ReferencePipeline.java:543)
	at org.openqa.selenium.remote.ProtocolHandshake.createSession(ProtocolHandshake.java:128)
	at org.openqa.selenium.remote.ProtocolHandshake.createSession(ProtocolHandshake.java:74)
	at org.openqa.selenium.remote.HttpCommandExecutor.execute(HttpCommandExecutor.java:136)
	at org.openqa.selenium.remote.service.DriverCommandExecutor.execute(DriverCommandExecutor.java:83)
	at org.openqa.selenium.remote.RemoteWebDriver.execute(RemoteWebDriver.java:552)
	at org.openqa.selenium.remote.RemoteWebDriver.startSession(RemoteWebDriver.java:213)
	at org.openqa.selenium.remote.RemoteWebDriver.&lt;init&gt;(RemoteWebDriver.java:131)
	at org.openqa.selenium.chrome.ChromeDriver.&lt;init&gt;(ChromeDriver.java:181)
	at org.openqa.selenium.chrome.ChromeDriver.&lt;init&gt;(ChromeDriver.java:168)
	at org.openqa.selenium.chrome.ChromeDriver.&lt;init&gt;(ChromeDriver.java:157)
	at lesson11_Selenium_BrowserFabric.enums.BrowserFabric.getChromeDriver(BrowserFabric.java:57)
	at lesson11_Selenium_BrowserFabric.enums.BrowserFabric.getWebdriver(BrowserFabric.java:26)
	at lesson9_10_Selenium_PageObjectTests2_BaseTest.BaseTest.startUp(BaseTest.java:35)
	at java.base/java.util.concurrent.ThreadPoolExecutor.runWorker(ThreadPoolExecutor.java:1130)
	at java.base/java.util.concurrent.ThreadPoolExecutor$Worker.run(ThreadPoolExecutor.java:630)
	at java.base/java.lang.Thread.run(Thread.java:832)
... Removed 21 stack frames
</div> <!-- stack-trace -->
                </div> <!-- method-content -->
              </div> <!-- method -->
              <div class="method">
                <div class="method-content">
                  <a name="playlistTest_renamePlaylist_playlistRenamedA">
                  </a> <!-- playlistTest_renamePlaylist_playlistRenamedA -->
                  <span class="method-name">playlistTest_renamePlaylist_playlistRenamedA</span>
                  <div class="stack-trace">org.openqa.selenium.SessionNotCreatedException: session not created: This version of ChromeDriver only supports Chrome version 91
Current browser version is 93.0.4577.63 with binary path /Applications/Google Chrome.app/Contents/MacOS/Google Chrome
Build info: version: &apos;3.141.59&apos;, revision: &apos;e82be7d358&apos;, time: &apos;2018-11-14T08:17:03&apos;
System info: host: &apos;MBP-Kamil&apos;, ip: &apos;fdcb:6e76:c610:1:8fc:ea78:43a0:41f8%en0&apos;, os.name: &apos;Mac OS X&apos;, os.arch: &apos;x86_64&apos;, os.version: &apos;10.16&apos;, java.version: &apos;14.0.2&apos;
Driver info: driver.version: ChromeDriver
remote stacktrace: 0   chromedriver                        0x000000010b856649 chromedriver + 2741833
1   chromedriver                        0x000000010bf0cfb3 chromedriver + 9781171
2   chromedriver                        0x000000010b5e3308 chromedriver + 172808
3   chromedriver                        0x000000010b608cc1 chromedriver + 326849
4   chromedriver                        0x000000010b604983 chromedriver + 309635
5   chromedriver                        0x000000010b601016 chromedriver + 294934
6   chromedriver                        0x000000010b6394c0 chromedriver + 525504
7   chromedriver                        0x000000010b634363 chromedriver + 504675
8   chromedriver                        0x000000010b60aef1 chromedriver + 335601
9   chromedriver                        0x000000010b60c125 chromedriver + 340261
10  chromedriver                        0x000000010b81d75c chromedriver + 2508636
11  chromedriver                        0x000000010b830686 chromedriver + 2586246
12  chromedriver                        0x000000010b802b51 chromedriver + 2399057
13  chromedriver                        0x000000010b831a5f chromedriver + 2591327
14  chromedriver                        0x000000010b8136ec chromedriver + 2467564
15  chromedriver                        0x000000010b84b2d8 chromedriver + 2695896
16  chromedriver                        0x000000010b84b46b chromedriver + 2696299
17  chromedriver                        0x000000010b85b558 chromedriver + 2762072
18  libsystem_pthread.dylib             0x00007fff204128fc _pthread_start + 224
19  libsystem_pthread.dylib             0x00007fff2040e443 thread_start + 15

	at org.openqa.selenium.remote.W3CHandshakeResponse.lambda$errorHandler$0(W3CHandshakeResponse.java:62)
	at org.openqa.selenium.remote.HandshakeResponse.lambda$getResponseFunction$0(HandshakeResponse.java:30)
	at org.openqa.selenium.remote.ProtocolHandshake.lambda$createSession$0(ProtocolHandshake.java:126)
	at java.base/java.util.stream.ReferencePipeline$3$1.accept(ReferencePipeline.java:195)
	at java.base/java.util.Spliterators$ArraySpliterator.tryAdvance(Spliterators.java:958)
	at java.base/java.util.stream.ReferencePipeline.forEachWithCancel(ReferencePipeline.java:127)
	at java.base/java.util.stream.AbstractPipeline.copyIntoWithCancel(AbstractPipeline.java:502)
	at java.base/java.util.stream.AbstractPipeline.copyInto(AbstractPipeline.java:488)
	at java.base/java.util.stream.AbstractPipeline.wrapAndCopyInto(AbstractPipeline.java:474)
	at java.base/java.util.stream.FindOps$FindOp.evaluateSequential(FindOps.java:150)
	at java.base/java.util.stream.AbstractPipeline.evaluate(AbstractPipeline.java:234)
	at java.base/java.util.stream.ReferencePipeline.findFirst(ReferencePipeline.java:543)
	at org.openqa.selenium.remote.ProtocolHandshake.createSession(ProtocolHandshake.java:128)
	at org.openqa.selenium.remote.ProtocolHandshake.createSession(ProtocolHandshake.java:74)
	at org.openqa.selenium.remote.HttpCommandExecutor.execute(HttpCommandExecutor.java:136)
	at org.openqa.selenium.remote.service.DriverCommandExecutor.execute(DriverCommandExecutor.java:83)
	at org.openqa.selenium.remote.RemoteWebDriver.execute(RemoteWebDriver.java:552)
	at org.openqa.selenium.remote.RemoteWebDriver.startSession(RemoteWebDriver.java:213)
	at org.openqa.selenium.remote.RemoteWebDriver.&lt;init&gt;(RemoteWebDriver.java:131)
	at org.openqa.selenium.chrome.ChromeDriver.&lt;init&gt;(ChromeDriver.java:181)
	at org.openqa.selenium.chrome.ChromeDriver.&lt;init&gt;(ChromeDriver.java:168)
	at org.openqa.selenium.chrome.ChromeDriver.&lt;init&gt;(ChromeDriver.java:157)
	at lesson11_Selenium_BrowserFabric.enums.BrowserFabric.getChromeDriver(BrowserFabric.java:57)
	at lesson11_Selenium_BrowserFabric.enums.BrowserFabric.getWebdriver(BrowserFabric.java:26)
	at lesson9_10_Selenium_PageObjectTests2_BaseTest.BaseTest.startUp(BaseTest.java:35)
	at java.base/java.util.concurrent.ThreadPoolExecutor.runWorker(ThreadPoolExecutor.java:1130)
	at java.base/java.util.concurrent.ThreadPoolExecutor$Worker.run(ThreadPoolExecutor.java:630)
	at java.base/java.lang.Thread.run(Thread.java:832)
... Removed 21 stack frames
</div> <!-- stack-trace -->
                </div> <!-- method-content -->
              </div> <!-- method -->
              <div class="method">
                <div class="method-content">
                  <a name="songTest_addSongToFavorites_songAdded1A">
                  </a> <!-- songTest_addSongToFavorites_songAdded1A -->
                  <span class="method-name">songTest_addSongToFavorites_songAdded1A</span>
                  <div class="stack-trace">org.openqa.selenium.SessionNotCreatedException: session not created: This version of ChromeDriver only supports Chrome version 91
Current browser version is 93.0.4577.63 with binary path /Applications/Google Chrome.app/Contents/MacOS/Google Chrome
Build info: version: &apos;3.141.59&apos;, revision: &apos;e82be7d358&apos;, time: &apos;2018-11-14T08:17:03&apos;
System info: host: &apos;MBP-Kamil&apos;, ip: &apos;fdcb:6e76:c610:1:8fc:ea78:43a0:41f8%en0&apos;, os.name: &apos;Mac OS X&apos;, os.arch: &apos;x86_64&apos;, os.version: &apos;10.16&apos;, java.version: &apos;14.0.2&apos;
Driver info: driver.version: ChromeDriver
remote stacktrace: 0   chromedriver                        0x000000010b856649 chromedriver + 2741833
1   chromedriver                        0x000000010bf0cfb3 chromedriver + 9781171
2   chromedriver                        0x000000010b5e3308 chromedriver + 172808
3   chromedriver                        0x000000010b608cc1 chromedriver + 326849
4   chromedriver                        0x000000010b604983 chromedriver + 309635
5   chromedriver                        0x000000010b601016 chromedriver + 294934
6   chromedriver                        0x000000010b6394c0 chromedriver + 525504
7   chromedriver                        0x000000010b634363 chromedriver + 504675
8   chromedriver                        0x000000010b60aef1 chromedriver + 335601
9   chromedriver                        0x000000010b60c125 chromedriver + 340261
10  chromedriver                        0x000000010b81d75c chromedriver + 2508636
11  chromedriver                        0x000000010b830686 chromedriver + 2586246
12  chromedriver                        0x000000010b802b51 chromedriver + 2399057
13  chromedriver                        0x000000010b831a5f chromedriver + 2591327
14  chromedriver                        0x000000010b8136ec chromedriver + 2467564
15  chromedriver                        0x000000010b84b2d8 chromedriver + 2695896
16  chromedriver                        0x000000010b84b46b chromedriver + 2696299
17  chromedriver                        0x000000010b85b558 chromedriver + 2762072
18  libsystem_pthread.dylib             0x00007fff204128fc _pthread_start + 224
19  libsystem_pthread.dylib             0x00007fff2040e443 thread_start + 15

	at org.openqa.selenium.remote.W3CHandshakeResponse.lambda$errorHandler$0(W3CHandshakeResponse.java:62)
	at org.openqa.selenium.remote.HandshakeResponse.lambda$getResponseFunction$0(HandshakeResponse.java:30)
	at org.openqa.selenium.remote.ProtocolHandshake.lambda$createSession$0(ProtocolHandshake.java:126)
	at java.base/java.util.stream.ReferencePipeline$3$1.accept(ReferencePipeline.java:195)
	at java.base/java.util.Spliterators$ArraySpliterator.tryAdvance(Spliterators.java:958)
	at java.base/java.util.stream.ReferencePipeline.forEachWithCancel(ReferencePipeline.java:127)
	at java.base/java.util.stream.AbstractPipeline.copyIntoWithCancel(AbstractPipeline.java:502)
	at java.base/java.util.stream.AbstractPipeline.copyInto(AbstractPipeline.java:488)
	at java.base/java.util.stream.AbstractPipeline.wrapAndCopyInto(AbstractPipeline.java:474)
	at java.base/java.util.stream.FindOps$FindOp.evaluateSequential(FindOps.java:150)
	at java.base/java.util.stream.AbstractPipeline.evaluate(AbstractPipeline.java:234)
	at java.base/java.util.stream.ReferencePipeline.findFirst(ReferencePipeline.java:543)
	at org.openqa.selenium.remote.ProtocolHandshake.createSession(ProtocolHandshake.java:128)
	at org.openqa.selenium.remote.ProtocolHandshake.createSession(ProtocolHandshake.java:74)
	at org.openqa.selenium.remote.HttpCommandExecutor.execute(HttpCommandExecutor.java:136)
	at org.openqa.selenium.remote.service.DriverCommandExecutor.execute(DriverCommandExecutor.java:83)
	at org.openqa.selenium.remote.RemoteWebDriver.execute(RemoteWebDriver.java:552)
	at org.openqa.selenium.remote.RemoteWebDriver.startSession(RemoteWebDriver.java:213)
	at org.openqa.selenium.remote.RemoteWebDriver.&lt;init&gt;(RemoteWebDriver.java:131)
	at org.openqa.selenium.chrome.ChromeDriver.&lt;init&gt;(ChromeDriver.java:181)
	at org.openqa.selenium.chrome.ChromeDriver.&lt;init&gt;(ChromeDriver.java:168)
	at org.openqa.selenium.chrome.ChromeDriver.&lt;init&gt;(ChromeDriver.java:157)
	at lesson11_Selenium_BrowserFabric.enums.BrowserFabric.getChromeDriver(BrowserFabric.java:57)
	at lesson11_Selenium_BrowserFabric.enums.BrowserFabric.getWebdriver(BrowserFabric.java:26)
	at lesson9_10_Selenium_PageObjectTests2_BaseTest.BaseTest.startUp(BaseTest.java:35)
	at java.base/java.util.concurrent.ThreadPoolExecutor.runWorker(ThreadPoolExecutor.java:1130)
	at java.base/java.util.concurrent.ThreadPoolExecutor$Worker.run(ThreadPoolExecutor.java:630)
	at java.base/java.lang.Thread.run(Thread.java:832)
... Removed 21 stack frames
</div> <!-- stack-trace -->
                </div> <!-- method-content -->
              </div> <!-- method -->
              <div class="method">
                <div class="method-content">
                  <a name="songTest_addSongToFavorites_songAddedA">
                  </a> <!-- songTest_addSongToFavorites_songAddedA -->
                  <span class="method-name">songTest_addSongToFavorites_songAddedA</span>
                  <div class="stack-trace">org.openqa.selenium.SessionNotCreatedException: session not created: This version of ChromeDriver only supports Chrome version 91
Current browser version is 93.0.4577.63 with binary path /Applications/Google Chrome.app/Contents/MacOS/Google Chrome
Build info: version: &apos;3.141.59&apos;, revision: &apos;e82be7d358&apos;, time: &apos;2018-11-14T08:17:03&apos;
System info: host: &apos;MBP-Kamil&apos;, ip: &apos;fdcb:6e76:c610:1:8fc:ea78:43a0:41f8%en0&apos;, os.name: &apos;Mac OS X&apos;, os.arch: &apos;x86_64&apos;, os.version: &apos;10.16&apos;, java.version: &apos;14.0.2&apos;
Driver info: driver.version: ChromeDriver
remote stacktrace: 0   chromedriver                        0x000000010b856649 chromedriver + 2741833
1   chromedriver                        0x000000010bf0cfb3 chromedriver + 9781171
2   chromedriver                        0x000000010b5e3308 chromedriver + 172808
3   chromedriver                        0x000000010b608cc1 chromedriver + 326849
4   chromedriver                        0x000000010b604983 chromedriver + 309635
5   chromedriver                        0x000000010b601016 chromedriver + 294934
6   chromedriver                        0x000000010b6394c0 chromedriver + 525504
7   chromedriver                        0x000000010b634363 chromedriver + 504675
8   chromedriver                        0x000000010b60aef1 chromedriver + 335601
9   chromedriver                        0x000000010b60c125 chromedriver + 340261
10  chromedriver                        0x000000010b81d75c chromedriver + 2508636
11  chromedriver                        0x000000010b830686 chromedriver + 2586246
12  chromedriver                        0x000000010b802b51 chromedriver + 2399057
13  chromedriver                        0x000000010b831a5f chromedriver + 2591327
14  chromedriver                        0x000000010b8136ec chromedriver + 2467564
15  chromedriver                        0x000000010b84b2d8 chromedriver + 2695896
16  chromedriver                        0x000000010b84b46b chromedriver + 2696299
17  chromedriver                        0x000000010b85b558 chromedriver + 2762072
18  libsystem_pthread.dylib             0x00007fff204128fc _pthread_start + 224
19  libsystem_pthread.dylib             0x00007fff2040e443 thread_start + 15

	at org.openqa.selenium.remote.W3CHandshakeResponse.lambda$errorHandler$0(W3CHandshakeResponse.java:62)
	at org.openqa.selenium.remote.HandshakeResponse.lambda$getResponseFunction$0(HandshakeResponse.java:30)
	at org.openqa.selenium.remote.ProtocolHandshake.lambda$createSession$0(ProtocolHandshake.java:126)
	at java.base/java.util.stream.ReferencePipeline$3$1.accept(ReferencePipeline.java:195)
	at java.base/java.util.Spliterators$ArraySpliterator.tryAdvance(Spliterators.java:958)
	at java.base/java.util.stream.ReferencePipeline.forEachWithCancel(ReferencePipeline.java:127)
	at java.base/java.util.stream.AbstractPipeline.copyIntoWithCancel(AbstractPipeline.java:502)
	at java.base/java.util.stream.AbstractPipeline.copyInto(AbstractPipeline.java:488)
	at java.base/java.util.stream.AbstractPipeline.wrapAndCopyInto(AbstractPipeline.java:474)
	at java.base/java.util.stream.FindOps$FindOp.evaluateSequential(FindOps.java:150)
	at java.base/java.util.stream.AbstractPipeline.evaluate(AbstractPipeline.java:234)
	at java.base/java.util.stream.ReferencePipeline.findFirst(ReferencePipeline.java:543)
	at org.openqa.selenium.remote.ProtocolHandshake.createSession(ProtocolHandshake.java:128)
	at org.openqa.selenium.remote.ProtocolHandshake.createSession(ProtocolHandshake.java:74)
	at org.openqa.selenium.remote.HttpCommandExecutor.execute(HttpCommandExecutor.java:136)
	at org.openqa.selenium.remote.service.DriverCommandExecutor.execute(DriverCommandExecutor.java:83)
	at org.openqa.selenium.remote.RemoteWebDriver.execute(RemoteWebDriver.java:552)
	at org.openqa.selenium.remote.RemoteWebDriver.startSession(RemoteWebDriver.java:213)
	at org.openqa.selenium.remote.RemoteWebDriver.&lt;init&gt;(RemoteWebDriver.java:131)
	at org.openqa.selenium.chrome.ChromeDriver.&lt;init&gt;(ChromeDriver.java:181)
	at org.openqa.selenium.chrome.ChromeDriver.&lt;init&gt;(ChromeDriver.java:168)
	at org.openqa.selenium.chrome.ChromeDriver.&lt;init&gt;(ChromeDriver.java:157)
	at lesson11_Selenium_BrowserFabric.enums.BrowserFabric.getChromeDriver(BrowserFabric.java:57)
	at lesson11_Selenium_BrowserFabric.enums.BrowserFabric.getWebdriver(BrowserFabric.java:26)
	at lesson9_10_Selenium_PageObjectTests2_BaseTest.BaseTest.startUp(BaseTest.java:35)
	at java.base/java.util.concurrent.ThreadPoolExecutor.runWorker(ThreadPoolExecutor.java:1130)
	at java.base/java.util.concurrent.ThreadPoolExecutor$Worker.run(ThreadPoolExecutor.java:630)
	at java.base/java.lang.Thread.run(Thread.java:832)
... Removed 21 stack frames
</div> <!-- stack-trace -->
                </div> <!-- method-content -->
              </div> <!-- method -->
            </div> <!-- main-panel-content rounded-window-bottom -->
          </div> <!-- suite-MasterSuite-class-skipped -->
        </div> <!-- panel MasterSuite -->
        <div panel-name="test-xml-MasterSuite" class="panel">
          <div class="main-panel-header rounded-window-top">
            <span class="header-content">/Users/kamilmaratovic/IdeaProjects/JavaCore/testNG.xml</span>
          </div> <!-- main-panel-header rounded-window-top -->
          <div class="main-panel-content rounded-window-bottom">
            <pre>
&lt;?xml version=&quot;1.0&quot; encoding=&quot;UTF-8&quot;?&gt;
&lt;!DOCTYPE suite SYSTEM &quot;https://testng.org/testng-1.0.dtd&quot;&gt;
&lt;suite thread-count=&quot;4&quot; parallel=&quot;classes&quot; name=&quot;MasterSuite&quot; guice-stage=&quot;DEVELOPMENT&quot;&gt;
  &lt;parameter name=&quot;wrongPassword&quot; value=&quot;te$t$tudent1&quot;/&gt;
  &lt;parameter name=&quot;password&quot; value=&quot;te$t$tudent&quot;/&gt;
  &lt;parameter name=&quot;email&quot; value=&quot;koeluser06@testpro.io&quot;/&gt;
  &lt;listeners&gt;
    &lt;listener class-name=&quot;listeners.Listeners&quot;/&gt;
  &lt;/listeners&gt;
  &lt;test thread-count=&quot;4&quot; parallel=&quot;classes&quot; name=&quot;AllTests&quot;&gt;
    &lt;classes&gt;
      &lt;class name=&quot;lesson9_10_Selenium_PageObjectTests2_BaseTest.LoginTest&quot;&gt;
        &lt;methods&gt;
          &lt;include name=&quot;loginTest_correctCredentials&quot;/&gt;
          &lt;include name=&quot;loginTest_wrongCridentials&quot;/&gt;
          &lt;include name=&quot;loginTest_correctCredentials1&quot;/&gt;
          &lt;include name=&quot;loginTest_wrongCridentials1&quot;/&gt;
          &lt;include name=&quot;loginTest_correctCredentials2&quot;/&gt;
          &lt;include name=&quot;loginTest_wrongCridentials2&quot;/&gt;
        &lt;/methods&gt;
      &lt;/class&gt; &lt;!-- lesson9_10_Selenium_PageObjectTests2_BaseTest.LoginTest --&gt;
      &lt;class name=&quot;lesson9_10_Selenium_PageObjectTests2_BaseTest.LoginTest_A&quot;&gt;
        &lt;methods&gt;
          &lt;include name=&quot;loginTest_correctCredentialsA&quot;/&gt;
          &lt;include name=&quot;loginTest_wrongCridentialsA&quot;/&gt;
          &lt;include name=&quot;loginTest_correctCredentials1A&quot;/&gt;
          &lt;include name=&quot;loginTest_wrongCridentials1A&quot;/&gt;
          &lt;include name=&quot;loginTest_correctCredentials2A&quot;/&gt;
          &lt;include name=&quot;loginTest_wrongCridentials2A&quot;/&gt;
        &lt;/methods&gt;
      &lt;/class&gt; &lt;!-- lesson9_10_Selenium_PageObjectTests2_BaseTest.LoginTest_A --&gt;
      &lt;class name=&quot;lesson9_10_Selenium_PageObjectTests2_BaseTest.PlaylistTest&quot;&gt;
        &lt;methods&gt;
          &lt;include name=&quot;playlistTest_createPlayList_playlistCreated&quot;/&gt;
          &lt;include name=&quot;playlistTest_renamePlaylist_playlistRenamed&quot;/&gt;
          &lt;include name=&quot;playlistTest_deletePlaylists_playlistDeleted&quot;/&gt;
          &lt;include name=&quot;songTest_addSongToFavorites_songAdded&quot;/&gt;
          &lt;include name=&quot;playlistTest_renamePlaylist_playlistRenamed1&quot;/&gt;
          &lt;include name=&quot;playlistTest_deletePlaylists_playlistDeleted1&quot;/&gt;
          &lt;include name=&quot;songTest_addSongToFavorites_songAdded1&quot;/&gt;
          &lt;exclude name=&quot;playlistTest_createPlayList_playlistCreated1&quot;/&gt;
        &lt;/methods&gt;
      &lt;/class&gt; &lt;!-- lesson9_10_Selenium_PageObjectTests2_BaseTest.PlaylistTest --&gt;
      &lt;class name=&quot;lesson9_10_Selenium_PageObjectTests2_BaseTest.PlaylistTest_A&quot;&gt;
        &lt;methods&gt;
          &lt;include name=&quot;playlistTest_createPlayList_playlistCreatedA&quot;/&gt;
          &lt;include name=&quot;playlistTest_renamePlaylist_playlistRenamedA&quot;/&gt;
          &lt;include name=&quot;playlistTest_deletePlaylists_playlistDeletedA&quot;/&gt;
          &lt;include name=&quot;songTest_addSongToFavorites_songAddedA&quot;/&gt;
          &lt;include name=&quot;playlistTest_renamePlaylist_playlistRenamed1A&quot;/&gt;
          &lt;include name=&quot;playlistTest_deletePlaylists_playlistDeleted1A&quot;/&gt;
          &lt;include name=&quot;songTest_addSongToFavorites_songAdded1A&quot;/&gt;
          &lt;exclude name=&quot;playlistTest_createPlayList_playlistCreated1A&quot;/&gt;
        &lt;/methods&gt;
      &lt;/class&gt; &lt;!-- lesson9_10_Selenium_PageObjectTests2_BaseTest.PlaylistTest_A --&gt;
    &lt;/classes&gt;
  &lt;/test&gt; &lt;!-- AllTests --&gt;
&lt;/suite&gt; &lt;!-- MasterSuite --&gt;
            </pre>
          </div> <!-- main-panel-content rounded-window-bottom -->
        </div> <!-- panel -->
        <div panel-name="testlist-MasterSuite" class="panel">
          <div class="main-panel-header rounded-window-top">
            <span class="header-content">Tests for MasterSuite</span>
          </div> <!-- main-panel-header rounded-window-top -->
          <div class="main-panel-content rounded-window-bottom">
            <ul>
              <li>
                <span class="test-name">AllTests (4 classes)</span>
              </li>
            </ul>
          </div> <!-- main-panel-content rounded-window-bottom -->
        </div> <!-- panel -->
        <div panel-name="group-MasterSuite" class="panel">
          <div class="main-panel-header rounded-window-top">
            <span class="header-content">Groups for MasterSuite</span>
          </div> <!-- main-panel-header rounded-window-top -->
          <div class="main-panel-content rounded-window-bottom">
          </div> <!-- main-panel-content rounded-window-bottom -->
        </div> <!-- panel -->
        <div panel-name="times-MasterSuite" class="panel">
          <div class="main-panel-header rounded-window-top">
            <span class="header-content">Times for MasterSuite</span>
          </div> <!-- main-panel-header rounded-window-top -->
          <div class="main-panel-content rounded-window-bottom">
            <div class="times-div">
              <script type="text/javascript">
suiteTableInitFunctions.push('tableData_MasterSuite');
function tableData_MasterSuite() {
var data = new google.visualization.DataTable();
data.addColumn('number', 'Number');
data.addColumn('string', 'Method');
data.addColumn('string', 'Class');
data.addColumn('number', 'Time (ms)');
data.addRows(24);
data.setCell(0, 0, 0)
data.setCell(0, 1, 'loginTest_wrongCridentials1')
data.setCell(0, 2, 'lesson9_10_Selenium_PageObjectTests2_BaseTest.LoginTest')
data.setCell(0, 3, 0);
data.setCell(1, 0, 1)
data.setCell(1, 1, 'playlistTest_renamePlaylist_playlistRenamedA')
data.setCell(1, 2, 'lesson9_10_Selenium_PageObjectTests2_BaseTest.PlaylistTest_A')
data.setCell(1, 3, 0);
data.setCell(2, 0, 2)
data.setCell(2, 1, 'playlistTest_deletePlaylists_playlistDeleted1A')
data.setCell(2, 2, 'lesson9_10_Selenium_PageObjectTests2_BaseTest.PlaylistTest_A')
data.setCell(2, 3, 0);
data.setCell(3, 0, 3)
data.setCell(3, 1, 'loginTest_wrongCridentials2A')
data.setCell(3, 2, 'lesson9_10_Selenium_PageObjectTests2_BaseTest.LoginTest_A')
data.setCell(3, 3, 0);
data.setCell(4, 0, 4)
data.setCell(4, 1, 'playlistTest_deletePlaylists_playlistDeletedA')
data.setCell(4, 2, 'lesson9_10_Selenium_PageObjectTests2_BaseTest.PlaylistTest_A')
data.setCell(4, 3, 0);
data.setCell(5, 0, 5)
data.setCell(5, 1, 'playlistTest_createPlayList_playlistCreated')
data.setCell(5, 2, 'lesson9_10_Selenium_PageObjectTests2_BaseTest.PlaylistTest')
data.setCell(5, 3, 0);
data.setCell(6, 0, 6)
data.setCell(6, 1, 'songTest_addSongToFavorites_songAdded1')
data.setCell(6, 2, 'lesson9_10_Selenium_PageObjectTests2_BaseTest.PlaylistTest')
data.setCell(6, 3, 0);
data.setCell(7, 0, 7)
data.setCell(7, 1, 'loginTest_wrongCridentials2')
data.setCell(7, 2, 'lesson9_10_Selenium_PageObjectTests2_BaseTest.LoginTest')
data.setCell(7, 3, 0);
data.setCell(8, 0, 8)
data.setCell(8, 1, 'playlistTest_renamePlaylist_playlistRenamed1')
data.setCell(8, 2, 'lesson9_10_Selenium_PageObjectTests2_BaseTest.PlaylistTest')
data.setCell(8, 3, 0);
data.setCell(9, 0, 9)
data.setCell(9, 1, 'loginTest_correctCredentials1')
data.setCell(9, 2, 'lesson9_10_Selenium_PageObjectTests2_BaseTest.LoginTest')
data.setCell(9, 3, 0);
data.setCell(10, 0, 10)
data.setCell(10, 1, 'loginTest_correctCredentials2A')
data.setCell(10, 2, 'lesson9_10_Selenium_PageObjectTests2_BaseTest.LoginTest_A')
data.setCell(10, 3, 0);
data.setCell(11, 0, 11)
data.setCell(11, 1, 'loginTest_wrongCridentials1A')
data.setCell(11, 2, 'lesson9_10_Selenium_PageObjectTests2_BaseTest.LoginTest_A')
data.setCell(11, 3, 0);
data.setCell(12, 0, 12)
data.setCell(12, 1, 'playlistTest_renamePlaylist_playlistRenamed')
data.setCell(12, 2, 'lesson9_10_Selenium_PageObjectTests2_BaseTest.PlaylistTest')
data.setCell(12, 3, 0);
data.setCell(13, 0, 13)
data.setCell(13, 1, 'songTest_addSongToFavorites_songAdded')
data.setCell(13, 2, 'lesson9_10_Selenium_PageObjectTests2_BaseTest.PlaylistTest')
data.setCell(13, 3, 0);
data.setCell(14, 0, 14)
data.setCell(14, 1, 'playlistTest_renamePlaylist_playlistRenamed1A')
data.setCell(14, 2, 'lesson9_10_Selenium_PageObjectTests2_BaseTest.PlaylistTest_A')
data.setCell(14, 3, 0);
data.setCell(15, 0, 15)
data.setCell(15, 1, 'loginTest_wrongCridentialsA')
data.setCell(15, 2, 'lesson9_10_Selenium_PageObjectTests2_BaseTest.LoginTest_A')
data.setCell(15, 3, 0);
data.setCell(16, 0, 16)
data.setCell(16, 1, 'playlistTest_createPlayList_playlistCreatedA')
data.setCell(16, 2, 'lesson9_10_Selenium_PageObjectTests2_BaseTest.PlaylistTest_A')
data.setCell(16, 3, 0);
data.setCell(17, 0, 17)
data.setCell(17, 1, 'loginTest_correctCredentials1A')
data.setCell(17, 2, 'lesson9_10_Selenium_PageObjectTests2_BaseTest.LoginTest_A')
data.setCell(17, 3, 0);
data.setCell(18, 0, 18)
data.setCell(18, 1, 'playlistTest_deletePlaylists_playlistDeleted')
data.setCell(18, 2, 'lesson9_10_Selenium_PageObjectTests2_BaseTest.PlaylistTest')
data.setCell(18, 3, 0);
data.setCell(19, 0, 19)
data.setCell(19, 1, 'playlistTest_deletePlaylists_playlistDeleted1')
data.setCell(19, 2, 'lesson9_10_Selenium_PageObjectTests2_BaseTest.PlaylistTest')
data.setCell(19, 3, 0);
data.setCell(20, 0, 20)
data.setCell(20, 1, 'loginTest_correctCredentials2')
data.setCell(20, 2, 'lesson9_10_Selenium_PageObjectTests2_BaseTest.LoginTest')
data.setCell(20, 3, 0);
data.setCell(21, 0, 21)
data.setCell(21, 1, 'songTest_addSongToFavorites_songAddedA')
data.setCell(21, 2, 'lesson9_10_Selenium_PageObjectTests2_BaseTest.PlaylistTest_A')
data.setCell(21, 3, 0);
data.setCell(22, 0, 22)
data.setCell(22, 1, 'loginTest_correctCredentialsA')
data.setCell(22, 2, 'lesson9_10_Selenium_PageObjectTests2_BaseTest.LoginTest_A')
data.setCell(22, 3, 0);
data.setCell(23, 0, 23)
data.setCell(23, 1, 'songTest_addSongToFavorites_songAdded1A')
data.setCell(23, 2, 'lesson9_10_Selenium_PageObjectTests2_BaseTest.PlaylistTest_A')
data.setCell(23, 3, 0);
window.suiteTableData['MasterSuite']= { tableData: data, tableDiv: 'times-div-MasterSuite'}
return data;
}
              </script>
              <span class="suite-total-time">Total running time: 0 ms</span>
              <div id="times-div-MasterSuite">
              </div> <!-- times-div-MasterSuite -->
            </div> <!-- times-div -->
          </div> <!-- main-panel-content rounded-window-bottom -->
        </div> <!-- panel -->
        <div panel-name="reporter-MasterSuite" class="panel">
          <div class="main-panel-header rounded-window-top">
            <span class="header-content">Reporter output for MasterSuite</span>
          </div> <!-- main-panel-header rounded-window-top -->
          <div class="main-panel-content rounded-window-bottom">
          </div> <!-- main-panel-content rounded-window-bottom -->
        </div> <!-- panel -->
        <div panel-name="ignored-methods-MasterSuite" class="panel">
          <div class="main-panel-header rounded-window-top">
            <span class="header-content">4 ignored methods</span>
          </div> <!-- main-panel-header rounded-window-top -->
          <div class="main-panel-content rounded-window-bottom">
            <div class="ignored-class-div">
              <span class="ignored-class-name">lesson9_10_Selenium_PageObjectTests2_BaseTest.PlaylistTest</span>
              <div class="ignored-methods-div">
                <span class="ignored-method-name">playlistTest_createPlayList_playlistCreated1</span>
                <br/>
              </div> <!-- ignored-methods-div -->
            </div> <!-- ignored-class-div -->
            <div class="ignored-class-div">
              <span class="ignored-class-name">lesson9_10_Selenium_PageObjectTests2_BaseTest.LoginTest</span>
              <div class="ignored-methods-div">
                <span class="ignored-method-name">loginTest_wrongCridentials</span>
                <br/>
                <span class="ignored-method-name">loginTest_correctCredentials</span>
                <br/>
              </div> <!-- ignored-methods-div -->
            </div> <!-- ignored-class-div -->
            <div class="ignored-class-div">
              <span class="ignored-class-name">lesson9_10_Selenium_PageObjectTests2_BaseTest.PlaylistTest_A</span>
              <div class="ignored-methods-div">
                <span class="ignored-method-name">playlistTest_createPlayList_playlistCreated1A</span>
                <br/>
              </div> <!-- ignored-methods-div -->
            </div> <!-- ignored-class-div -->
          </div> <!-- main-panel-content rounded-window-bottom -->
        </div> <!-- panel -->
        <div panel-name="chronological-MasterSuite" class="panel">
          <div class="main-panel-header rounded-window-top">
            <span class="header-content">Methods in chronological order</span>
          </div> <!-- main-panel-header rounded-window-top -->
          <div class="main-panel-content rounded-window-bottom">
            <div class="chronological-class">
              <div class="chronological-class-name">lesson9_10_Selenium_PageObjectTests2_BaseTest.PlaylistTest</div> <!-- chronological-class-name -->
              <div class="configuration-method before">
                <img src="failed.png">
                </img>
                <span class="method-name">startUp(koeluser06@testpro.io, te$t$tudent, te$t$tudent1)</span>
                <span class="method-start">0 ms</span>
              </div> <!-- configuration-method before -->
            </div> <!-- chronological-class -->
            <div class="chronological-class">
              <div class="chronological-class-name">lesson9_10_Selenium_PageObjectTests2_BaseTest.PlaylistTest_A</div> <!-- chronological-class-name -->
              <div class="configuration-method before">
                <img src="failed.png">
                </img>
                <span class="method-name">startUp(koeluser06@testpro.io, te$t$tudent, te$t$tudent1)</span>
                <span class="method-start">0 ms</span>
              </div> <!-- configuration-method before -->
            </div> <!-- chronological-class -->
            <div class="chronological-class">
              <div class="chronological-class-name">lesson9_10_Selenium_PageObjectTests2_BaseTest.LoginTest</div> <!-- chronological-class-name -->
              <div class="configuration-method before">
                <img src="failed.png">
                </img>
                <span class="method-name">startUp(koeluser06@testpro.io, te$t$tudent, te$t$tudent1)</span>
                <span class="method-start">0 ms</span>
              </div> <!-- configuration-method before -->
            </div> <!-- chronological-class -->
            <div class="chronological-class">
              <div class="chronological-class-name">lesson9_10_Selenium_PageObjectTests2_BaseTest.LoginTest_A</div> <!-- chronological-class-name -->
              <div class="configuration-method before">
                <img src="failed.png">
                </img>
                <span class="method-name">startUp(koeluser06@testpro.io, te$t$tudent, te$t$tudent1)</span>
                <span class="method-start">0 ms</span>
              </div> <!-- configuration-method before -->
              <div class="test-method">
                <span class="method-name">loginTest_correctCredentialsA</span>
                <span class="method-start">1227 ms</span>
              </div> <!-- test-method -->
            </div> <!-- chronological-class -->
            <div class="chronological-class">
              <div class="chronological-class-name">lesson9_10_Selenium_PageObjectTests2_BaseTest.PlaylistTest</div> <!-- chronological-class-name -->
              <div class="test-method">
                <span class="method-name">playlistTest_createPlayList_playlistCreated</span>
                <span class="method-start">1228 ms</span>
              </div> <!-- test-method -->
              <div class="configuration-method after">
                <span class="method-name">tearDown</span>
                <span class="method-start">1229 ms</span>
              </div> <!-- configuration-method after -->
              <div class="test-method">
                <span class="method-name">playlistTest_renamePlaylist_playlistRenamed</span>
                <span class="method-start">1230 ms</span>
              </div> <!-- test-method -->
              <div class="configuration-method before">
                <span class="method-name">startUp</span>
                <span class="method-start">1230 ms</span>
              </div> <!-- configuration-method before -->
              <div class="configuration-method after">
                <span class="method-name">tearDown</span>
                <span class="method-start">1231 ms</span>
              </div> <!-- configuration-method after -->
              <div class="configuration-method before">
                <span class="method-name">startUp</span>
                <span class="method-start">1232 ms</span>
              </div> <!-- configuration-method before -->
              <div class="test-method">
                <span class="method-name">playlistTest_deletePlaylists_playlistDeleted</span>
                <span class="method-start">1233 ms</span>
              </div> <!-- test-method -->
              <div class="configuration-method before">
                <span class="method-name">startUp</span>
                <span class="method-start">1234 ms</span>
              </div> <!-- configuration-method before -->
              <div class="configuration-method after">
                <span class="method-name">tearDown</span>
                <span class="method-start">1234 ms</span>
              </div> <!-- configuration-method after -->
              <div class="configuration-method after">
                <span class="method-name">tearDown</span>
                <span class="method-start">1235 ms</span>
              </div> <!-- configuration-method after -->
              <div class="test-method">
                <span class="method-name">songTest_addSongToFavorites_songAdded</span>
                <span class="method-start">1235 ms</span>
              </div> <!-- test-method -->
              <div class="configuration-method before">
                <span class="method-name">startUp</span>
                <span class="method-start">1236 ms</span>
              </div> <!-- configuration-method before -->
              <div class="test-method">
                <span class="method-name">playlistTest_renamePlaylist_playlistRenamed1</span>
                <span class="method-start">1237 ms</span>
              </div> <!-- test-method -->
            </div> <!-- chronological-class -->
            <div class="chronological-class">
              <div class="chronological-class-name">lesson9_10_Selenium_PageObjectTests2_BaseTest.LoginTest_A</div> <!-- chronological-class-name -->
              <div class="configuration-method after">
                <span class="method-name">tearDown</span>
                <span class="method-start">1239 ms</span>
              </div> <!-- configuration-method after -->
              <div class="configuration-method before">
                <span class="method-name">startUp</span>
                <span class="method-start">1239 ms</span>
              </div> <!-- configuration-method before -->
              <div class="test-method">
                <span class="method-name">loginTest_wrongCridentialsA</span>
                <span class="method-start">1240 ms</span>
              </div> <!-- test-method -->
              <div class="configuration-method after">
                <span class="method-name">tearDown</span>
                <span class="method-start">1241 ms</span>
              </div> <!-- configuration-method after -->
              <div class="configuration-method before">
                <span class="method-name">startUp</span>
                <span class="method-start">1242 ms</span>
              </div> <!-- configuration-method before -->
              <div class="test-method">
                <span class="method-name">loginTest_correctCredentials1A</span>
                <span class="method-start">1242 ms</span>
              </div> <!-- test-method -->
              <div class="configuration-method after">
                <span class="method-name">tearDown</span>
                <span class="method-start">1243 ms</span>
              </div> <!-- configuration-method after -->
              <div class="configuration-method before">
                <span class="method-name">startUp</span>
                <span class="method-start">1243 ms</span>
              </div> <!-- configuration-method before -->
              <div class="test-method">
                <span class="method-name">loginTest_wrongCridentials1A</span>
                <span class="method-start">1244 ms</span>
              </div> <!-- test-method -->
              <div class="test-method">
                <span class="method-name">loginTest_correctCredentials2A</span>
                <span class="method-start">1244 ms</span>
              </div> <!-- test-method -->
              <div class="configuration-method after">
                <span class="method-name">tearDown</span>
                <span class="method-start">1244 ms</span>
              </div> <!-- configuration-method after -->
              <div class="configuration-method before">
                <span class="method-name">startUp</span>
                <span class="method-start">1244 ms</span>
              </div> <!-- configuration-method before -->
              <div class="configuration-method before">
                <span class="method-name">startUp</span>
                <span class="method-start">1245 ms</span>
              </div> <!-- configuration-method before -->
              <div class="configuration-method after">
                <span class="method-name">tearDown</span>
                <span class="method-start">1245 ms</span>
              </div> <!-- configuration-method after -->
              <div class="test-method">
                <span class="method-name">loginTest_wrongCridentials2A</span>
                <span class="method-start">1246 ms</span>
              </div> <!-- test-method -->
              <div class="configuration-method after">
                <span class="method-name">tearDown</span>
                <span class="method-start">1246 ms</span>
              </div> <!-- configuration-method after -->
            </div> <!-- chronological-class -->
            <div class="chronological-class">
              <div class="chronological-class-name">lesson9_10_Selenium_PageObjectTests2_BaseTest.PlaylistTest</div> <!-- chronological-class-name -->
              <div class="configuration-method after">
                <span class="method-name">tearDown</span>
                <span class="method-start">1256 ms</span>
              </div> <!-- configuration-method after -->
              <div class="configuration-method before">
                <span class="method-name">startUp</span>
                <span class="method-start">1258 ms</span>
              </div> <!-- configuration-method before -->
              <div class="test-method">
                <span class="method-name">playlistTest_deletePlaylists_playlistDeleted1</span>
                <span class="method-start">1258 ms</span>
              </div> <!-- test-method -->
              <div class="configuration-method after">
                <span class="method-name">tearDown</span>
                <span class="method-start">1259 ms</span>
              </div> <!-- configuration-method after -->
              <div class="configuration-method before">
                <span class="method-name">startUp</span>
                <span class="method-start">1259 ms</span>
              </div> <!-- configuration-method before -->
              <div class="test-method">
                <span class="method-name">songTest_addSongToFavorites_songAdded1</span>
                <span class="method-start">1260 ms</span>
              </div> <!-- test-method -->
              <div class="configuration-method after">
                <span class="method-name">tearDown</span>
                <span class="method-start">1261 ms</span>
              </div> <!-- configuration-method after -->
            </div> <!-- chronological-class -->
            <div class="chronological-class">
              <div class="chronological-class-name">lesson9_10_Selenium_PageObjectTests2_BaseTest.LoginTest</div> <!-- chronological-class-name -->
              <div class="test-method">
                <span class="method-name">loginTest_correctCredentials1</span>
                <span class="method-start">1286 ms</span>
              </div> <!-- test-method -->
              <div class="configuration-method after">
                <span class="method-name">tearDown</span>
                <span class="method-start">1286 ms</span>
              </div> <!-- configuration-method after -->
              <div class="test-method">
                <span class="method-name">loginTest_wrongCridentials1</span>
                <span class="method-start">1287 ms</span>
              </div> <!-- test-method -->
              <div class="configuration-method after">
                <span class="method-name">tearDown</span>
                <span class="method-start">1287 ms</span>
              </div> <!-- configuration-method after -->
              <div class="configuration-method before">
                <span class="method-name">startUp</span>
                <span class="method-start">1287 ms</span>
              </div> <!-- configuration-method before -->
              <div class="configuration-method before">
                <span class="method-name">startUp</span>
                <span class="method-start">1288 ms</span>
              </div> <!-- configuration-method before -->
              <div class="configuration-method before">
                <span class="method-name">startUp</span>
                <span class="method-start">1288 ms</span>
              </div> <!-- configuration-method before -->
              <div class="configuration-method after">
                <span class="method-name">tearDown</span>
                <span class="method-start">1288 ms</span>
              </div> <!-- configuration-method after -->
              <div class="test-method">
                <span class="method-name">loginTest_correctCredentials2</span>
                <span class="method-start">1288 ms</span>
              </div> <!-- test-method -->
              <div class="test-method">
                <span class="method-name">loginTest_wrongCridentials2</span>
                <span class="method-start">1289 ms</span>
              </div> <!-- test-method -->
              <div class="configuration-method after">
                <span class="method-name">tearDown</span>
                <span class="method-start">1289 ms</span>
              </div> <!-- configuration-method after -->
            </div> <!-- chronological-class -->
            <div class="chronological-class">
              <div class="chronological-class-name">lesson9_10_Selenium_PageObjectTests2_BaseTest.PlaylistTest_A</div> <!-- chronological-class-name -->
              <div class="test-method">
                <span class="method-name">playlistTest_createPlayList_playlistCreatedA</span>
                <span class="method-start">1468 ms</span>
              </div> <!-- test-method -->
              <div class="configuration-method after">
                <span class="method-name">tearDown</span>
                <span class="method-start">1468 ms</span>
              </div> <!-- configuration-method after -->
              <div class="test-method">
                <span class="method-name">playlistTest_renamePlaylist_playlistRenamedA</span>
                <span class="method-start">1469 ms</span>
              </div> <!-- test-method -->
              <div class="configuration-method before">
                <span class="method-name">startUp</span>
                <span class="method-start">1469 ms</span>
              </div> <!-- configuration-method before -->
              <div class="configuration-method after">
                <span class="method-name">tearDown</span>
                <span class="method-start">1469 ms</span>
              </div> <!-- configuration-method after -->
              <div class="configuration-method after">
                <span class="method-name">tearDown</span>
                <span class="method-start">1470 ms</span>
              </div> <!-- configuration-method after -->
              <div class="test-method">
                <span class="method-name">playlistTest_deletePlaylists_playlistDeletedA</span>
                <span class="method-start">1470 ms</span>
              </div> <!-- test-method -->
              <div class="configuration-method before">
                <span class="method-name">startUp</span>
                <span class="method-start">1470 ms</span>
              </div> <!-- configuration-method before -->
              <div class="test-method">
                <span class="method-name">songTest_addSongToFavorites_songAddedA</span>
                <span class="method-start">1471 ms</span>
              </div> <!-- test-method -->
              <div class="configuration-method before">
                <span class="method-name">startUp</span>
                <span class="method-start">1471 ms</span>
              </div> <!-- configuration-method before -->
              <div class="configuration-method after">
                <span class="method-name">tearDown</span>
                <span class="method-start">1472 ms</span>
              </div> <!-- configuration-method after -->
              <div class="configuration-method before">
                <span class="method-name">startUp</span>
                <span class="method-start">1473 ms</span>
              </div> <!-- configuration-method before -->
              <div class="test-method">
                <span class="method-name">playlistTest_renamePlaylist_playlistRenamed1A</span>
                <span class="method-start">1473 ms</span>
              </div> <!-- test-method -->
              <div class="configuration-method after">
                <span class="method-name">tearDown</span>
                <span class="method-start">1474 ms</span>
              </div> <!-- configuration-method after -->
              <div class="configuration-method before">
                <span class="method-name">startUp</span>
                <span class="method-start">1474 ms</span>
              </div> <!-- configuration-method before -->
              <div class="test-method">
                <span class="method-name">playlistTest_deletePlaylists_playlistDeleted1A</span>
                <span class="method-start">1475 ms</span>
              </div> <!-- test-method -->
              <div class="configuration-method after">
                <span class="method-name">tearDown</span>
                <span class="method-start">1476 ms</span>
              </div> <!-- configuration-method after -->
              <div class="configuration-method before">
                <span class="method-name">startUp</span>
                <span class="method-start">1478 ms</span>
              </div> <!-- configuration-method before -->
              <div class="test-method">
                <span class="method-name">songTest_addSongToFavorites_songAdded1A</span>
                <span class="method-start">1478 ms</span>
              </div> <!-- test-method -->
              <div class="configuration-method after">
                <span class="method-name">tearDown</span>
                <span class="method-start">1479 ms</span>
              </div> <!-- configuration-method after -->
          </div> <!-- main-panel-content rounded-window-bottom -->
        </div> <!-- panel -->
      </div> <!-- main-panel-root -->
    </div> <!-- wrapper -->
  </body>
<script type="text/javascript" src="testng-reports2.js"></script>
</html>
