<?xml version="1.0" encoding="UTF-8"?>
<!-- Generated by org.testng.reporters.JUnitReportReporter -->
<testsuite hostname="MBP-Kamil" failures="0" tests="7" name="lesson9_10_Selenium_PageObjectTests2_BaseTest.LoginTest" time="1.284" errors="1" timestamp="2021-09-04T16:40:58 EDT" skipped="6">
  <testcase classname="lesson9_10_Selenium_PageObjectTests2_BaseTest.LoginTest" name="loginTest_wrongCridentials1" time="0.000">
    <skipped/>
  </testcase> <!-- loginTest_wrongCridentials1 -->
  <system-out/>
  <testcase classname="lesson9_10_Selenium_PageObjectTests2_BaseTest.LoginTest" name="loginTest_wrongCridentials2" time="0.000">
    <skipped/>
  </testcase> <!-- loginTest_wrongCridentials2 -->
  <system-out/>
  <testcase classname="lesson9_10_Selenium_PageObjectTests2_BaseTest.LoginTest" name="loginTest_correctCredentials1" time="0.000">
    <skipped/>
  </testcase> <!-- loginTest_correctCredentials1 -->
  <system-out/>
  <testcase classname="lesson9_10_Selenium_PageObjectTests2_BaseTest.LoginTest" name="loginTest_correctCredentials2" time="0.000">
    <skipped/>
  </testcase> <!-- loginTest_correctCredentials2 -->
  <system-out/>
  <testcase classname="lesson9_10_Selenium_PageObjectTests2_BaseTest.LoginTest" name="startUp" time="1.284">
    <error message="session not created: This version of ChromeDriver only supports Chrome version 91
Current browser version is 93.0.4577.63 with binary path /Applications/Google Chrome.app/Contents/MacOS/Google Chrome
Build info: version: &#039;3.141.59&#039;, revision: &#039;e82be7d358&#039;, time: &#039;2018-11-14T08:17:03&#039;
System info: host: &#039;MBP-Kamil&#039;, ip: &#039;fdcb:6e76:c610:1:8fc:ea78:43a0:41f8%en0&#039;, os.name: &#039;Mac OS X&#039;, os.arch: &#039;x86_64&#039;, os.version: &#039;10.16&#039;, java.version: &#039;14.0.2&#039;
Driver info: driver.version: ChromeDriver
remote stacktrace: 0   chromedriver                        0x000000010d22b649 chromedriver + 2741833
1   chromedriver                        0x000000010d8e1fb3 chromedriver + 9781171
2   chromedriver                        0x000000010cfb8308 chromedriver + 172808
3   chromedriver                        0x000000010cfddcc1 chromedriver + 326849
4   chromedriver                        0x000000010cfd9983 chromedriver + 309635
5   chromedriver                        0x000000010cfd6016 chromedriver + 294934
6   chromedriver                        0x000000010d00e4c0 chromedriver + 525504
7   chromedriver                        0x000000010d009363 chromedriver + 504675
8   chromedriver                        0x000000010cfdfef1 chromedriver + 335601
9   chromedriver                        0x000000010cfe1125 chromedriver + 340261
10  chromedriver                        0x000000010d1f275c chromedriver + 2508636
11  chromedriver                        0x000000010d205686 chromedriver + 2586246
12  chromedriver                        0x000000010d1d7b51 chromedriver + 2399057
13  chromedriver                        0x000000010d206a5f chromedriver + 2591327
14  chromedriver                        0x000000010d1e86ec chromedriver + 2467564
15  chromedriver                        0x000000010d2202d8 chromedriver + 2695896
16  chromedriver                        0x000000010d22046b chromedriver + 2696299
17  chromedriver                        0x000000010d230558 chromedriver + 2762072
18  libsystem_pthread.dylib             0x00007fff204128fc _pthread_start + 224
19  libsystem_pthread.dylib             0x00007fff2040e443 thread_start + 15
" type="org.openqa.selenium.SessionNotCreatedException">
      <![CDATA[org.openqa.selenium.SessionNotCreatedException: session not created: This version of ChromeDriver only supports Chrome version 91
Current browser version is 93.0.4577.63 with binary path /Applications/Google Chrome.app/Contents/MacOS/Google Chrome
Build info: version: '3.141.59', revision: 'e82be7d358', time: '2018-11-14T08:17:03'
System info: host: 'MBP-Kamil', ip: 'fdcb:6e76:c610:1:8fc:ea78:43a0:41f8%en0', os.name: 'Mac OS X', os.arch: 'x86_64', os.version: '10.16', java.version: '14.0.2'
Driver info: driver.version: ChromeDriver
remote stacktrace: 0   chromedriver                        0x000000010d22b649 chromedriver + 2741833
1   chromedriver                        0x000000010d8e1fb3 chromedriver + 9781171
2   chromedriver                        0x000000010cfb8308 chromedriver + 172808
3   chromedriver                        0x000000010cfddcc1 chromedriver + 326849
4   chromedriver                        0x000000010cfd9983 chromedriver + 309635
5   chromedriver                        0x000000010cfd6016 chromedriver + 294934
6   chromedriver                        0x000000010d00e4c0 chromedriver + 525504
7   chromedriver                        0x000000010d009363 chromedriver + 504675
8   chromedriver                        0x000000010cfdfef1 chromedriver + 335601
9   chromedriver                        0x000000010cfe1125 chromedriver + 340261
10  chromedriver                        0x000000010d1f275c chromedriver + 2508636
11  chromedriver                        0x000000010d205686 chromedriver + 2586246
12  chromedriver                        0x000000010d1d7b51 chromedriver + 2399057
13  chromedriver                        0x000000010d206a5f chromedriver + 2591327
14  chromedriver                        0x000000010d1e86ec chromedriver + 2467564
15  chromedriver                        0x000000010d2202d8 chromedriver + 2695896
16  chromedriver                        0x000000010d22046b chromedriver + 2696299
17  chromedriver                        0x000000010d230558 chromedriver + 2762072
18  libsystem_pthread.dylib             0x00007fff204128fc _pthread_start + 224
19  libsystem_pthread.dylib             0x00007fff2040e443 thread_start + 15

at java.base/jdk.internal.reflect.NativeConstructorAccessorImpl.newInstance0(Native Method)
at java.base/jdk.internal.reflect.NativeConstructorAccessorImpl.newInstance(NativeConstructorAccessorImpl.java:62)
at java.base/jdk.internal.reflect.DelegatingConstructorAccessorImpl.newInstance(DelegatingConstructorAccessorImpl.java:45)
at java.base/java.lang.reflect.Constructor.newInstanceWithCaller(Constructor.java:500)
at java.base/java.lang.reflect.Constructor.newInstance(Constructor.java:481)
at org.openqa.selenium.remote.W3CHandshakeResponse.lambda$errorHandler$0(W3CHandshakeResponse.java:62)
at org.openqa.selenium.remote.HandshakeResponse.lambda$getResponseFunction$0(HandshakeResponse.java:30)
at org.openqa.selenium.remote.ProtocolHandshake.lambda$createSession$0(ProtocolHandshake.java:126)
at java.base/java.util.stream.ReferencePipeline$3$1.accept(ReferencePipeline.java:195)
at java.base/java.util.Spliterators$ArraySpliterator.tryAdvance(Spliterators.java:958)
at java.base/java.util.stream.ReferencePipeline.forEachWithCancel(ReferencePipeline.java:127)
at java.base/java.util.stream.AbstractPipeline.copyIntoWithCancel(AbstractPipeline.java:502)
at java.base/java.util.stream.AbstractPipeline.copyInto(AbstractPipeline.java:488)
at java.base/java.util.stream.AbstractPipeline.wrapAndCopyInto(AbstractPipeline.java:474)
at java.base/java.util.stream.FindOps$FindOp.evaluateSequential(FindOps.java:150)
at java.base/java.util.stream.AbstractPipeline.evaluate(AbstractPipeline.java:234)
at java.base/java.util.stream.ReferencePipeline.findFirst(ReferencePipeline.java:543)
at org.openqa.selenium.remote.ProtocolHandshake.createSession(ProtocolHandshake.java:128)
at org.openqa.selenium.remote.ProtocolHandshake.createSession(ProtocolHandshake.java:74)
at org.openqa.selenium.remote.HttpCommandExecutor.execute(HttpCommandExecutor.java:136)
at org.openqa.selenium.remote.service.DriverCommandExecutor.execute(DriverCommandExecutor.java:83)
at org.openqa.selenium.remote.RemoteWebDriver.execute(RemoteWebDriver.java:552)
at org.openqa.selenium.remote.RemoteWebDriver.startSession(RemoteWebDriver.java:213)
at org.openqa.selenium.remote.RemoteWebDriver.<init>(RemoteWebDriver.java:131)
at org.openqa.selenium.chrome.ChromeDriver.<init>(ChromeDriver.java:181)
at org.openqa.selenium.chrome.ChromeDriver.<init>(ChromeDriver.java:168)
at org.openqa.selenium.chrome.ChromeDriver.<init>(ChromeDriver.java:157)
at lesson11_Selenium_BrowserFabric.enums.BrowserFabric.getChromeDriver(BrowserFabric.java:57)
at lesson11_Selenium_BrowserFabric.enums.BrowserFabric.getWebdriver(BrowserFabric.java:26)
at lesson9_10_Selenium_PageObjectTests2_BaseTest.BaseTest.startUp(BaseTest.java:35)
at java.base/jdk.internal.reflect.NativeMethodAccessorImpl.invoke0(Native Method)
at java.base/jdk.internal.reflect.NativeMethodAccessorImpl.invoke(NativeMethodAccessorImpl.java:62)
at java.base/jdk.internal.reflect.DelegatingMethodAccessorImpl.invoke(DelegatingMethodAccessorImpl.java:43)
at java.base/java.lang.reflect.Method.invoke(Method.java:564)
at org.testng.internal.MethodInvocationHelper.invokeMethod(MethodInvocationHelper.java:133)
at org.testng.internal.MethodInvocationHelper.invokeMethodConsideringTimeout(MethodInvocationHelper.java:62)
at org.testng.internal.ConfigInvoker.invokeConfigurationMethod(ConfigInvoker.java:385)
at org.testng.internal.ConfigInvoker.invokeConfigurations(ConfigInvoker.java:321)
at org.testng.internal.TestInvoker.runConfigMethods(TestInvoker.java:700)
at org.testng.internal.TestInvoker.invokeMethod(TestInvoker.java:527)
at org.testng.internal.TestInvoker.invokeTestMethod(TestInvoker.java:173)
at org.testng.internal.MethodRunner.runInSequence(MethodRunner.java:46)
at org.testng.internal.TestInvoker$MethodInvocationAgent.invoke(TestInvoker.java:824)
at org.testng.internal.TestInvoker.invokeTestMethods(TestInvoker.java:146)
at org.testng.internal.TestMethodWorker.invokeTestMethods(TestMethodWorker.java:146)
at org.testng.internal.TestMethodWorker.run(TestMethodWorker.java:128)
at java.base/java.util.concurrent.ThreadPoolExecutor.runWorker(ThreadPoolExecutor.java:1130)
at java.base/java.util.concurrent.ThreadPoolExecutor$Worker.run(ThreadPoolExecutor.java:630)
at java.base/java.lang.Thread.run(Thread.java:832)
]]>
    </error>
  </testcase> <!-- startUp -->
  <system-out/>
  <testcase classname="lesson9_10_Selenium_PageObjectTests2_BaseTest.LoginTest" name="loginTest_wrongCridentials">
    <skipped/>
  </testcase> <!-- loginTest_wrongCridentials -->
  <system-out/>
  <testcase classname="lesson9_10_Selenium_PageObjectTests2_BaseTest.LoginTest" name="loginTest_correctCredentials">
    <skipped/>
  </testcase> <!-- loginTest_correctCredentials -->
  <system-out/>
</testsuite> <!-- lesson9_10_Selenium_PageObjectTests2_BaseTest.LoginTest -->
