<?xml version="1.0" encoding="UTF-8"?>
<!-- Generated by org.testng.reporters.JUnitXMLReporter -->
<testsuite ignored="4" hostname="MBP-Kamil" failures="0" tests="24" name="AllTests" time="1.514" errors="0" timestamp="2021-09-04T16:40:58 EDT">
  <testcase classname="lesson9_10_Selenium_PageObjectTests2_BaseTest.BaseTest" name="@BeforeMethod startUp" time="1.217">
    <failure type="org.openqa.selenium.SessionNotCreatedException" message="session not created: This version of ChromeDriver only supports Chrome version 91
Current browser version is 93.0.4577.63 with binary path /Applications/Google Chrome.app/Contents/MacOS/Google Chrome
Build info: version: &amp;apos;3.141.59&amp;apos;, revision: &amp;apos;e82be7d358&amp;apos;, time: &amp;apos;2018-11-14T08:17:03&amp;apos;
System info: host: &amp;apos;MBP-Kamil&amp;apos;, ip: &amp;apos;fdcb:6e76:c610:1:8fc:ea78:43a0:41f8%en0&amp;apos;, os.name: &amp;apos;Mac OS X&amp;apos;, os.arch: &amp;apos;x86_64&amp;apos;, os.version: &amp;apos;10.16&amp;apos;, java.version: &amp;apos;14.0.2&amp;apos;
Driver info: driver.version: ChromeDriver
remote stacktrace: 0   chromedriver                        0x000000010be77649 chromedriver + 2741833
1   chromedriver                        0x000000010c52dfb3 chromedriver + 9781171
2   chromedriver                        0x000000010bc04308 chromedriver + 172808
3   chromedriver                        0x000000010bc29cc1 chromedriver + 326849
4   chromedriver                        0x000000010bc25983 chromedriver + 309635
5   chromedriver                        0x000000010bc22016 chromedriver + 294934
6   chromedriver                        0x000000010bc5a4c0 chromedriver + 525504
7   chromedriver                        0x000000010bc55363 chromedriver + 504675
8   chromedriver                        0x000000010bc2bef1 chromedriver + 335601
9   chromedriver                        0x000000010bc2d125 chromedriver + 340261
10  chromedriver                        0x000000010be3e75c chromedriver + 2508636
11  chromedriver                        0x000000010be51686 chromedriver + 2586246
12  chromedriver                        0x000000010be23b51 chromedriver + 2399057
13  chromedriver                        0x000000010be52a5f chromedriver + 2591327
14  chromedriver                        0x000000010be346ec chromedriver + 2467564
15  chromedriver                        0x000000010be6c2d8 chromedriver + 2695896
16  chromedriver                        0x000000010be6c46b chromedriver + 2696299
17  chromedriver                        0x000000010be7c558 chromedriver + 2762072
18  libsystem_pthread.dylib             0x00007fff204128fc _pthread_start + 224
19  libsystem_pthread.dylib             0x00007fff2040e443 thread_start + 15
">
      <![CDATA[org.openqa.selenium.SessionNotCreatedException: session not created: This version of ChromeDriver only supports Chrome version 91
Current browser version is 93.0.4577.63 with binary path /Applications/Google Chrome.app/Contents/MacOS/Google Chrome
Build info: version: '3.141.59', revision: 'e82be7d358', time: '2018-11-14T08:17:03'
System info: host: 'MBP-Kamil', ip: 'fdcb:6e76:c610:1:8fc:ea78:43a0:41f8%en0', os.name: 'Mac OS X', os.arch: 'x86_64', os.version: '10.16', java.version: '14.0.2'
Driver info: driver.version: ChromeDriver
remote stacktrace: 0   chromedriver                        0x000000010be77649 chromedriver + 2741833
1   chromedriver                        0x000000010c52dfb3 chromedriver + 9781171
2   chromedriver                        0x000000010bc04308 chromedriver + 172808
3   chromedriver                        0x000000010bc29cc1 chromedriver + 326849
4   chromedriver                        0x000000010bc25983 chromedriver + 309635
5   chromedriver                        0x000000010bc22016 chromedriver + 294934
6   chromedriver                        0x000000010bc5a4c0 chromedriver + 525504
7   chromedriver                        0x000000010bc55363 chromedriver + 504675
8   chromedriver                        0x000000010bc2bef1 chromedriver + 335601
9   chromedriver                        0x000000010bc2d125 chromedriver + 340261
10  chromedriver                        0x000000010be3e75c chromedriver + 2508636
11  chromedriver                        0x000000010be51686 chromedriver + 2586246
12  chromedriver                        0x000000010be23b51 chromedriver + 2399057
13  chromedriver                        0x000000010be52a5f chromedriver + 2591327
14  chromedriver                        0x000000010be346ec chromedriver + 2467564
15  chromedriver                        0x000000010be6c2d8 chromedriver + 2695896
16  chromedriver                        0x000000010be6c46b chromedriver + 2696299
17  chromedriver                        0x000000010be7c558 chromedriver + 2762072
18  libsystem_pthread.dylib             0x00007fff204128fc _pthread_start + 224
19  libsystem_pthread.dylib             0x00007fff2040e443 thread_start + 15

at org.openqa.selenium.remote.W3CHandshakeResponse.lambda$errorHandler$0(W3CHandshakeResponse.java:62)
at org.openqa.selenium.remote.HandshakeResponse.lambda$getResponseFunction$0(HandshakeResponse.java:30)
at org.openqa.selenium.remote.ProtocolHandshake.lambda$createSession$0(ProtocolHandshake.java:126)
at java.base/java.util.stream.ReferencePipeline$3$1.accept(ReferencePipeline.java:195)
at java.base/java.util.Spliterators$ArraySpliterator.tryAdvance(Spliterators.java:958)
at java.base/java.util.stream.ReferencePipeline.forEachWithCancel(ReferencePipeline.java:127)
at java.base/java.util.stream.AbstractPipeline.copyIntoWithCancel(AbstractPipeline.java:502)
at java.base/java.util.stream.AbstractPipeline.copyInto(AbstractPipeline.java:488)
at java.base/java.util.stream.AbstractPipeline.wrapAndCopyInto(AbstractPipeline.java:474)
at java.base/java.util.stream.FindOps$FindOp.evaluateSequential(FindOps.java:150)
at java.base/java.util.stream.AbstractPipeline.evaluate(AbstractPipeline.java:234)
at java.base/java.util.stream.ReferencePipeline.findFirst(ReferencePipeline.java:543)
at org.openqa.selenium.remote.ProtocolHandshake.createSession(ProtocolHandshake.java:128)
at org.openqa.selenium.remote.ProtocolHandshake.createSession(ProtocolHandshake.java:74)
at org.openqa.selenium.remote.HttpCommandExecutor.execute(HttpCommandExecutor.java:136)
at org.openqa.selenium.remote.service.DriverCommandExecutor.execute(DriverCommandExecutor.java:83)
at org.openqa.selenium.remote.RemoteWebDriver.execute(RemoteWebDriver.java:552)
at org.openqa.selenium.remote.RemoteWebDriver.startSession(RemoteWebDriver.java:213)
at org.openqa.selenium.remote.RemoteWebDriver.<init>(RemoteWebDriver.java:131)
at org.openqa.selenium.chrome.ChromeDriver.<init>(ChromeDriver.java:181)
at org.openqa.selenium.chrome.ChromeDriver.<init>(ChromeDriver.java:168)
at org.openqa.selenium.chrome.ChromeDriver.<init>(ChromeDriver.java:157)
at lesson11_Selenium_BrowserFabric.enums.BrowserFabric.getChromeDriver(BrowserFabric.java:57)
at lesson11_Selenium_BrowserFabric.enums.BrowserFabric.getWebdriver(BrowserFabric.java:26)
at lesson9_10_Selenium_PageObjectTests2_BaseTest.BaseTest.startUp(BaseTest.java:35)
at java.base/java.util.concurrent.ThreadPoolExecutor.runWorker(ThreadPoolExecutor.java:1130)
at java.base/java.util.concurrent.ThreadPoolExecutor$Worker.run(ThreadPoolExecutor.java:630)
at java.base/java.lang.Thread.run(Thread.java:832)
... Removed 21 stack frames]]>
    </failure>
  </testcase> <!-- @BeforeMethod startUp -->
  <testcase classname="lesson9_10_Selenium_PageObjectTests2_BaseTest.BaseTest" name="@BeforeMethod startUp" time="1.217">
    <failure type="org.openqa.selenium.SessionNotCreatedException" message="session not created: This version of ChromeDriver only supports Chrome version 91
Current browser version is 93.0.4577.63 with binary path /Applications/Google Chrome.app/Contents/MacOS/Google Chrome
Build info: version: &amp;apos;3.141.59&amp;apos;, revision: &amp;apos;e82be7d358&amp;apos;, time: &amp;apos;2018-11-14T08:17:03&amp;apos;
System info: host: &amp;apos;MBP-Kamil&amp;apos;, ip: &amp;apos;fdcb:6e76:c610:1:8fc:ea78:43a0:41f8%en0&amp;apos;, os.name: &amp;apos;Mac OS X&amp;apos;, os.arch: &amp;apos;x86_64&amp;apos;, os.version: &amp;apos;10.16&amp;apos;, java.version: &amp;apos;14.0.2&amp;apos;
Driver info: driver.version: ChromeDriver
remote stacktrace: 0   chromedriver                        0x00000001077fd649 chromedriver + 2741833
1   chromedriver                        0x0000000107eb3fb3 chromedriver + 9781171
2   chromedriver                        0x000000010758a308 chromedriver + 172808
3   chromedriver                        0x00000001075afcc1 chromedriver + 326849
4   chromedriver                        0x00000001075ab983 chromedriver + 309635
5   chromedriver                        0x00000001075a8016 chromedriver + 294934
6   chromedriver                        0x00000001075e04c0 chromedriver + 525504
7   chromedriver                        0x00000001075db363 chromedriver + 504675
8   chromedriver                        0x00000001075b1ef1 chromedriver + 335601
9   chromedriver                        0x00000001075b3125 chromedriver + 340261
10  chromedriver                        0x00000001077c475c chromedriver + 2508636
11  chromedriver                        0x00000001077d7686 chromedriver + 2586246
12  chromedriver                        0x00000001077a9b51 chromedriver + 2399057
13  chromedriver                        0x00000001077d8a5f chromedriver + 2591327
14  chromedriver                        0x00000001077ba6ec chromedriver + 2467564
15  chromedriver                        0x00000001077f22d8 chromedriver + 2695896
16  chromedriver                        0x00000001077f246b chromedriver + 2696299
17  chromedriver                        0x0000000107802558 chromedriver + 2762072
18  libsystem_pthread.dylib             0x00007fff204128fc _pthread_start + 224
19  libsystem_pthread.dylib             0x00007fff2040e443 thread_start + 15
">
      <![CDATA[org.openqa.selenium.SessionNotCreatedException: session not created: This version of ChromeDriver only supports Chrome version 91
Current browser version is 93.0.4577.63 with binary path /Applications/Google Chrome.app/Contents/MacOS/Google Chrome
Build info: version: '3.141.59', revision: 'e82be7d358', time: '2018-11-14T08:17:03'
System info: host: 'MBP-Kamil', ip: 'fdcb:6e76:c610:1:8fc:ea78:43a0:41f8%en0', os.name: 'Mac OS X', os.arch: 'x86_64', os.version: '10.16', java.version: '14.0.2'
Driver info: driver.version: ChromeDriver
remote stacktrace: 0   chromedriver                        0x00000001077fd649 chromedriver + 2741833
1   chromedriver                        0x0000000107eb3fb3 chromedriver + 9781171
2   chromedriver                        0x000000010758a308 chromedriver + 172808
3   chromedriver                        0x00000001075afcc1 chromedriver + 326849
4   chromedriver                        0x00000001075ab983 chromedriver + 309635
5   chromedriver                        0x00000001075a8016 chromedriver + 294934
6   chromedriver                        0x00000001075e04c0 chromedriver + 525504
7   chromedriver                        0x00000001075db363 chromedriver + 504675
8   chromedriver                        0x00000001075b1ef1 chromedriver + 335601
9   chromedriver                        0x00000001075b3125 chromedriver + 340261
10  chromedriver                        0x00000001077c475c chromedriver + 2508636
11  chromedriver                        0x00000001077d7686 chromedriver + 2586246
12  chromedriver                        0x00000001077a9b51 chromedriver + 2399057
13  chromedriver                        0x00000001077d8a5f chromedriver + 2591327
14  chromedriver                        0x00000001077ba6ec chromedriver + 2467564
15  chromedriver                        0x00000001077f22d8 chromedriver + 2695896
16  chromedriver                        0x00000001077f246b chromedriver + 2696299
17  chromedriver                        0x0000000107802558 chromedriver + 2762072
18  libsystem_pthread.dylib             0x00007fff204128fc _pthread_start + 224
19  libsystem_pthread.dylib             0x00007fff2040e443 thread_start + 15

at org.openqa.selenium.remote.W3CHandshakeResponse.lambda$errorHandler$0(W3CHandshakeResponse.java:62)
at org.openqa.selenium.remote.HandshakeResponse.lambda$getResponseFunction$0(HandshakeResponse.java:30)
at org.openqa.selenium.remote.ProtocolHandshake.lambda$createSession$0(ProtocolHandshake.java:126)
at java.base/java.util.stream.ReferencePipeline$3$1.accept(ReferencePipeline.java:195)
at java.base/java.util.Spliterators$ArraySpliterator.tryAdvance(Spliterators.java:958)
at java.base/java.util.stream.ReferencePipeline.forEachWithCancel(ReferencePipeline.java:127)
at java.base/java.util.stream.AbstractPipeline.copyIntoWithCancel(AbstractPipeline.java:502)
at java.base/java.util.stream.AbstractPipeline.copyInto(AbstractPipeline.java:488)
at java.base/java.util.stream.AbstractPipeline.wrapAndCopyInto(AbstractPipeline.java:474)
at java.base/java.util.stream.FindOps$FindOp.evaluateSequential(FindOps.java:150)
at java.base/java.util.stream.AbstractPipeline.evaluate(AbstractPipeline.java:234)
at java.base/java.util.stream.ReferencePipeline.findFirst(ReferencePipeline.java:543)
at org.openqa.selenium.remote.ProtocolHandshake.createSession(ProtocolHandshake.java:128)
at org.openqa.selenium.remote.ProtocolHandshake.createSession(ProtocolHandshake.java:74)
at org.openqa.selenium.remote.HttpCommandExecutor.execute(HttpCommandExecutor.java:136)
at org.openqa.selenium.remote.service.DriverCommandExecutor.execute(DriverCommandExecutor.java:83)
at org.openqa.selenium.remote.RemoteWebDriver.execute(RemoteWebDriver.java:552)
at org.openqa.selenium.remote.RemoteWebDriver.startSession(RemoteWebDriver.java:213)
at org.openqa.selenium.remote.RemoteWebDriver.<init>(RemoteWebDriver.java:131)
at org.openqa.selenium.chrome.ChromeDriver.<init>(ChromeDriver.java:181)
at org.openqa.selenium.chrome.ChromeDriver.<init>(ChromeDriver.java:168)
at org.openqa.selenium.chrome.ChromeDriver.<init>(ChromeDriver.java:157)
at lesson11_Selenium_BrowserFabric.enums.BrowserFabric.getChromeDriver(BrowserFabric.java:57)
at lesson11_Selenium_BrowserFabric.enums.BrowserFabric.getWebdriver(BrowserFabric.java:26)
at lesson9_10_Selenium_PageObjectTests2_BaseTest.BaseTest.startUp(BaseTest.java:35)
at java.base/java.util.concurrent.ThreadPoolExecutor.runWorker(ThreadPoolExecutor.java:1130)
at java.base/java.util.concurrent.ThreadPoolExecutor$Worker.run(ThreadPoolExecutor.java:630)
at java.base/java.lang.Thread.run(Thread.java:832)
... Removed 21 stack frames]]>
    </failure>
  </testcase> <!-- @BeforeMethod startUp -->
  <testcase classname="lesson9_10_Selenium_PageObjectTests2_BaseTest.BaseTest" name="@AfterMethod tearDown" time="-1.630788057967E9">
    <skipped/>
  </testcase> <!-- @AfterMethod tearDown -->
  <testcase classname="lesson9_10_Selenium_PageObjectTests2_BaseTest.BaseTest" name="@BeforeMethod startUp" time="-1.630788057968E9">
    <skipped/>
  </testcase> <!-- @BeforeMethod startUp -->
  <testcase classname="lesson9_10_Selenium_PageObjectTests2_BaseTest.BaseTest" name="@AfterMethod tearDown" time="-1.630788057969E9">
    <skipped/>
  </testcase> <!-- @AfterMethod tearDown -->
  <testcase classname="lesson9_10_Selenium_PageObjectTests2_BaseTest.BaseTest" name="@BeforeMethod startUp" time="-1.63078805797E9">
    <skipped/>
  </testcase> <!-- @BeforeMethod startUp -->
  <testcase classname="lesson9_10_Selenium_PageObjectTests2_BaseTest.BaseTest" name="@AfterMethod tearDown" time="-1.630788057972E9">
    <skipped/>
  </testcase> <!-- @AfterMethod tearDown -->
  <testcase classname="lesson9_10_Selenium_PageObjectTests2_BaseTest.BaseTest" name="@BeforeMethod startUp" time="-1.630788057972E9">
    <skipped/>
  </testcase> <!-- @BeforeMethod startUp -->
  <testcase classname="lesson9_10_Selenium_PageObjectTests2_BaseTest.BaseTest" name="@AfterMethod tearDown" time="-1.630788057973E9">
    <skipped/>
  </testcase> <!-- @AfterMethod tearDown -->
  <testcase classname="lesson9_10_Selenium_PageObjectTests2_BaseTest.BaseTest" name="@BeforeMethod startUp" time="-1.630788057974E9">
    <skipped/>
  </testcase> <!-- @BeforeMethod startUp -->
  <testcase classname="lesson9_10_Selenium_PageObjectTests2_BaseTest.BaseTest" name="@AfterMethod tearDown" time="-1.630788057977E9">
    <skipped/>
  </testcase> <!-- @AfterMethod tearDown -->
  <testcase classname="lesson9_10_Selenium_PageObjectTests2_BaseTest.BaseTest" name="@BeforeMethod startUp" time="-1.630788057977E9">
    <skipped/>
  </testcase> <!-- @BeforeMethod startUp -->
  <testcase classname="lesson9_10_Selenium_PageObjectTests2_BaseTest.BaseTest" name="@AfterMethod tearDown" time="-1.630788057979E9">
    <skipped/>
  </testcase> <!-- @AfterMethod tearDown -->
  <testcase classname="lesson9_10_Selenium_PageObjectTests2_BaseTest.BaseTest" name="@BeforeMethod startUp" time="-1.63078805798E9">
    <skipped/>
  </testcase> <!-- @BeforeMethod startUp -->
  <testcase classname="lesson9_10_Selenium_PageObjectTests2_BaseTest.BaseTest" name="@AfterMethod tearDown" time="-1.630788057981E9">
    <skipped/>
  </testcase> <!-- @AfterMethod tearDown -->
  <testcase classname="lesson9_10_Selenium_PageObjectTests2_BaseTest.BaseTest" name="@BeforeMethod startUp" time="-1.630788057981E9">
    <skipped/>
  </testcase> <!-- @BeforeMethod startUp -->
  <testcase classname="lesson9_10_Selenium_PageObjectTests2_BaseTest.BaseTest" name="@AfterMethod tearDown" time="-1.630788057982E9">
    <skipped/>
  </testcase> <!-- @AfterMethod tearDown -->
  <testcase classname="lesson9_10_Selenium_PageObjectTests2_BaseTest.BaseTest" name="@BeforeMethod startUp" time="-1.630788057982E9">
    <skipped/>
  </testcase> <!-- @BeforeMethod startUp -->
  <testcase classname="lesson9_10_Selenium_PageObjectTests2_BaseTest.BaseTest" name="@AfterMethod tearDown" time="-1.630788057983E9">
    <skipped/>
  </testcase> <!-- @AfterMethod tearDown -->
  <testcase classname="lesson9_10_Selenium_PageObjectTests2_BaseTest.BaseTest" name="@BeforeMethod startUp" time="-1.630788057983E9">
    <skipped/>
  </testcase> <!-- @BeforeMethod startUp -->
  <testcase classname="lesson9_10_Selenium_PageObjectTests2_BaseTest.BaseTest" name="@AfterMethod tearDown" time="-1.630788057984E9">
    <skipped/>
  </testcase> <!-- @AfterMethod tearDown -->
  <testcase classname="lesson9_10_Selenium_PageObjectTests2_BaseTest.BaseTest" name="@AfterMethod tearDown" time="-1.630788057994E9">
    <skipped/>
  </testcase> <!-- @AfterMethod tearDown -->
  <testcase classname="lesson9_10_Selenium_PageObjectTests2_BaseTest.BaseTest" name="@BeforeMethod startUp" time="-1.630788057996E9">
    <skipped/>
  </testcase> <!-- @BeforeMethod startUp -->
  <testcase classname="lesson9_10_Selenium_PageObjectTests2_BaseTest.BaseTest" name="@AfterMethod tearDown" time="-1.630788057997E9">
    <skipped/>
  </testcase> <!-- @AfterMethod tearDown -->
  <testcase classname="lesson9_10_Selenium_PageObjectTests2_BaseTest.BaseTest" name="@BeforeMethod startUp" time="-1.630788057997E9">
    <skipped/>
  </testcase> <!-- @BeforeMethod startUp -->
  <testcase classname="lesson9_10_Selenium_PageObjectTests2_BaseTest.BaseTest" name="@AfterMethod tearDown" time="-1.630788057999E9">
    <skipped/>
  </testcase> <!-- @AfterMethod tearDown -->
  <testcase classname="lesson9_10_Selenium_PageObjectTests2_BaseTest.BaseTest" name="@BeforeMethod startUp" time="1.284">
    <failure type="org.openqa.selenium.SessionNotCreatedException" message="session not created: This version of ChromeDriver only supports Chrome version 91
Current browser version is 93.0.4577.63 with binary path /Applications/Google Chrome.app/Contents/MacOS/Google Chrome
Build info: version: &amp;apos;3.141.59&amp;apos;, revision: &amp;apos;e82be7d358&amp;apos;, time: &amp;apos;2018-11-14T08:17:03&amp;apos;
System info: host: &amp;apos;MBP-Kamil&amp;apos;, ip: &amp;apos;fdcb:6e76:c610:1:8fc:ea78:43a0:41f8%en0&amp;apos;, os.name: &amp;apos;Mac OS X&amp;apos;, os.arch: &amp;apos;x86_64&amp;apos;, os.version: &amp;apos;10.16&amp;apos;, java.version: &amp;apos;14.0.2&amp;apos;
Driver info: driver.version: ChromeDriver
remote stacktrace: 0   chromedriver                        0x000000010d22b649 chromedriver + 2741833
1   chromedriver                        0x000000010d8e1fb3 chromedriver + 9781171
2   chromedriver                        0x000000010cfb8308 chromedriver + 172808
3   chromedriver                        0x000000010cfddcc1 chromedriver + 326849
4   chromedriver                        0x000000010cfd9983 chromedriver + 309635
5   chromedriver                        0x000000010cfd6016 chromedriver + 294934
6   chromedriver                        0x000000010d00e4c0 chromedriver + 525504
7   chromedriver                        0x000000010d009363 chromedriver + 504675
8   chromedriver                        0x000000010cfdfef1 chromedriver + 335601
9   chromedriver                        0x000000010cfe1125 chromedriver + 340261
10  chromedriver                        0x000000010d1f275c chromedriver + 2508636
11  chromedriver                        0x000000010d205686 chromedriver + 2586246
12  chromedriver                        0x000000010d1d7b51 chromedriver + 2399057
13  chromedriver                        0x000000010d206a5f chromedriver + 2591327
14  chromedriver                        0x000000010d1e86ec chromedriver + 2467564
15  chromedriver                        0x000000010d2202d8 chromedriver + 2695896
16  chromedriver                        0x000000010d22046b chromedriver + 2696299
17  chromedriver                        0x000000010d230558 chromedriver + 2762072
18  libsystem_pthread.dylib             0x00007fff204128fc _pthread_start + 224
19  libsystem_pthread.dylib             0x00007fff2040e443 thread_start + 15
">
      <![CDATA[org.openqa.selenium.SessionNotCreatedException: session not created: This version of ChromeDriver only supports Chrome version 91
Current browser version is 93.0.4577.63 with binary path /Applications/Google Chrome.app/Contents/MacOS/Google Chrome
Build info: version: '3.141.59', revision: 'e82be7d358', time: '2018-11-14T08:17:03'
System info: host: 'MBP-Kamil', ip: 'fdcb:6e76:c610:1:8fc:ea78:43a0:41f8%en0', os.name: 'Mac OS X', os.arch: 'x86_64', os.version: '10.16', java.version: '14.0.2'
Driver info: driver.version: ChromeDriver
remote stacktrace: 0   chromedriver                        0x000000010d22b649 chromedriver + 2741833
1   chromedriver                        0x000000010d8e1fb3 chromedriver + 9781171
2   chromedriver                        0x000000010cfb8308 chromedriver + 172808
3   chromedriver                        0x000000010cfddcc1 chromedriver + 326849
4   chromedriver                        0x000000010cfd9983 chromedriver + 309635
5   chromedriver                        0x000000010cfd6016 chromedriver + 294934
6   chromedriver                        0x000000010d00e4c0 chromedriver + 525504
7   chromedriver                        0x000000010d009363 chromedriver + 504675
8   chromedriver                        0x000000010cfdfef1 chromedriver + 335601
9   chromedriver                        0x000000010cfe1125 chromedriver + 340261
10  chromedriver                        0x000000010d1f275c chromedriver + 2508636
11  chromedriver                        0x000000010d205686 chromedriver + 2586246
12  chromedriver                        0x000000010d1d7b51 chromedriver + 2399057
13  chromedriver                        0x000000010d206a5f chromedriver + 2591327
14  chromedriver                        0x000000010d1e86ec chromedriver + 2467564
15  chromedriver                        0x000000010d2202d8 chromedriver + 2695896
16  chromedriver                        0x000000010d22046b chromedriver + 2696299
17  chromedriver                        0x000000010d230558 chromedriver + 2762072
18  libsystem_pthread.dylib             0x00007fff204128fc _pthread_start + 224
19  libsystem_pthread.dylib             0x00007fff2040e443 thread_start + 15

at org.openqa.selenium.remote.W3CHandshakeResponse.lambda$errorHandler$0(W3CHandshakeResponse.java:62)
at org.openqa.selenium.remote.HandshakeResponse.lambda$getResponseFunction$0(HandshakeResponse.java:30)
at org.openqa.selenium.remote.ProtocolHandshake.lambda$createSession$0(ProtocolHandshake.java:126)
at java.base/java.util.stream.ReferencePipeline$3$1.accept(ReferencePipeline.java:195)
at java.base/java.util.Spliterators$ArraySpliterator.tryAdvance(Spliterators.java:958)
at java.base/java.util.stream.ReferencePipeline.forEachWithCancel(ReferencePipeline.java:127)
at java.base/java.util.stream.AbstractPipeline.copyIntoWithCancel(AbstractPipeline.java:502)
at java.base/java.util.stream.AbstractPipeline.copyInto(AbstractPipeline.java:488)
at java.base/java.util.stream.AbstractPipeline.wrapAndCopyInto(AbstractPipeline.java:474)
at java.base/java.util.stream.FindOps$FindOp.evaluateSequential(FindOps.java:150)
at java.base/java.util.stream.AbstractPipeline.evaluate(AbstractPipeline.java:234)
at java.base/java.util.stream.ReferencePipeline.findFirst(ReferencePipeline.java:543)
at org.openqa.selenium.remote.ProtocolHandshake.createSession(ProtocolHandshake.java:128)
at org.openqa.selenium.remote.ProtocolHandshake.createSession(ProtocolHandshake.java:74)
at org.openqa.selenium.remote.HttpCommandExecutor.execute(HttpCommandExecutor.java:136)
at org.openqa.selenium.remote.service.DriverCommandExecutor.execute(DriverCommandExecutor.java:83)
at org.openqa.selenium.remote.RemoteWebDriver.execute(RemoteWebDriver.java:552)
at org.openqa.selenium.remote.RemoteWebDriver.startSession(RemoteWebDriver.java:213)
at org.openqa.selenium.remote.RemoteWebDriver.<init>(RemoteWebDriver.java:131)
at org.openqa.selenium.chrome.ChromeDriver.<init>(ChromeDriver.java:181)
at org.openqa.selenium.chrome.ChromeDriver.<init>(ChromeDriver.java:168)
at org.openqa.selenium.chrome.ChromeDriver.<init>(ChromeDriver.java:157)
at lesson11_Selenium_BrowserFabric.enums.BrowserFabric.getChromeDriver(BrowserFabric.java:57)
at lesson11_Selenium_BrowserFabric.enums.BrowserFabric.getWebdriver(BrowserFabric.java:26)
at lesson9_10_Selenium_PageObjectTests2_BaseTest.BaseTest.startUp(BaseTest.java:35)
at java.base/java.util.concurrent.ThreadPoolExecutor.runWorker(ThreadPoolExecutor.java:1130)
at java.base/java.util.concurrent.ThreadPoolExecutor$Worker.run(ThreadPoolExecutor.java:630)
at java.base/java.lang.Thread.run(Thread.java:832)
... Removed 21 stack frames]]>
    </failure>
  </testcase> <!-- @BeforeMethod startUp -->
  <testcase classname="lesson9_10_Selenium_PageObjectTests2_BaseTest.BaseTest" name="@AfterMethod tearDown" time="-1.630788058024E9">
    <skipped/>
  </testcase> <!-- @AfterMethod tearDown -->
  <testcase classname="lesson9_10_Selenium_PageObjectTests2_BaseTest.BaseTest" name="@BeforeMethod startUp" time="-1.630788058025E9">
    <skipped/>
  </testcase> <!-- @BeforeMethod startUp -->
  <testcase classname="lesson9_10_Selenium_PageObjectTests2_BaseTest.BaseTest" name="@AfterMethod tearDown" time="-1.630788058025E9">
    <skipped/>
  </testcase> <!-- @AfterMethod tearDown -->
  <testcase classname="lesson9_10_Selenium_PageObjectTests2_BaseTest.BaseTest" name="@BeforeMethod startUp" time="-1.630788058026E9">
    <skipped/>
  </testcase> <!-- @BeforeMethod startUp -->
  <testcase classname="lesson9_10_Selenium_PageObjectTests2_BaseTest.BaseTest" name="@AfterMethod tearDown" time="-1.630788058026E9">
    <skipped/>
  </testcase> <!-- @AfterMethod tearDown -->
  <testcase classname="lesson9_10_Selenium_PageObjectTests2_BaseTest.BaseTest" name="@BeforeMethod startUp" time="-1.630788058026E9">
    <skipped/>
  </testcase> <!-- @BeforeMethod startUp -->
  <testcase classname="lesson9_10_Selenium_PageObjectTests2_BaseTest.BaseTest" name="@AfterMethod tearDown" time="-1.630788058027E9">
    <skipped/>
  </testcase> <!-- @AfterMethod tearDown -->
  <testcase classname="lesson9_10_Selenium_PageObjectTests2_BaseTest.BaseTest" name="@BeforeMethod startUp" time="1.466">
    <failure type="org.openqa.selenium.SessionNotCreatedException" message="session not created: This version of ChromeDriver only supports Chrome version 91
Current browser version is 93.0.4577.63 with binary path /Applications/Google Chrome.app/Contents/MacOS/Google Chrome
Build info: version: &amp;apos;3.141.59&amp;apos;, revision: &amp;apos;e82be7d358&amp;apos;, time: &amp;apos;2018-11-14T08:17:03&amp;apos;
System info: host: &amp;apos;MBP-Kamil&amp;apos;, ip: &amp;apos;fdcb:6e76:c610:1:8fc:ea78:43a0:41f8%en0&amp;apos;, os.name: &amp;apos;Mac OS X&amp;apos;, os.arch: &amp;apos;x86_64&amp;apos;, os.version: &amp;apos;10.16&amp;apos;, java.version: &amp;apos;14.0.2&amp;apos;
Driver info: driver.version: ChromeDriver
remote stacktrace: 0   chromedriver                        0x000000010b856649 chromedriver + 2741833
1   chromedriver                        0x000000010bf0cfb3 chromedriver + 9781171
2   chromedriver                        0x000000010b5e3308 chromedriver + 172808
3   chromedriver                        0x000000010b608cc1 chromedriver + 326849
4   chromedriver                        0x000000010b604983 chromedriver + 309635
5   chromedriver                        0x000000010b601016 chromedriver + 294934
6   chromedriver                        0x000000010b6394c0 chromedriver + 525504
7   chromedriver                        0x000000010b634363 chromedriver + 504675
8   chromedriver                        0x000000010b60aef1 chromedriver + 335601
9   chromedriver                        0x000000010b60c125 chromedriver + 340261
10  chromedriver                        0x000000010b81d75c chromedriver + 2508636
11  chromedriver                        0x000000010b830686 chromedriver + 2586246
12  chromedriver                        0x000000010b802b51 chromedriver + 2399057
13  chromedriver                        0x000000010b831a5f chromedriver + 2591327
14  chromedriver                        0x000000010b8136ec chromedriver + 2467564
15  chromedriver                        0x000000010b84b2d8 chromedriver + 2695896
16  chromedriver                        0x000000010b84b46b chromedriver + 2696299
17  chromedriver                        0x000000010b85b558 chromedriver + 2762072
18  libsystem_pthread.dylib             0x00007fff204128fc _pthread_start + 224
19  libsystem_pthread.dylib             0x00007fff2040e443 thread_start + 15
">
      <![CDATA[org.openqa.selenium.SessionNotCreatedException: session not created: This version of ChromeDriver only supports Chrome version 91
Current browser version is 93.0.4577.63 with binary path /Applications/Google Chrome.app/Contents/MacOS/Google Chrome
Build info: version: '3.141.59', revision: 'e82be7d358', time: '2018-11-14T08:17:03'
System info: host: 'MBP-Kamil', ip: 'fdcb:6e76:c610:1:8fc:ea78:43a0:41f8%en0', os.name: 'Mac OS X', os.arch: 'x86_64', os.version: '10.16', java.version: '14.0.2'
Driver info: driver.version: ChromeDriver
remote stacktrace: 0   chromedriver                        0x000000010b856649 chromedriver + 2741833
1   chromedriver                        0x000000010bf0cfb3 chromedriver + 9781171
2   chromedriver                        0x000000010b5e3308 chromedriver + 172808
3   chromedriver                        0x000000010b608cc1 chromedriver + 326849
4   chromedriver                        0x000000010b604983 chromedriver + 309635
5   chromedriver                        0x000000010b601016 chromedriver + 294934
6   chromedriver                        0x000000010b6394c0 chromedriver + 525504
7   chromedriver                        0x000000010b634363 chromedriver + 504675
8   chromedriver                        0x000000010b60aef1 chromedriver + 335601
9   chromedriver                        0x000000010b60c125 chromedriver + 340261
10  chromedriver                        0x000000010b81d75c chromedriver + 2508636
11  chromedriver                        0x000000010b830686 chromedriver + 2586246
12  chromedriver                        0x000000010b802b51 chromedriver + 2399057
13  chromedriver                        0x000000010b831a5f chromedriver + 2591327
14  chromedriver                        0x000000010b8136ec chromedriver + 2467564
15  chromedriver                        0x000000010b84b2d8 chromedriver + 2695896
16  chromedriver                        0x000000010b84b46b chromedriver + 2696299
17  chromedriver                        0x000000010b85b558 chromedriver + 2762072
18  libsystem_pthread.dylib             0x00007fff204128fc _pthread_start + 224
19  libsystem_pthread.dylib             0x00007fff2040e443 thread_start + 15

at org.openqa.selenium.remote.W3CHandshakeResponse.lambda$errorHandler$0(W3CHandshakeResponse.java:62)
at org.openqa.selenium.remote.HandshakeResponse.lambda$getResponseFunction$0(HandshakeResponse.java:30)
at org.openqa.selenium.remote.ProtocolHandshake.lambda$createSession$0(ProtocolHandshake.java:126)
at java.base/java.util.stream.ReferencePipeline$3$1.accept(ReferencePipeline.java:195)
at java.base/java.util.Spliterators$ArraySpliterator.tryAdvance(Spliterators.java:958)
at java.base/java.util.stream.ReferencePipeline.forEachWithCancel(ReferencePipeline.java:127)
at java.base/java.util.stream.AbstractPipeline.copyIntoWithCancel(AbstractPipeline.java:502)
at java.base/java.util.stream.AbstractPipeline.copyInto(AbstractPipeline.java:488)
at java.base/java.util.stream.AbstractPipeline.wrapAndCopyInto(AbstractPipeline.java:474)
at java.base/java.util.stream.FindOps$FindOp.evaluateSequential(FindOps.java:150)
at java.base/java.util.stream.AbstractPipeline.evaluate(AbstractPipeline.java:234)
at java.base/java.util.stream.ReferencePipeline.findFirst(ReferencePipeline.java:543)
at org.openqa.selenium.remote.ProtocolHandshake.createSession(ProtocolHandshake.java:128)
at org.openqa.selenium.remote.ProtocolHandshake.createSession(ProtocolHandshake.java:74)
at org.openqa.selenium.remote.HttpCommandExecutor.execute(HttpCommandExecutor.java:136)
at org.openqa.selenium.remote.service.DriverCommandExecutor.execute(DriverCommandExecutor.java:83)
at org.openqa.selenium.remote.RemoteWebDriver.execute(RemoteWebDriver.java:552)
at org.openqa.selenium.remote.RemoteWebDriver.startSession(RemoteWebDriver.java:213)
at org.openqa.selenium.remote.RemoteWebDriver.<init>(RemoteWebDriver.java:131)
at org.openqa.selenium.chrome.ChromeDriver.<init>(ChromeDriver.java:181)
at org.openqa.selenium.chrome.ChromeDriver.<init>(ChromeDriver.java:168)
at org.openqa.selenium.chrome.ChromeDriver.<init>(ChromeDriver.java:157)
at lesson11_Selenium_BrowserFabric.enums.BrowserFabric.getChromeDriver(BrowserFabric.java:57)
at lesson11_Selenium_BrowserFabric.enums.BrowserFabric.getWebdriver(BrowserFabric.java:26)
at lesson9_10_Selenium_PageObjectTests2_BaseTest.BaseTest.startUp(BaseTest.java:35)
at java.base/java.util.concurrent.ThreadPoolExecutor.runWorker(ThreadPoolExecutor.java:1130)
at java.base/java.util.concurrent.ThreadPoolExecutor$Worker.run(ThreadPoolExecutor.java:630)
at java.base/java.lang.Thread.run(Thread.java:832)
... Removed 21 stack frames]]>
    </failure>
  </testcase> <!-- @BeforeMethod startUp -->
  <testcase classname="lesson9_10_Selenium_PageObjectTests2_BaseTest.BaseTest" name="@AfterMethod tearDown" time="-1.630788058206E9">
    <skipped/>
  </testcase> <!-- @AfterMethod tearDown -->
  <testcase classname="lesson9_10_Selenium_PageObjectTests2_BaseTest.BaseTest" name="@BeforeMethod startUp" time="-1.630788058207E9">
    <skipped/>
  </testcase> <!-- @BeforeMethod startUp -->
  <testcase classname="lesson9_10_Selenium_PageObjectTests2_BaseTest.BaseTest" name="@AfterMethod tearDown" time="-1.630788058207E9">
    <skipped/>
  </testcase> <!-- @AfterMethod tearDown -->
  <testcase classname="lesson9_10_Selenium_PageObjectTests2_BaseTest.BaseTest" name="@BeforeMethod startUp" time="-1.630788058208E9">
    <skipped/>
  </testcase> <!-- @BeforeMethod startUp -->
  <testcase classname="lesson9_10_Selenium_PageObjectTests2_BaseTest.BaseTest" name="@AfterMethod tearDown" time="-1.630788058208E9">
    <skipped/>
  </testcase> <!-- @AfterMethod tearDown -->
  <testcase classname="lesson9_10_Selenium_PageObjectTests2_BaseTest.BaseTest" name="@BeforeMethod startUp" time="-1.630788058209E9">
    <skipped/>
  </testcase> <!-- @BeforeMethod startUp -->
  <testcase classname="lesson9_10_Selenium_PageObjectTests2_BaseTest.BaseTest" name="@AfterMethod tearDown" time="-1.63078805821E9">
    <skipped/>
  </testcase> <!-- @AfterMethod tearDown -->
  <testcase classname="lesson9_10_Selenium_PageObjectTests2_BaseTest.BaseTest" name="@BeforeMethod startUp" time="-1.630788058211E9">
    <skipped/>
  </testcase> <!-- @BeforeMethod startUp -->
  <testcase classname="lesson9_10_Selenium_PageObjectTests2_BaseTest.BaseTest" name="@AfterMethod tearDown" time="-1.630788058212E9">
    <skipped/>
  </testcase> <!-- @AfterMethod tearDown -->
  <testcase classname="lesson9_10_Selenium_PageObjectTests2_BaseTest.BaseTest" name="@BeforeMethod startUp" time="-1.630788058212E9">
    <skipped/>
  </testcase> <!-- @BeforeMethod startUp -->
  <testcase classname="lesson9_10_Selenium_PageObjectTests2_BaseTest.BaseTest" name="@AfterMethod tearDown" time="-1.630788058214E9">
    <skipped/>
  </testcase> <!-- @AfterMethod tearDown -->
  <testcase classname="lesson9_10_Selenium_PageObjectTests2_BaseTest.BaseTest" name="@BeforeMethod startUp" time="-1.630788058216E9">
    <skipped/>
  </testcase> <!-- @BeforeMethod startUp -->
  <testcase classname="lesson9_10_Selenium_PageObjectTests2_BaseTest.BaseTest" name="@AfterMethod tearDown" time="-1.630788058217E9">
    <skipped/>
  </testcase> <!-- @AfterMethod tearDown -->
  <testcase classname="lesson9_10_Selenium_PageObjectTests2_BaseTest.PlaylistTest" name="playlistTest_createPlayList_playlistCreated" time="0.0">
    <skipped/>
  </testcase> <!-- playlistTest_createPlayList_playlistCreated -->
  <testcase classname="lesson9_10_Selenium_PageObjectTests2_BaseTest.PlaylistTest" name="playlistTest_renamePlaylist_playlistRenamed" time="0.0">
    <skipped/>
  </testcase> <!-- playlistTest_renamePlaylist_playlistRenamed -->
  <testcase classname="lesson9_10_Selenium_PageObjectTests2_BaseTest.PlaylistTest" name="playlistTest_deletePlaylists_playlistDeleted" time="0.0">
    <skipped/>
  </testcase> <!-- playlistTest_deletePlaylists_playlistDeleted -->
  <testcase classname="lesson9_10_Selenium_PageObjectTests2_BaseTest.PlaylistTest" name="songTest_addSongToFavorites_songAdded" time="0.0">
    <skipped/>
  </testcase> <!-- songTest_addSongToFavorites_songAdded -->
  <testcase classname="lesson9_10_Selenium_PageObjectTests2_BaseTest.PlaylistTest" name="playlistTest_renamePlaylist_playlistRenamed1" time="0.0">
    <skipped/>
  </testcase> <!-- playlistTest_renamePlaylist_playlistRenamed1 -->
  <testcase classname="lesson9_10_Selenium_PageObjectTests2_BaseTest.LoginTest_A" name="loginTest_correctCredentialsA" time="0.0">
    <skipped/>
  </testcase> <!-- loginTest_correctCredentialsA -->
  <testcase classname="lesson9_10_Selenium_PageObjectTests2_BaseTest.LoginTest_A" name="loginTest_wrongCridentialsA" time="0.0">
    <skipped/>
  </testcase> <!-- loginTest_wrongCridentialsA -->
  <testcase classname="lesson9_10_Selenium_PageObjectTests2_BaseTest.LoginTest_A" name="loginTest_correctCredentials1A" time="0.0">
    <skipped/>
  </testcase> <!-- loginTest_correctCredentials1A -->
  <testcase classname="lesson9_10_Selenium_PageObjectTests2_BaseTest.LoginTest_A" name="loginTest_wrongCridentials1A" time="0.0">
    <skipped/>
  </testcase> <!-- loginTest_wrongCridentials1A -->
  <testcase classname="lesson9_10_Selenium_PageObjectTests2_BaseTest.LoginTest_A" name="loginTest_correctCredentials2A" time="0.0">
    <skipped/>
  </testcase> <!-- loginTest_correctCredentials2A -->
  <testcase classname="lesson9_10_Selenium_PageObjectTests2_BaseTest.LoginTest_A" name="loginTest_wrongCridentials2A" time="0.0">
    <skipped/>
  </testcase> <!-- loginTest_wrongCridentials2A -->
  <testcase classname="lesson9_10_Selenium_PageObjectTests2_BaseTest.PlaylistTest" name="playlistTest_deletePlaylists_playlistDeleted1" time="0.0">
    <skipped/>
  </testcase> <!-- playlistTest_deletePlaylists_playlistDeleted1 -->
  <testcase classname="lesson9_10_Selenium_PageObjectTests2_BaseTest.PlaylistTest" name="songTest_addSongToFavorites_songAdded1" time="0.0">
    <skipped/>
  </testcase> <!-- songTest_addSongToFavorites_songAdded1 -->
  <testcase classname="lesson9_10_Selenium_PageObjectTests2_BaseTest.LoginTest" name="loginTest_correctCredentials1" time="0.0">
    <skipped/>
  </testcase> <!-- loginTest_correctCredentials1 -->
  <testcase classname="lesson9_10_Selenium_PageObjectTests2_BaseTest.LoginTest" name="loginTest_wrongCridentials1" time="0.0">
    <skipped/>
  </testcase> <!-- loginTest_wrongCridentials1 -->
  <testcase classname="lesson9_10_Selenium_PageObjectTests2_BaseTest.LoginTest" name="loginTest_correctCredentials2" time="0.0">
    <skipped/>
  </testcase> <!-- loginTest_correctCredentials2 -->
  <testcase classname="lesson9_10_Selenium_PageObjectTests2_BaseTest.LoginTest" name="loginTest_wrongCridentials2" time="0.0">
    <skipped/>
  </testcase> <!-- loginTest_wrongCridentials2 -->
  <testcase classname="lesson9_10_Selenium_PageObjectTests2_BaseTest.PlaylistTest_A" name="playlistTest_createPlayList_playlistCreatedA" time="0.0">
    <skipped/>
  </testcase> <!-- playlistTest_createPlayList_playlistCreatedA -->
  <testcase classname="lesson9_10_Selenium_PageObjectTests2_BaseTest.PlaylistTest_A" name="playlistTest_renamePlaylist_playlistRenamedA" time="0.0">
    <skipped/>
  </testcase> <!-- playlistTest_renamePlaylist_playlistRenamedA -->
  <testcase classname="lesson9_10_Selenium_PageObjectTests2_BaseTest.PlaylistTest_A" name="playlistTest_deletePlaylists_playlistDeletedA" time="0.0">
    <skipped/>
  </testcase> <!-- playlistTest_deletePlaylists_playlistDeletedA -->
  <testcase classname="lesson9_10_Selenium_PageObjectTests2_BaseTest.PlaylistTest_A" name="songTest_addSongToFavorites_songAddedA" time="0.0">
    <skipped/>
  </testcase> <!-- songTest_addSongToFavorites_songAddedA -->
  <testcase classname="lesson9_10_Selenium_PageObjectTests2_BaseTest.PlaylistTest_A" name="playlistTest_renamePlaylist_playlistRenamed1A" time="0.0">
    <skipped/>
  </testcase> <!-- playlistTest_renamePlaylist_playlistRenamed1A -->
  <testcase classname="lesson9_10_Selenium_PageObjectTests2_BaseTest.PlaylistTest_A" name="playlistTest_deletePlaylists_playlistDeleted1A" time="0.0">
    <skipped/>
  </testcase> <!-- playlistTest_deletePlaylists_playlistDeleted1A -->
  <testcase classname="lesson9_10_Selenium_PageObjectTests2_BaseTest.PlaylistTest_A" name="songTest_addSongToFavorites_songAdded1A" time="0.0">
    <skipped/>
  </testcase> <!-- songTest_addSongToFavorites_songAdded1A -->
  <testcase classname="lesson9_10_Selenium_PageObjectTests2_BaseTest.PlaylistTest_A" name="playlistTest_createPlayList_playlistCreated1A" time="0.0">
    <ignored/>
  </testcase> <!-- playlistTest_createPlayList_playlistCreated1A -->
  <testcase classname="lesson9_10_Selenium_PageObjectTests2_BaseTest.PlaylistTest" name="playlistTest_createPlayList_playlistCreated1" time="0.0">
    <ignored/>
  </testcase> <!-- playlistTest_createPlayList_playlistCreated1 -->
  <testcase classname="lesson9_10_Selenium_PageObjectTests2_BaseTest.LoginTest" name="loginTest_wrongCridentials" time="0.0">
    <ignored/>
  </testcase> <!-- loginTest_wrongCridentials -->
  <testcase classname="lesson9_10_Selenium_PageObjectTests2_BaseTest.LoginTest" name="loginTest_correctCredentials" time="0.0">
    <ignored/>
  </testcase> <!-- loginTest_correctCredentials -->
</testsuite> <!-- AllTests -->
